#-----------------------------------------------------------
# Vivado v2017.1 (64-bit)
# SW Build 1846317 on Fri Apr 14 18:55:03 MDT 2017
# IP Build 1846188 on Fri Apr 14 20:52:08 MDT 2017
# Start of session at: Wed Aug 16 16:08:49 2017
# Process ID: 6896
# Current directory: C:/Users/lenovo/Desktop/myproject/myproject
# Command line: vivado.exe -gui_launcher_event rodinguilauncherevent22576 C:\Users\lenovo\Desktop\myproject\myproject\myproject.xpr
# Log file: C:/Users/lenovo/Desktop/myproject/myproject/vivado.log
# Journal file: C:/Users/lenovo/Desktop/myproject/myproject\vivado.jou
#-----------------------------------------------------------
start_gui
open_project C:/Users/lenovo/Desktop/myproject/myproject/myproject.xpr
INFO: [Project 1-313] Project file moved from 'D:/verilog/myproject' since last save.
Scanning sources...
Finished scanning sources
INFO: [IP_Flow 19-234] Refreshing IP repositories
INFO: [IP_Flow 19-1704] No user IP repositories specified
INFO: [IP_Flow 19-2313] Loaded Vivado IP repository 'F:/Xilinx/Vivado/2017.1/data/ip'.
open_project: Time (s): cpu = 00:00:22 ; elapsed = 00:00:08 . Memory (MB): peak = 782.340 ; gain = 80.434
update_compile_order -fileset sources_1
launch_simulation
INFO: [SIM-utils-51] Simulation object is 'sim_1'
INFO: [SIM-utils-54] Inspecting design source files for 'cpu' in fileset 'sim_1'...
INFO: [USF-XSim-97] Finding global include files...
INFO: [USF-XSim-98] Fetching design files from 'sim_1'...
INFO: [USF-XSim-2] XSim::Compile design
INFO: [USF-XSim-61] Executing 'COMPILE and ANALYZE' step in 'C:/Users/lenovo/Desktop/myproject/myproject/myproject.sim/sim_1/behav'
"xvlog -m64 --relax -prj cpu_vlog.prj"
INFO: [VRFC 10-2263] Analyzing Verilog file "C:/Users/lenovo/Desktop/myproject/myproject/myproject.srcs/sources_1/CPU/CPU.srcs/sources_1/new/ADDER_PC.v" into library xil_defaultlib
INFO: [VRFC 10-311] analyzing module adder_pc
INFO: [VRFC 10-2263] Analyzing Verilog file "C:/Users/lenovo/Desktop/myproject/myproject/myproject.srcs/sources_1/CPU/CPU.srcs/sources_1/new/HI_LO.v" into library xil_defaultlib
INFO: [VRFC 10-311] analyzing module hi_lo
INFO: [VRFC 10-2263] Analyzing Verilog file "C:/Users/lenovo/Desktop/myproject/myproject/myproject.srcs/sources_1/CPU/CPU.srcs/sources_1/new/MEMORY_INSTRUCTION.v" into library xil_defaultlib
INFO: [VRFC 10-311] analyzing module mem_insturction
INFO: [VRFC 10-2263] Analyzing Verilog file "C:/Users/lenovo/Desktop/myproject/myproject/myproject.srcs/sources_1/CPU/CPU.srcs/sources_1/new/MUX2.v" into library xil_defaultlib
INFO: [VRFC 10-311] analyzing module mux2
INFO: [VRFC 10-311] analyzing module mux2_5
INFO: [VRFC 10-2263] Analyzing Verilog file "C:/Users/lenovo/Desktop/myproject/myproject/myproject.srcs/sources_1/CPU/CPU.srcs/sources_1/new/MUX3.v" into library xil_defaultlib
INFO: [VRFC 10-311] analyzing module mux3
INFO: [VRFC 10-311] analyzing module mux3_5
INFO: [VRFC 10-2263] Analyzing Verilog file "C:/Users/lenovo/Desktop/myproject/myproject/myproject.srcs/sources_1/CPU/CPU.srcs/sources_1/new/MUX4.v" into library xil_defaultlib
INFO: [VRFC 10-311] analyzing module mux4
INFO: [VRFC 10-2263] Analyzing Verilog file "C:/Users/lenovo/Desktop/myproject/myproject/myproject.srcs/sources_1/CPU/CPU.srcs/sources_1/new/PC.v" into library xil_defaultlib
INFO: [VRFC 10-311] analyzing module pc
INFO: [VRFC 10-2263] Analyzing Verilog file "C:/Users/lenovo/Desktop/myproject/myproject/myproject.srcs/sources_1/CPU/CPU.srcs/sources_1/new/REG_FILE.v" into library xil_defaultlib
INFO: [VRFC 10-311] analyzing module reg_file
INFO: [VRFC 10-2263] Analyzing Verilog file "C:/Users/lenovo/Desktop/myproject/myproject/myproject.srcs/sources_1/CPU/CPU.srcs/sources_1/new/S_16.v" into library xil_defaultlib
INFO: [VRFC 10-311] analyzing module s_16
INFO: [VRFC 10-2263] Analyzing Verilog file "C:/Users/lenovo/Desktop/myproject/myproject/myproject.srcs/sources_1/CPU/CPU.srcs/sources_1/new/S_2.v" into library xil_defaultlib
INFO: [VRFC 10-311] analyzing module s2
INFO: [VRFC 10-2263] Analyzing Verilog file "C:/Users/lenovo/Desktop/myproject/myproject/myproject.srcs/sources_1/CPU/CPU.srcs/sources_1/new/data_memory.v" into library xil_defaultlib
INFO: [VRFC 10-311] analyzing module data_memory
INFO: [VRFC 10-2263] Analyzing Verilog file "C:/Users/lenovo/Desktop/myproject/myproject/myproject.srcs/sources_1/new/new 2.v" into library xil_defaultlib
INFO: [VRFC 10-311] analyzing module controller
INFO: [VRFC 10-311] analyzing module maindec
INFO: [VRFC 10-311] analyzing module submux
INFO: [VRFC 10-311] analyzing module clk1
INFO: [VRFC 10-311] analyzing module clk2
INFO: [VRFC 10-311] analyzing module clk3
INFO: [VRFC 10-311] analyzing module clk4
INFO: [VRFC 10-311] analyzing module pc_4
INFO: [VRFC 10-2263] Analyzing Verilog file "C:/Users/lenovo/Desktop/myproject/myproject/myproject.srcs/sources_1/new/myproject.v" into library xil_defaultlib
INFO: [VRFC 10-311] analyzing module l_expand
INFO: [VRFC 10-311] analyzing module r_expand
INFO: [VRFC 10-311] analyzing module adder
INFO: [VRFC 10-311] analyzing module alu
INFO: [VRFC 10-311] analyzing module conflict
INFO: [VRFC 10-311] analyzing module cpu
INFO: [VRFC 10-2263] Analyzing Verilog file "C:/Users/lenovo/Desktop/myproject/myproject/myproject.sim/sim_1/behav/glbl.v" into library xil_defaultlib
INFO: [VRFC 10-311] analyzing module glbl
INFO: [USF-XSim-69] 'compile' step finished in '2' seconds
INFO: [USF-XSim-3] XSim::Elaborate design
INFO: [USF-XSim-61] Executing 'ELABORATE' step in 'C:/Users/lenovo/Desktop/myproject/myproject/myproject.sim/sim_1/behav'
Vivado Simulator 2017.1
Copyright 1986-1999, 2001-2016 Xilinx, Inc. All Rights Reserved.
Running: F:/Xilinx/Vivado/2017.1/bin/unwrapped/win64.o/xelab.exe -wto 38bd5fb3fb844711b968a96758a2094d --debug typical --relax --mt 2 -L xil_defaultlib -L unisims_ver -L unimacro_ver -L secureip --snapshot cpu_behav xil_defaultlib.cpu xil_defaultlib.glbl -log elaborate.log 
Using 2 slave threads.
Starting static elaboration
WARNING: [VRFC 10-278] actual bit length 5 differs from formal bit length 32 for port in_10 [C:/Users/lenovo/Desktop/myproject/myproject/myproject.srcs/sources_1/new/myproject.v:632]
Completed static elaboration
Starting simulation data flow analysis
WARNING: [XSIM 43-4099] "C:/Users/lenovo/Desktop/myproject/myproject/myproject.srcs/sources_1/new/new 2.v" Line 4. Module controller doesn't have a timescale but at least one module in design has a timescale.
WARNING: [XSIM 43-4099] "C:/Users/lenovo/Desktop/myproject/myproject/myproject.srcs/sources_1/new/new 2.v" Line 68. Module maindec doesn't have a timescale but at least one module in design has a timescale.
WARNING: [XSIM 43-4099] "C:/Users/lenovo/Desktop/myproject/myproject/myproject.srcs/sources_1/CPU/CPU.srcs/sources_1/new/PC.v" Line 1. Module pc doesn't have a timescale but at least one module in design has a timescale.
WARNING: [XSIM 43-4099] "C:/Users/lenovo/Desktop/myproject/myproject/myproject.srcs/sources_1/CPU/CPU.srcs/sources_1/new/MEMORY_INSTRUCTION.v" Line 1. Module mem_insturction doesn't have a timescale but at least one module in design has a timescale.
WARNING: [XSIM 43-4099] "C:/Users/lenovo/Desktop/myproject/myproject/myproject.srcs/sources_1/new/new 2.v" Line 216. Module clk1 doesn't have a timescale but at least one module in design has a timescale.
WARNING: [XSIM 43-4099] "C:/Users/lenovo/Desktop/myproject/myproject/myproject.srcs/sources_1/new/new 2.v" Line 251. Module clk2 doesn't have a timescale but at least one module in design has a timescale.
WARNING: [XSIM 43-4099] "C:/Users/lenovo/Desktop/myproject/myproject/myproject.srcs/sources_1/new/new 2.v" Line 389. Module clk3 doesn't have a timescale but at least one module in design has a timescale.
WARNING: [XSIM 43-4099] "C:/Users/lenovo/Desktop/myproject/myproject/myproject.srcs/sources_1/new/new 2.v" Line 471. Module clk4 doesn't have a timescale but at least one module in design has a timescale.
WARNING: [XSIM 43-4099] "C:/Users/lenovo/Desktop/myproject/myproject/myproject.srcs/sources_1/new/new 2.v" Line 550. Module pc_4 doesn't have a timescale but at least one module in design has a timescale.
WARNING: [XSIM 43-4099] "C:/Users/lenovo/Desktop/myproject/myproject/myproject.srcs/sources_1/new/new 2.v" Line 192. Module submux doesn't have a timescale but at least one module in design has a timescale.
WARNING: [XSIM 43-4099] "C:/Users/lenovo/Desktop/myproject/myproject/myproject.srcs/sources_1/CPU/CPU.srcs/sources_1/new/MUX2.v" Line 9. Module mux2_5 doesn't have a timescale but at least one module in design has a timescale.
WARNING: [XSIM 43-4099] "C:/Users/lenovo/Desktop/myproject/myproject/myproject.srcs/sources_1/CPU/CPU.srcs/sources_1/new/REG_FILE.v" Line 1. Module reg_file doesn't have a timescale but at least one module in design has a timescale.
WARNING: [XSIM 43-4099] "C:/Users/lenovo/Desktop/myproject/myproject/myproject.srcs/sources_1/CPU/CPU.srcs/sources_1/new/MUX2.v" Line 1. Module mux2 doesn't have a timescale but at least one module in design has a timescale.
WARNING: [XSIM 43-4099] "C:/Users/lenovo/Desktop/myproject/myproject/myproject.srcs/sources_1/CPU/CPU.srcs/sources_1/new/MUX2.v" Line 1. Module mux2 doesn't have a timescale but at least one module in design has a timescale.
WARNING: [XSIM 43-4099] "C:/Users/lenovo/Desktop/myproject/myproject/myproject.srcs/sources_1/CPU/CPU.srcs/sources_1/new/S_16.v" Line 1. Module s_16 doesn't have a timescale but at least one module in design has a timescale.
WARNING: [XSIM 43-4099] "C:/Users/lenovo/Desktop/myproject/myproject/myproject.srcs/sources_1/CPU/CPU.srcs/sources_1/new/S_2.v" Line 1. Module s2 doesn't have a timescale but at least one module in design has a timescale.
WARNING: [XSIM 43-4099] "C:/Users/lenovo/Desktop/myproject/myproject/myproject.srcs/sources_1/CPU/CPU.srcs/sources_1/new/MUX3.v" Line 9. Module mux3_5 doesn't have a timescale but at least one module in design has a timescale.
WARNING: [XSIM 43-4099] "C:/Users/lenovo/Desktop/myproject/myproject/myproject.srcs/sources_1/CPU/CPU.srcs/sources_1/new/MUX2.v" Line 1. Module mux2 doesn't have a timescale but at least one module in design has a timescale.
WARNING: [XSIM 43-4099] "C:/Users/lenovo/Desktop/myproject/myproject/myproject.srcs/sources_1/CPU/CPU.srcs/sources_1/new/MUX3.v" Line 1. Module mux3 doesn't have a timescale but at least one module in design has a timescale.
WARNING: [XSIM 43-4099] "C:/Users/lenovo/Desktop/myproject/myproject/myproject.srcs/sources_1/CPU/CPU.srcs/sources_1/new/MUX4.v" Line 1. Module mux4 doesn't have a timescale but at least one module in design has a timescale.
WARNING: [XSIM 43-4099] "C:/Users/lenovo/Desktop/myproject/myproject/myproject.srcs/sources_1/CPU/CPU.srcs/sources_1/new/MUX3.v" Line 1. Module mux3 doesn't have a timescale but at least one module in design has a timescale.
WARNING: [XSIM 43-4099] "C:/Users/lenovo/Desktop/myproject/myproject/myproject.srcs/sources_1/CPU/CPU.srcs/sources_1/new/MUX2.v" Line 9. Module mux2_5 doesn't have a timescale but at least one module in design has a timescale.
WARNING: [XSIM 43-4099] "C:/Users/lenovo/Desktop/myproject/myproject/myproject.srcs/sources_1/CPU/CPU.srcs/sources_1/new/MUX3.v" Line 1. Module mux3 doesn't have a timescale but at least one module in design has a timescale.
WARNING: [XSIM 43-4099] "C:/Users/lenovo/Desktop/myproject/myproject/myproject.srcs/sources_1/CPU/CPU.srcs/sources_1/new/MUX2.v" Line 1. Module mux2 doesn't have a timescale but at least one module in design has a timescale.
WARNING: [XSIM 43-4099] "C:/Users/lenovo/Desktop/myproject/myproject/myproject.srcs/sources_1/CPU/CPU.srcs/sources_1/new/MUX2.v" Line 1. Module mux2 doesn't have a timescale but at least one module in design has a timescale.
WARNING: [XSIM 43-4099] "C:/Users/lenovo/Desktop/myproject/myproject/myproject.srcs/sources_1/CPU/CPU.srcs/sources_1/new/MUX2.v" Line 1. Module mux2 doesn't have a timescale but at least one module in design has a timescale.
WARNING: [XSIM 43-4099] "C:/Users/lenovo/Desktop/myproject/myproject/myproject.srcs/sources_1/CPU/CPU.srcs/sources_1/new/ADDER_PC.v" Line 1. Module adder_pc doesn't have a timescale but at least one module in design has a timescale.
WARNING: [XSIM 43-4099] "C:/Users/lenovo/Desktop/myproject/myproject/myproject.srcs/sources_1/CPU/CPU.srcs/sources_1/new/MUX3.v" Line 1. Module mux3 doesn't have a timescale but at least one module in design has a timescale.
WARNING: [XSIM 43-4099] "C:/Users/lenovo/Desktop/myproject/myproject/myproject.srcs/sources_1/CPU/CPU.srcs/sources_1/new/MUX2.v" Line 1. Module mux2 doesn't have a timescale but at least one module in design has a timescale.
WARNING: [XSIM 43-4099] "C:/Users/lenovo/Desktop/myproject/myproject/myproject.srcs/sources_1/CPU/CPU.srcs/sources_1/new/MUX2.v" Line 1. Module mux2 doesn't have a timescale but at least one module in design has a timescale.
WARNING: [XSIM 43-4099] "C:/Users/lenovo/Desktop/myproject/myproject/myproject.srcs/sources_1/CPU/CPU.srcs/sources_1/new/HI_LO.v" Line 1. Module hi_lo doesn't have a timescale but at least one module in design has a timescale.
WARNING: [XSIM 43-4099] "C:/Users/lenovo/Desktop/myproject/myproject/myproject.srcs/sources_1/CPU/CPU.srcs/sources_1/new/HI_LO.v" Line 1. Module hi_lo doesn't have a timescale but at least one module in design has a timescale.
WARNING: [XSIM 43-4099] "C:/Users/lenovo/Desktop/myproject/myproject/myproject.srcs/sources_1/new/new 2.v" Line 4. Module controller doesn't have a timescale but at least one module in design has a timescale.
WARNING: [XSIM 43-4099] "C:/Users/lenovo/Desktop/myproject/myproject/myproject.srcs/sources_1/new/new 2.v" Line 68. Module maindec doesn't have a timescale but at least one module in design has a timescale.
WARNING: [XSIM 43-4099] "C:/Users/lenovo/Desktop/myproject/myproject/myproject.srcs/sources_1/CPU/CPU.srcs/sources_1/new/PC.v" Line 1. Module pc doesn't have a timescale but at least one module in design has a timescale.
WARNING: [XSIM 43-4099] "C:/Users/lenovo/Desktop/myproject/myproject/myproject.srcs/sources_1/CPU/CPU.srcs/sources_1/new/MEMORY_INSTRUCTION.v" Line 1. Module mem_insturction doesn't have a timescale but at least one module in design has a timescale.
WARNING: [XSIM 43-4099] "C:/Users/lenovo/Desktop/myproject/myproject/myproject.srcs/sources_1/new/new 2.v" Line 216. Module clk1 doesn't have a timescale but at least one module in design has a timescale.
WARNING: [XSIM 43-4099] "C:/Users/lenovo/Desktop/myproject/myproject/myproject.srcs/sources_1/new/new 2.v" Line 251. Module clk2 doesn't have a timescale but at least one module in design has a timescale.
WARNING: [XSIM 43-4099] "C:/Users/lenovo/Desktop/myproject/myproject/myproject.srcs/sources_1/new/new 2.v" Line 389. Module clk3 doesn't have a timescale but at least one module in design has a timescale.
WARNING: [XSIM 43-4099] "C:/Users/lenovo/Desktop/myproject/myproject/myproject.srcs/sources_1/new/new 2.v" Line 471. Module clk4 doesn't have a timescale but at least one module in design has a timescale.
WARNING: [XSIM 43-4099] "C:/Users/lenovo/Desktop/myproject/myproject/myproject.srcs/sources_1/new/new 2.v" Line 550. Module pc_4 doesn't have a timescale but at least one module in design has a timescale.
WARNING: [XSIM 43-4099] "C:/Users/lenovo/Desktop/myproject/myproject/myproject.srcs/sources_1/new/new 2.v" Line 192. Module submux doesn't have a timescale but at least one module in design has a timescale.
WARNING: [XSIM 43-4099] "C:/Users/lenovo/Desktop/myproject/myproject/myproject.srcs/sources_1/CPU/CPU.srcs/sources_1/new/MUX2.v" Line 9. Module mux2_5 doesn't have a timescale but at least one module in design has a timescale.
WARNING: [XSIM 43-4099] "C:/Users/lenovo/Desktop/myproject/myproject/myproject.srcs/sources_1/CPU/CPU.srcs/sources_1/new/REG_FILE.v" Line 1. Module reg_file doesn't have a timescale but at least one module in design has a timescale.
WARNING: [XSIM 43-4099] "C:/Users/lenovo/Desktop/myproject/myproject/myproject.srcs/sources_1/CPU/CPU.srcs/sources_1/new/MUX2.v" Line 1. Module mux2 doesn't have a timescale but at least one module in design has a timescale.
WARNING: [XSIM 43-4099] "C:/Users/lenovo/Desktop/myproject/myproject/myproject.srcs/sources_1/CPU/CPU.srcs/sources_1/new/MUX2.v" Line 1. Module mux2 doesn't have a timescale but at least one module in design has a timescale.
WARNING: [XSIM 43-4099] "C:/Users/lenovo/Desktop/myproject/myproject/myproject.srcs/sources_1/CPU/CPU.srcs/sources_1/new/S_16.v" Line 1. Module s_16 doesn't have a timescale but at least one module in design has a timescale.
WARNING: [XSIM 43-4099] "C:/Users/lenovo/Desktop/myproject/myproject/myproject.srcs/sources_1/CPU/CPU.srcs/sources_1/new/S_2.v" Line 1. Module s2 doesn't have a timescale but at least one module in design has a timescale.
WARNING: [XSIM 43-4099] "C:/Users/lenovo/Desktop/myproject/myproject/myproject.srcs/sources_1/CPU/CPU.srcs/sources_1/new/MUX3.v" Line 9. Module mux3_5 doesn't have a timescale but at least one module in design has a timescale.
WARNING: [XSIM 43-4099] "C:/Users/lenovo/Desktop/myproject/myproject/myproject.srcs/sources_1/CPU/CPU.srcs/sources_1/new/MUX2.v" Line 1. Module mux2 doesn't have a timescale but at least one module in design has a timescale.
WARNING: [XSIM 43-4099] "C:/Users/lenovo/Desktop/myproject/myproject/myproject.srcs/sources_1/CPU/CPU.srcs/sources_1/new/MUX3.v" Line 1. Module mux3 doesn't have a timescale but at least one module in design has a timescale.
WARNING: [XSIM 43-4099] "C:/Users/lenovo/Desktop/myproject/myproject/myproject.srcs/sources_1/CPU/CPU.srcs/sources_1/new/MUX4.v" Line 1. Module mux4 doesn't have a timescale but at least one module in design has a timescale.
WARNING: [XSIM 43-4099] "C:/Users/lenovo/Desktop/myproject/myproject/myproject.srcs/sources_1/CPU/CPU.srcs/sources_1/new/MUX3.v" Line 1. Module mux3 doesn't have a timescale but at least one module in design has a timescale.
WARNING: [XSIM 43-4099] "C:/Users/lenovo/Desktop/myproject/myproject/myproject.srcs/sources_1/CPU/CPU.srcs/sources_1/new/MUX2.v" Line 9. Module mux2_5 doesn't have a timescale but at least one module in design has a timescale.
WARNING: [XSIM 43-4099] "C:/Users/lenovo/Desktop/myproject/myproject/myproject.srcs/sources_1/CPU/CPU.srcs/sources_1/new/MUX3.v" Line 1. Module mux3 doesn't have a timescale but at least one module in design has a timescale.
WARNING: [XSIM 43-4099] "C:/Users/lenovo/Desktop/myproject/myproject/myproject.srcs/sources_1/CPU/CPU.srcs/sources_1/new/MUX2.v" Line 1. Module mux2 doesn't have a timescale but at least one module in design has a timescale.
WARNING: [XSIM 43-4099] "C:/Users/lenovo/Desktop/myproject/myproject/myproject.srcs/sources_1/CPU/CPU.srcs/sources_1/new/MUX2.v" Line 1. Module mux2 doesn't have a timescale but at least one module in design has a timescale.
WARNING: [XSIM 43-4099] "C:/Users/lenovo/Desktop/myproject/myproject/myproject.srcs/sources_1/CPU/CPU.srcs/sources_1/new/MUX2.v" Line 1. Module mux2 doesn't have a timescale but at least one module in design has a timescale.
WARNING: [XSIM 43-4099] "C:/Users/lenovo/Desktop/myproject/myproject/myproject.srcs/sources_1/CPU/CPU.srcs/sources_1/new/ADDER_PC.v" Line 1. Module adder_pc doesn't have a timescale but at least one module in design has a timescale.
WARNING: [XSIM 43-4099] "C:/Users/lenovo/Desktop/myproject/myproject/myproject.srcs/sources_1/CPU/CPU.srcs/sources_1/new/MUX3.v" Line 1. Module mux3 doesn't have a timescale but at least one module in design has a timescale.
WARNING: [XSIM 43-4099] "C:/Users/lenovo/Desktop/myproject/myproject/myproject.srcs/sources_1/CPU/CPU.srcs/sources_1/new/MUX2.v" Line 1. Module mux2 doesn't have a timescale but at least one module in design has a timescale.
WARNING: [XSIM 43-4099] "C:/Users/lenovo/Desktop/myproject/myproject/myproject.srcs/sources_1/CPU/CPU.srcs/sources_1/new/MUX2.v" Line 1. Module mux2 doesn't have a timescale but at least one module in design has a timescale.
WARNING: [XSIM 43-4099] "C:/Users/lenovo/Desktop/myproject/myproject/myproject.srcs/sources_1/CPU/CPU.srcs/sources_1/new/HI_LO.v" Line 1. Module hi_lo doesn't have a timescale but at least one module in design has a timescale.
WARNING: [XSIM 43-4099] "C:/Users/lenovo/Desktop/myproject/myproject/myproject.srcs/sources_1/CPU/CPU.srcs/sources_1/new/HI_LO.v" Line 1. Module hi_lo doesn't have a timescale but at least one module in design has a timescale.
Completed simulation data flow analysis
Time Resolution for simulation is 1ps
Compiling module xil_defaultlib.maindec
Compiling module xil_defaultlib.controller
Compiling module xil_defaultlib.pc
Compiling module xil_defaultlib.mem_insturction
Compiling module xil_defaultlib.clk1
Compiling module xil_defaultlib.clk2
Compiling module xil_defaultlib.clk3
Compiling module xil_defaultlib.clk4
Compiling module xil_defaultlib.pc_4
Compiling module xil_defaultlib.submux
Compiling module xil_defaultlib.mux2_5
Compiling module xil_defaultlib.reg_file
Compiling module xil_defaultlib.mux2
Compiling module xil_defaultlib.l_expand
Compiling module xil_defaultlib.s_16
Compiling module xil_defaultlib.s2
Compiling module xil_defaultlib.adder
Compiling module xil_defaultlib.mux3_5
Compiling module xil_defaultlib.mux3
Compiling module xil_defaultlib.mux4
Compiling module xil_defaultlib.alu
Compiling module xil_defaultlib.adder_pc
Compiling module xil_defaultlib.data_memory
Compiling module xil_defaultlib.hi_lo
Compiling module xil_defaultlib.conflict
Compiling module xil_defaultlib.cpu
Compiling module xil_defaultlib.glbl
Built simulation snapshot cpu_behav
INFO: [Common 17-41] Interrupt caught. Command should exit soon.

****** Webtalk v2017.1 (64-bit)
  **** SW Build 1846317 on Fri Apr 14 18:55:03 MDT 2017
  **** IP Build 1846188 on Fri Apr 14 20:52:08 MDT 2017
    ** Copyright 1986-2017 Xilinx, Inc. All Rights Reserved.

source C:/Users/lenovo/Desktop/myproject/myproject/myproject.sim/sim_1/behav/xsim.dir/cpu_behav/webtalk/xsim_webtalk.tcl -notrace
run_program: Time (s): cpu = 00:00:03 ; elapsed = 00:00:12 . Memory (MB): peak = 782.340 ; gain = 0.000
INFO: [Common 17-344] 'run_program' was cancelled
INFO: [Vivado 12-5357] 'elaborate' step aborted
launch_simulation: Time (s): cpu = 00:00:05 ; elapsed = 00:00:15 . Memory (MB): peak = 782.340 ; gain = 0.000
INFO: [Common 17-344] 'launch_simulation' was cancelled
synth_design -rtl -name rtl_1
Command: synth_design -rtl -name rtl_1
Starting synth_design
Using part: xc7a200tfbg676-2
Top: cpu
---------------------------------------------------------------------------------
Starting RTL Elaboration : Time (s): cpu = 00:00:14 ; elapsed = 00:00:12 . Memory (MB): peak = 819.605 ; gain = 37.266
---------------------------------------------------------------------------------
INFO: [Synth 8-638] synthesizing module 'cpu' [C:/Users/lenovo/Desktop/myproject/myproject/myproject.srcs/sources_1/new/myproject.v:303]
	Parameter para1 bound to: 5'b11111 
INFO: [Synth 8-638] synthesizing module 'controller' [C:/Users/lenovo/Desktop/myproject/myproject/myproject.srcs/sources_1/new/new 2.v:4]
INFO: [Synth 8-638] synthesizing module 'maindec' [C:/Users/lenovo/Desktop/myproject/myproject/myproject.srcs/sources_1/new/new 2.v:68]
INFO: [Synth 8-256] done synthesizing module 'maindec' (1#1) [C:/Users/lenovo/Desktop/myproject/myproject/myproject.srcs/sources_1/new/new 2.v:68]
INFO: [Synth 8-256] done synthesizing module 'controller' (2#1) [C:/Users/lenovo/Desktop/myproject/myproject/myproject.srcs/sources_1/new/new 2.v:4]
WARNING: [Synth 8-350] instance 'controller' of module 'controller' requires 26 connections, but only 25 given [C:/Users/lenovo/Desktop/myproject/myproject/myproject.srcs/sources_1/new/myproject.v:364]
INFO: [Synth 8-638] synthesizing module 'pc' [C:/Users/lenovo/Desktop/myproject/myproject/myproject.srcs/sources_1/CPU/CPU.srcs/sources_1/new/PC.v:1]
INFO: [Synth 8-256] done synthesizing module 'pc' (3#1) [C:/Users/lenovo/Desktop/myproject/myproject/myproject.srcs/sources_1/CPU/CPU.srcs/sources_1/new/PC.v:1]
INFO: [Synth 8-638] synthesizing module 'mem_insturction' [C:/Users/lenovo/Desktop/myproject/myproject/myproject.srcs/sources_1/CPU/CPU.srcs/sources_1/new/MEMORY_INSTRUCTION.v:1]

Warning: Trying to implement RAM in registers. Block RAM or DRAM implementation is not possible for one or more of the following reasons :
	1: Unable to determine number of words or word size in RAM. 
	2: No valid read/write found for RAM. 
RAM dissolved into registers
WARNING: [Synth 8-3848] Net mem in module/entity mem_insturction does not have driver. [C:/Users/lenovo/Desktop/myproject/myproject/myproject.srcs/sources_1/CPU/CPU.srcs/sources_1/new/MEMORY_INSTRUCTION.v:4]
WARNING: [Synth 8-3848] Net mem in module/entity mem_insturction does not have driver. [C:/Users/lenovo/Desktop/myproject/myproject/myproject.srcs/sources_1/CPU/CPU.srcs/sources_1/new/MEMORY_INSTRUCTION.v:4]
WARNING: [Synth 8-3848] Net mem in module/entity mem_insturction does not have driver. [C:/Users/lenovo/Desktop/myproject/myproject/myproject.srcs/sources_1/CPU/CPU.srcs/sources_1/new/MEMORY_INSTRUCTION.v:4]
WARNING: [Synth 8-3848] Net mem in module/entity mem_insturction does not have driver. [C:/Users/lenovo/Desktop/myproject/myproject/myproject.srcs/sources_1/CPU/CPU.srcs/sources_1/new/MEMORY_INSTRUCTION.v:4]
WARNING: [Synth 8-3848] Net mem in module/entity mem_insturction does not have driver. [C:/Users/lenovo/Desktop/myproject/myproject/myproject.srcs/sources_1/CPU/CPU.srcs/sources_1/new/MEMORY_INSTRUCTION.v:4]
WARNING: [Synth 8-3848] Net mem in module/entity mem_insturction does not have driver. [C:/Users/lenovo/Desktop/myproject/myproject/myproject.srcs/sources_1/CPU/CPU.srcs/sources_1/new/MEMORY_INSTRUCTION.v:4]
WARNING: [Synth 8-3848] Net mem in module/entity mem_insturction does not have driver. [C:/Users/lenovo/Desktop/myproject/myproject/myproject.srcs/sources_1/CPU/CPU.srcs/sources_1/new/MEMORY_INSTRUCTION.v:4]
WARNING: [Synth 8-3848] Net mem in module/entity mem_insturction does not have driver. [C:/Users/lenovo/Desktop/myproject/myproject/myproject.srcs/sources_1/CPU/CPU.srcs/sources_1/new/MEMORY_INSTRUCTION.v:4]
WARNING: [Synth 8-3848] Net mem in module/entity mem_insturction does not have driver. [C:/Users/lenovo/Desktop/myproject/myproject/myproject.srcs/sources_1/CPU/CPU.srcs/sources_1/new/MEMORY_INSTRUCTION.v:4]
WARNING: [Synth 8-3848] Net mem in module/entity mem_insturction does not have driver. [C:/Users/lenovo/Desktop/myproject/myproject/myproject.srcs/sources_1/CPU/CPU.srcs/sources_1/new/MEMORY_INSTRUCTION.v:4]
WARNING: [Synth 8-3848] Net mem in module/entity mem_insturction does not have driver. [C:/Users/lenovo/Desktop/myproject/myproject/myproject.srcs/sources_1/CPU/CPU.srcs/sources_1/new/MEMORY_INSTRUCTION.v:4]
WARNING: [Synth 8-3848] Net mem in module/entity mem_insturction does not have driver. [C:/Users/lenovo/Desktop/myproject/myproject/myproject.srcs/sources_1/CPU/CPU.srcs/sources_1/new/MEMORY_INSTRUCTION.v:4]
WARNING: [Synth 8-3848] Net mem in module/entity mem_insturction does not have driver. [C:/Users/lenovo/Desktop/myproject/myproject/myproject.srcs/sources_1/CPU/CPU.srcs/sources_1/new/MEMORY_INSTRUCTION.v:4]
WARNING: [Synth 8-3848] Net mem in module/entity mem_insturction does not have driver. [C:/Users/lenovo/Desktop/myproject/myproject/myproject.srcs/sources_1/CPU/CPU.srcs/sources_1/new/MEMORY_INSTRUCTION.v:4]
WARNING: [Synth 8-3848] Net mem in module/entity mem_insturction does not have driver. [C:/Users/lenovo/Desktop/myproject/myproject/myproject.srcs/sources_1/CPU/CPU.srcs/sources_1/new/MEMORY_INSTRUCTION.v:4]
WARNING: [Synth 8-3848] Net mem in module/entity mem_insturction does not have driver. [C:/Users/lenovo/Desktop/myproject/myproject/myproject.srcs/sources_1/CPU/CPU.srcs/sources_1/new/MEMORY_INSTRUCTION.v:4]
WARNING: [Synth 8-3848] Net mem in module/entity mem_insturction does not have driver. [C:/Users/lenovo/Desktop/myproject/myproject/myproject.srcs/sources_1/CPU/CPU.srcs/sources_1/new/MEMORY_INSTRUCTION.v:4]
WARNING: [Synth 8-3848] Net mem in module/entity mem_insturction does not have driver. [C:/Users/lenovo/Desktop/myproject/myproject/myproject.srcs/sources_1/CPU/CPU.srcs/sources_1/new/MEMORY_INSTRUCTION.v:4]
WARNING: [Synth 8-3848] Net mem in module/entity mem_insturction does not have driver. [C:/Users/lenovo/Desktop/myproject/myproject/myproject.srcs/sources_1/CPU/CPU.srcs/sources_1/new/MEMORY_INSTRUCTION.v:4]
WARNING: [Synth 8-3848] Net mem in module/entity mem_insturction does not have driver. [C:/Users/lenovo/Desktop/myproject/myproject/myproject.srcs/sources_1/CPU/CPU.srcs/sources_1/new/MEMORY_INSTRUCTION.v:4]
WARNING: [Synth 8-3848] Net mem in module/entity mem_insturction does not have driver. [C:/Users/lenovo/Desktop/myproject/myproject/myproject.srcs/sources_1/CPU/CPU.srcs/sources_1/new/MEMORY_INSTRUCTION.v:4]
WARNING: [Synth 8-3848] Net mem in module/entity mem_insturction does not have driver. [C:/Users/lenovo/Desktop/myproject/myproject/myproject.srcs/sources_1/CPU/CPU.srcs/sources_1/new/MEMORY_INSTRUCTION.v:4]
WARNING: [Synth 8-3848] Net mem in module/entity mem_insturction does not have driver. [C:/Users/lenovo/Desktop/myproject/myproject/myproject.srcs/sources_1/CPU/CPU.srcs/sources_1/new/MEMORY_INSTRUCTION.v:4]
WARNING: [Synth 8-3848] Net mem in module/entity mem_insturction does not have driver. [C:/Users/lenovo/Desktop/myproject/myproject/myproject.srcs/sources_1/CPU/CPU.srcs/sources_1/new/MEMORY_INSTRUCTION.v:4]
WARNING: [Synth 8-3848] Net mem in module/entity mem_insturction does not have driver. [C:/Users/lenovo/Desktop/myproject/myproject/myproject.srcs/sources_1/CPU/CPU.srcs/sources_1/new/MEMORY_INSTRUCTION.v:4]
WARNING: [Synth 8-3848] Net mem in module/entity mem_insturction does not have driver. [C:/Users/lenovo/Desktop/myproject/myproject/myproject.srcs/sources_1/CPU/CPU.srcs/sources_1/new/MEMORY_INSTRUCTION.v:4]
WARNING: [Synth 8-3848] Net mem in module/entity mem_insturction does not have driver. [C:/Users/lenovo/Desktop/myproject/myproject/myproject.srcs/sources_1/CPU/CPU.srcs/sources_1/new/MEMORY_INSTRUCTION.v:4]
WARNING: [Synth 8-3848] Net mem in module/entity mem_insturction does not have driver. [C:/Users/lenovo/Desktop/myproject/myproject/myproject.srcs/sources_1/CPU/CPU.srcs/sources_1/new/MEMORY_INSTRUCTION.v:4]
WARNING: [Synth 8-3848] Net mem in module/entity mem_insturction does not have driver. [C:/Users/lenovo/Desktop/myproject/myproject/myproject.srcs/sources_1/CPU/CPU.srcs/sources_1/new/MEMORY_INSTRUCTION.v:4]
WARNING: [Synth 8-3848] Net mem in module/entity mem_insturction does not have driver. [C:/Users/lenovo/Desktop/myproject/myproject/myproject.srcs/sources_1/CPU/CPU.srcs/sources_1/new/MEMORY_INSTRUCTION.v:4]
WARNING: [Synth 8-3848] Net mem in module/entity mem_insturction does not have driver. [C:/Users/lenovo/Desktop/myproject/myproject/myproject.srcs/sources_1/CPU/CPU.srcs/sources_1/new/MEMORY_INSTRUCTION.v:4]
WARNING: [Synth 8-3848] Net mem in module/entity mem_insturction does not have driver. [C:/Users/lenovo/Desktop/myproject/myproject/myproject.srcs/sources_1/CPU/CPU.srcs/sources_1/new/MEMORY_INSTRUCTION.v:4]
WARNING: [Synth 8-3848] Net mem in module/entity mem_insturction does not have driver. [C:/Users/lenovo/Desktop/myproject/myproject/myproject.srcs/sources_1/CPU/CPU.srcs/sources_1/new/MEMORY_INSTRUCTION.v:4]
WARNING: [Synth 8-3848] Net mem in module/entity mem_insturction does not have driver. [C:/Users/lenovo/Desktop/myproject/myproject/myproject.srcs/sources_1/CPU/CPU.srcs/sources_1/new/MEMORY_INSTRUCTION.v:4]
WARNING: [Synth 8-3848] Net mem in module/entity mem_insturction does not have driver. [C:/Users/lenovo/Desktop/myproject/myproject/myproject.srcs/sources_1/CPU/CPU.srcs/sources_1/new/MEMORY_INSTRUCTION.v:4]
WARNING: [Synth 8-3848] Net mem in module/entity mem_insturction does not have driver. [C:/Users/lenovo/Desktop/myproject/myproject/myproject.srcs/sources_1/CPU/CPU.srcs/sources_1/new/MEMORY_INSTRUCTION.v:4]
WARNING: [Synth 8-3848] Net mem in module/entity mem_insturction does not have driver. [C:/Users/lenovo/Desktop/myproject/myproject/myproject.srcs/sources_1/CPU/CPU.srcs/sources_1/new/MEMORY_INSTRUCTION.v:4]
WARNING: [Synth 8-3848] Net mem in module/entity mem_insturction does not have driver. [C:/Users/lenovo/Desktop/myproject/myproject/myproject.srcs/sources_1/CPU/CPU.srcs/sources_1/new/MEMORY_INSTRUCTION.v:4]
WARNING: [Synth 8-3848] Net mem in module/entity mem_insturction does not have driver. [C:/Users/lenovo/Desktop/myproject/myproject/myproject.srcs/sources_1/CPU/CPU.srcs/sources_1/new/MEMORY_INSTRUCTION.v:4]
WARNING: [Synth 8-3848] Net mem in module/entity mem_insturction does not have driver. [C:/Users/lenovo/Desktop/myproject/myproject/myproject.srcs/sources_1/CPU/CPU.srcs/sources_1/new/MEMORY_INSTRUCTION.v:4]
WARNING: [Synth 8-3848] Net mem in module/entity mem_insturction does not have driver. [C:/Users/lenovo/Desktop/myproject/myproject/myproject.srcs/sources_1/CPU/CPU.srcs/sources_1/new/MEMORY_INSTRUCTION.v:4]
WARNING: [Synth 8-3848] Net mem in module/entity mem_insturction does not have driver. [C:/Users/lenovo/Desktop/myproject/myproject/myproject.srcs/sources_1/CPU/CPU.srcs/sources_1/new/MEMORY_INSTRUCTION.v:4]
WARNING: [Synth 8-3848] Net mem in module/entity mem_insturction does not have driver. [C:/Users/lenovo/Desktop/myproject/myproject/myproject.srcs/sources_1/CPU/CPU.srcs/sources_1/new/MEMORY_INSTRUCTION.v:4]
WARNING: [Synth 8-3848] Net mem in module/entity mem_insturction does not have driver. [C:/Users/lenovo/Desktop/myproject/myproject/myproject.srcs/sources_1/CPU/CPU.srcs/sources_1/new/MEMORY_INSTRUCTION.v:4]
WARNING: [Synth 8-3848] Net mem in module/entity mem_insturction does not have driver. [C:/Users/lenovo/Desktop/myproject/myproject/myproject.srcs/sources_1/CPU/CPU.srcs/sources_1/new/MEMORY_INSTRUCTION.v:4]
WARNING: [Synth 8-3848] Net mem in module/entity mem_insturction does not have driver. [C:/Users/lenovo/Desktop/myproject/myproject/myproject.srcs/sources_1/CPU/CPU.srcs/sources_1/new/MEMORY_INSTRUCTION.v:4]
WARNING: [Synth 8-3848] Net mem in module/entity mem_insturction does not have driver. [C:/Users/lenovo/Desktop/myproject/myproject/myproject.srcs/sources_1/CPU/CPU.srcs/sources_1/new/MEMORY_INSTRUCTION.v:4]
WARNING: [Synth 8-3848] Net mem in module/entity mem_insturction does not have driver. [C:/Users/lenovo/Desktop/myproject/myproject/myproject.srcs/sources_1/CPU/CPU.srcs/sources_1/new/MEMORY_INSTRUCTION.v:4]
WARNING: [Synth 8-3848] Net mem in module/entity mem_insturction does not have driver. [C:/Users/lenovo/Desktop/myproject/myproject/myproject.srcs/sources_1/CPU/CPU.srcs/sources_1/new/MEMORY_INSTRUCTION.v:4]
WARNING: [Synth 8-3848] Net mem in module/entity mem_insturction does not have driver. [C:/Users/lenovo/Desktop/myproject/myproject/myproject.srcs/sources_1/CPU/CPU.srcs/sources_1/new/MEMORY_INSTRUCTION.v:4]
WARNING: [Synth 8-3848] Net mem in module/entity mem_insturction does not have driver. [C:/Users/lenovo/Desktop/myproject/myproject/myproject.srcs/sources_1/CPU/CPU.srcs/sources_1/new/MEMORY_INSTRUCTION.v:4]
WARNING: [Synth 8-3848] Net mem in module/entity mem_insturction does not have driver. [C:/Users/lenovo/Desktop/myproject/myproject/myproject.srcs/sources_1/CPU/CPU.srcs/sources_1/new/MEMORY_INSTRUCTION.v:4]
WARNING: [Synth 8-3848] Net mem in module/entity mem_insturction does not have driver. [C:/Users/lenovo/Desktop/myproject/myproject/myproject.srcs/sources_1/CPU/CPU.srcs/sources_1/new/MEMORY_INSTRUCTION.v:4]
WARNING: [Synth 8-3848] Net mem in module/entity mem_insturction does not have driver. [C:/Users/lenovo/Desktop/myproject/myproject/myproject.srcs/sources_1/CPU/CPU.srcs/sources_1/new/MEMORY_INSTRUCTION.v:4]
WARNING: [Synth 8-3848] Net mem in module/entity mem_insturction does not have driver. [C:/Users/lenovo/Desktop/myproject/myproject/myproject.srcs/sources_1/CPU/CPU.srcs/sources_1/new/MEMORY_INSTRUCTION.v:4]
WARNING: [Synth 8-3848] Net mem in module/entity mem_insturction does not have driver. [C:/Users/lenovo/Desktop/myproject/myproject/myproject.srcs/sources_1/CPU/CPU.srcs/sources_1/new/MEMORY_INSTRUCTION.v:4]
WARNING: [Synth 8-3848] Net mem in module/entity mem_insturction does not have driver. [C:/Users/lenovo/Desktop/myproject/myproject/myproject.srcs/sources_1/CPU/CPU.srcs/sources_1/new/MEMORY_INSTRUCTION.v:4]
INFO: [Synth 8-256] done synthesizing module 'mem_insturction' (4#1) [C:/Users/lenovo/Desktop/myproject/myproject/myproject.srcs/sources_1/CPU/CPU.srcs/sources_1/new/MEMORY_INSTRUCTION.v:1]
INFO: [Synth 8-638] synthesizing module 'clk1' [C:/Users/lenovo/Desktop/myproject/myproject/myproject.srcs/sources_1/new/new 2.v:216]
WARNING: [Synth 8-5788] Register instrd_reg in module clk1 is has both Set and reset with same priority. This may cause simulation mismatches. Consider rewriting code  [C:/Users/lenovo/Desktop/myproject/myproject/myproject.srcs/sources_1/new/new 2.v:232]
WARNING: [Synth 8-5788] Register pcplus4d_reg in module clk1 is has both Set and reset with same priority. This may cause simulation mismatches. Consider rewriting code  [C:/Users/lenovo/Desktop/myproject/myproject/myproject.srcs/sources_1/new/new 2.v:233]
WARNING: [Synth 8-5788] Register sm1_reg in module clk1 is has both Set and reset with same priority. This may cause simulation mismatches. Consider rewriting code  [C:/Users/lenovo/Desktop/myproject/myproject/myproject.srcs/sources_1/new/new 2.v:234]
WARNING: [Synth 8-5788] Register pcd_reg in module clk1 is has both Set and reset with same priority. This may cause simulation mismatches. Consider rewriting code  [C:/Users/lenovo/Desktop/myproject/myproject/myproject.srcs/sources_1/new/new 2.v:235]
WARNING: [Synth 8-5788] Register pcsub4d_reg in module clk1 is has both Set and reset with same priority. This may cause simulation mismatches. Consider rewriting code  [C:/Users/lenovo/Desktop/myproject/myproject/myproject.srcs/sources_1/new/new 2.v:236]
INFO: [Synth 8-256] done synthesizing module 'clk1' (5#1) [C:/Users/lenovo/Desktop/myproject/myproject/myproject.srcs/sources_1/new/new 2.v:216]
INFO: [Synth 8-638] synthesizing module 'clk2' [C:/Users/lenovo/Desktop/myproject/myproject/myproject.srcs/sources_1/new/new 2.v:251]
WARNING: [Synth 8-5788] Register regdste_reg in module clk2 is has both Set and reset with same priority. This may cause simulation mismatches. Consider rewriting code  [C:/Users/lenovo/Desktop/myproject/myproject/myproject.srcs/sources_1/new/new 2.v:319]
WARNING: [Synth 8-5788] Register alusrce_reg in module clk2 is has both Set and reset with same priority. This may cause simulation mismatches. Consider rewriting code  [C:/Users/lenovo/Desktop/myproject/myproject/myproject.srcs/sources_1/new/new 2.v:320]
WARNING: [Synth 8-5788] Register alucontrole_reg in module clk2 is has both Set and reset with same priority. This may cause simulation mismatches. Consider rewriting code  [C:/Users/lenovo/Desktop/myproject/myproject/myproject.srcs/sources_1/new/new 2.v:321]
WARNING: [Synth 8-5788] Register memwritee_reg in module clk2 is has both Set and reset with same priority. This may cause simulation mismatches. Consider rewriting code  [C:/Users/lenovo/Desktop/myproject/myproject/myproject.srcs/sources_1/new/new 2.v:322]
WARNING: [Synth 8-5788] Register memtorege_reg in module clk2 is has both Set and reset with same priority. This may cause simulation mismatches. Consider rewriting code  [C:/Users/lenovo/Desktop/myproject/myproject/myproject.srcs/sources_1/new/new 2.v:323]
WARNING: [Synth 8-5788] Register regwritee_reg in module clk2 is has both Set and reset with same priority. This may cause simulation mismatches. Consider rewriting code  [C:/Users/lenovo/Desktop/myproject/myproject/myproject.srcs/sources_1/new/new 2.v:324]
WARNING: [Synth 8-5788] Register lexe_reg in module clk2 is has both Set and reset with same priority. This may cause simulation mismatches. Consider rewriting code  [C:/Users/lenovo/Desktop/myproject/myproject/myproject.srcs/sources_1/new/new 2.v:325]
WARNING: [Synth 8-5788] Register rexe_reg in module clk2 is has both Set and reset with same priority. This may cause simulation mismatches. Consider rewriting code  [C:/Users/lenovo/Desktop/myproject/myproject/myproject.srcs/sources_1/new/new 2.v:326]
WARNING: [Synth 8-5788] Register hosrce_reg in module clk2 is has both Set and reset with same priority. This may cause simulation mismatches. Consider rewriting code  [C:/Users/lenovo/Desktop/myproject/myproject/myproject.srcs/sources_1/new/new 2.v:327]
WARNING: [Synth 8-5788] Register controle_reg in module clk2 is has both Set and reset with same priority. This may cause simulation mismatches. Consider rewriting code  [C:/Users/lenovo/Desktop/myproject/myproject/myproject.srcs/sources_1/new/new 2.v:328]
WARNING: [Synth 8-5788] Register inrupe_reg in module clk2 is has both Set and reset with same priority. This may cause simulation mismatches. Consider rewriting code  [C:/Users/lenovo/Desktop/myproject/myproject/myproject.srcs/sources_1/new/new 2.v:330]
WARNING: [Synth 8-5788] Register con3_1e_reg in module clk2 is has both Set and reset with same priority. This may cause simulation mismatches. Consider rewriting code  [C:/Users/lenovo/Desktop/myproject/myproject/myproject.srcs/sources_1/new/new 2.v:331]
WARNING: [Synth 8-5788] Register con3_2e_reg in module clk2 is has both Set and reset with same priority. This may cause simulation mismatches. Consider rewriting code  [C:/Users/lenovo/Desktop/myproject/myproject/myproject.srcs/sources_1/new/new 2.v:332]
WARNING: [Synth 8-5788] Register con2_2e_reg in module clk2 is has both Set and reset with same priority. This may cause simulation mismatches. Consider rewriting code  [C:/Users/lenovo/Desktop/myproject/myproject/myproject.srcs/sources_1/new/new 2.v:333]
WARNING: [Synth 8-5788] Register con4_1e_reg in module clk2 is has both Set and reset with same priority. This may cause simulation mismatches. Consider rewriting code  [C:/Users/lenovo/Desktop/myproject/myproject/myproject.srcs/sources_1/new/new 2.v:334]
WARNING: [Synth 8-5788] Register sm2_reg in module clk2 is has both Set and reset with same priority. This may cause simulation mismatches. Consider rewriting code  [C:/Users/lenovo/Desktop/myproject/myproject/myproject.srcs/sources_1/new/new 2.v:335]
WARNING: [Synth 8-5788] Register con2_3e_reg in module clk2 is has both Set and reset with same priority. This may cause simulation mismatches. Consider rewriting code  [C:/Users/lenovo/Desktop/myproject/myproject/myproject.srcs/sources_1/new/new 2.v:336]
WARNING: [Synth 8-5788] Register con2_4e_reg in module clk2 is has both Set and reset with same priority. This may cause simulation mismatches. Consider rewriting code  [C:/Users/lenovo/Desktop/myproject/myproject/myproject.srcs/sources_1/new/new 2.v:337]
WARNING: [Synth 8-5788] Register regdata1e_reg in module clk2 is has both Set and reset with same priority. This may cause simulation mismatches. Consider rewriting code  [C:/Users/lenovo/Desktop/myproject/myproject/myproject.srcs/sources_1/new/new 2.v:338]
WARNING: [Synth 8-5788] Register regdata2e_reg in module clk2 is has both Set and reset with same priority. This may cause simulation mismatches. Consider rewriting code  [C:/Users/lenovo/Desktop/myproject/myproject/myproject.srcs/sources_1/new/new 2.v:339]
WARNING: [Synth 8-5788] Register rse_reg in module clk2 is has both Set and reset with same priority. This may cause simulation mismatches. Consider rewriting code  [C:/Users/lenovo/Desktop/myproject/myproject/myproject.srcs/sources_1/new/new 2.v:340]
WARNING: [Synth 8-5788] Register rde_reg in module clk2 is has both Set and reset with same priority. This may cause simulation mismatches. Consider rewriting code  [C:/Users/lenovo/Desktop/myproject/myproject/myproject.srcs/sources_1/new/new 2.v:341]
WARNING: [Synth 8-5788] Register rte_reg in module clk2 is has both Set and reset with same priority. This may cause simulation mismatches. Consider rewriting code  [C:/Users/lenovo/Desktop/myproject/myproject/myproject.srcs/sources_1/new/new 2.v:343]
WARNING: [Synth 8-5788] Register ice_reg in module clk2 is has both Set and reset with same priority. This may cause simulation mismatches. Consider rewriting code  [C:/Users/lenovo/Desktop/myproject/myproject/myproject.srcs/sources_1/new/new 2.v:344]
WARNING: [Synth 8-5788] Register signimme_reg in module clk2 is has both Set and reset with same priority. This may cause simulation mismatches. Consider rewriting code  [C:/Users/lenovo/Desktop/myproject/myproject/myproject.srcs/sources_1/new/new 2.v:345]
WARNING: [Synth 8-5788] Register lrexe_reg in module clk2 is has both Set and reset with same priority. This may cause simulation mismatches. Consider rewriting code  [C:/Users/lenovo/Desktop/myproject/myproject/myproject.srcs/sources_1/new/new 2.v:346]
WARNING: [Synth 8-5788] Register pce_reg in module clk2 is has both Set and reset with same priority. This may cause simulation mismatches. Consider rewriting code  [C:/Users/lenovo/Desktop/myproject/myproject/myproject.srcs/sources_1/new/new 2.v:347]
WARNING: [Synth 8-5788] Register pcsub4e_reg in module clk2 is has both Set and reset with same priority. This may cause simulation mismatches. Consider rewriting code  [C:/Users/lenovo/Desktop/myproject/myproject/myproject.srcs/sources_1/new/new 2.v:348]
WARNING: [Synth 8-3848] Net ifexpe in module/entity clk2 does not have driver. [C:/Users/lenovo/Desktop/myproject/myproject/myproject.srcs/sources_1/new/new 2.v:295]
INFO: [Synth 8-256] done synthesizing module 'clk2' (6#1) [C:/Users/lenovo/Desktop/myproject/myproject/myproject.srcs/sources_1/new/new 2.v:251]
WARNING: [Synth 8-350] instance 'clk2' of module 'clk2' requires 61 connections, but only 54 given [C:/Users/lenovo/Desktop/myproject/myproject/myproject.srcs/sources_1/new/myproject.v:416]
INFO: [Synth 8-638] synthesizing module 'clk3' [C:/Users/lenovo/Desktop/myproject/myproject/myproject.srcs/sources_1/new/new 2.v:389]
INFO: [Synth 8-256] done synthesizing module 'clk3' (7#1) [C:/Users/lenovo/Desktop/myproject/myproject/myproject.srcs/sources_1/new/new 2.v:389]
WARNING: [Synth 8-350] instance 'clk3' of module 'clk3' requires 42 connections, but only 37 given [C:/Users/lenovo/Desktop/myproject/myproject/myproject.srcs/sources_1/new/myproject.v:472]
INFO: [Synth 8-638] synthesizing module 'clk4' [C:/Users/lenovo/Desktop/myproject/myproject/myproject.srcs/sources_1/new/new 2.v:471]
INFO: [Synth 8-256] done synthesizing module 'clk4' (8#1) [C:/Users/lenovo/Desktop/myproject/myproject/myproject.srcs/sources_1/new/new 2.v:471]
WARNING: [Synth 8-350] instance 'clk4' of module 'clk4' requires 35 connections, but only 33 given [C:/Users/lenovo/Desktop/myproject/myproject/myproject.srcs/sources_1/new/myproject.v:515]
INFO: [Synth 8-638] synthesizing module 'pc_4' [C:/Users/lenovo/Desktop/myproject/myproject/myproject.srcs/sources_1/new/new 2.v:550]
INFO: [Synth 8-256] done synthesizing module 'pc_4' (9#1) [C:/Users/lenovo/Desktop/myproject/myproject/myproject.srcs/sources_1/new/new 2.v:550]
INFO: [Synth 8-638] synthesizing module 'submux' [C:/Users/lenovo/Desktop/myproject/myproject/myproject.srcs/sources_1/new/new 2.v:192]
INFO: [Synth 8-256] done synthesizing module 'submux' (10#1) [C:/Users/lenovo/Desktop/myproject/myproject/myproject.srcs/sources_1/new/new 2.v:192]
INFO: [Synth 8-638] synthesizing module 'mux2_5' [C:/Users/lenovo/Desktop/myproject/myproject/myproject.srcs/sources_1/CPU/CPU.srcs/sources_1/new/MUX2.v:9]
INFO: [Synth 8-256] done synthesizing module 'mux2_5' (11#1) [C:/Users/lenovo/Desktop/myproject/myproject/myproject.srcs/sources_1/CPU/CPU.srcs/sources_1/new/MUX2.v:9]
INFO: [Synth 8-638] synthesizing module 'reg_file' [C:/Users/lenovo/Desktop/myproject/myproject/myproject.srcs/sources_1/CPU/CPU.srcs/sources_1/new/REG_FILE.v:1]
INFO: [Synth 8-256] done synthesizing module 'reg_file' (12#1) [C:/Users/lenovo/Desktop/myproject/myproject/myproject.srcs/sources_1/CPU/CPU.srcs/sources_1/new/REG_FILE.v:1]
INFO: [Synth 8-638] synthesizing module 'mux2' [C:/Users/lenovo/Desktop/myproject/myproject/myproject.srcs/sources_1/CPU/CPU.srcs/sources_1/new/MUX2.v:1]
INFO: [Synth 8-256] done synthesizing module 'mux2' (13#1) [C:/Users/lenovo/Desktop/myproject/myproject/myproject.srcs/sources_1/CPU/CPU.srcs/sources_1/new/MUX2.v:1]
INFO: [Synth 8-638] synthesizing module 'l_expand' [C:/Users/lenovo/Desktop/myproject/myproject/myproject.srcs/sources_1/new/myproject.v:25]
INFO: [Synth 8-256] done synthesizing module 'l_expand' (14#1) [C:/Users/lenovo/Desktop/myproject/myproject/myproject.srcs/sources_1/new/myproject.v:25]
INFO: [Synth 8-638] synthesizing module 's_16' [C:/Users/lenovo/Desktop/myproject/myproject/myproject.srcs/sources_1/CPU/CPU.srcs/sources_1/new/S_16.v:1]
INFO: [Synth 8-256] done synthesizing module 's_16' (15#1) [C:/Users/lenovo/Desktop/myproject/myproject/myproject.srcs/sources_1/CPU/CPU.srcs/sources_1/new/S_16.v:1]
INFO: [Synth 8-638] synthesizing module 's2' [C:/Users/lenovo/Desktop/myproject/myproject/myproject.srcs/sources_1/CPU/CPU.srcs/sources_1/new/S_2.v:1]
INFO: [Synth 8-256] done synthesizing module 's2' (16#1) [C:/Users/lenovo/Desktop/myproject/myproject/myproject.srcs/sources_1/CPU/CPU.srcs/sources_1/new/S_2.v:1]
INFO: [Synth 8-638] synthesizing module 'adder' [C:/Users/lenovo/Desktop/myproject/myproject/myproject.srcs/sources_1/new/myproject.v:57]
INFO: [Synth 8-256] done synthesizing module 'adder' (17#1) [C:/Users/lenovo/Desktop/myproject/myproject/myproject.srcs/sources_1/new/myproject.v:57]
INFO: [Synth 8-638] synthesizing module 'mux3_5' [C:/Users/lenovo/Desktop/myproject/myproject/myproject.srcs/sources_1/CPU/CPU.srcs/sources_1/new/MUX3.v:9]
INFO: [Synth 8-256] done synthesizing module 'mux3_5' (18#1) [C:/Users/lenovo/Desktop/myproject/myproject/myproject.srcs/sources_1/CPU/CPU.srcs/sources_1/new/MUX3.v:9]
INFO: [Synth 8-638] synthesizing module 'mux3' [C:/Users/lenovo/Desktop/myproject/myproject/myproject.srcs/sources_1/CPU/CPU.srcs/sources_1/new/MUX3.v:1]
INFO: [Synth 8-256] done synthesizing module 'mux3' (19#1) [C:/Users/lenovo/Desktop/myproject/myproject/myproject.srcs/sources_1/CPU/CPU.srcs/sources_1/new/MUX3.v:1]
INFO: [Synth 8-638] synthesizing module 'mux4' [C:/Users/lenovo/Desktop/myproject/myproject/myproject.srcs/sources_1/CPU/CPU.srcs/sources_1/new/MUX4.v:1]
INFO: [Synth 8-256] done synthesizing module 'mux4' (20#1) [C:/Users/lenovo/Desktop/myproject/myproject/myproject.srcs/sources_1/CPU/CPU.srcs/sources_1/new/MUX4.v:1]
INFO: [Synth 8-638] synthesizing module 'alu' [C:/Users/lenovo/Desktop/myproject/myproject/myproject.srcs/sources_1/new/myproject.v:73]
INFO: [Synth 8-256] done synthesizing module 'alu' (21#1) [C:/Users/lenovo/Desktop/myproject/myproject/myproject.srcs/sources_1/new/myproject.v:73]
INFO: [Synth 8-638] synthesizing module 'adder_pc' [C:/Users/lenovo/Desktop/myproject/myproject/myproject.srcs/sources_1/CPU/CPU.srcs/sources_1/new/ADDER_PC.v:1]
INFO: [Synth 8-256] done synthesizing module 'adder_pc' (22#1) [C:/Users/lenovo/Desktop/myproject/myproject/myproject.srcs/sources_1/CPU/CPU.srcs/sources_1/new/ADDER_PC.v:1]
INFO: [Synth 8-638] synthesizing module 'data_memory' [C:/Users/lenovo/Desktop/myproject/myproject/myproject.srcs/sources_1/CPU/CPU.srcs/sources_1/new/data_memory.v:23]
WARNING: [Synth 8-6014] Unused sequential element memory_reg was removed. 
INFO: [Synth 8-256] done synthesizing module 'data_memory' (23#1) [C:/Users/lenovo/Desktop/myproject/myproject/myproject.srcs/sources_1/CPU/CPU.srcs/sources_1/new/data_memory.v:23]
INFO: [Synth 8-638] synthesizing module 'hi_lo' [C:/Users/lenovo/Desktop/myproject/myproject/myproject.srcs/sources_1/CPU/CPU.srcs/sources_1/new/HI_LO.v:1]
INFO: [Synth 8-256] done synthesizing module 'hi_lo' (24#1) [C:/Users/lenovo/Desktop/myproject/myproject/myproject.srcs/sources_1/CPU/CPU.srcs/sources_1/new/HI_LO.v:1]
INFO: [Synth 8-638] synthesizing module 'conflict' [C:/Users/lenovo/Desktop/myproject/myproject/myproject.srcs/sources_1/new/myproject.v:245]
WARNING: [Synth 8-6014] Unused sequential element stalld_reg was removed.  [C:/Users/lenovo/Desktop/myproject/myproject/myproject.srcs/sources_1/new/myproject.v:276]
WARNING: [Synth 8-6014] Unused sequential element flushe_reg was removed.  [C:/Users/lenovo/Desktop/myproject/myproject/myproject.srcs/sources_1/new/myproject.v:277]
INFO: [Synth 8-256] done synthesizing module 'conflict' (25#1) [C:/Users/lenovo/Desktop/myproject/myproject/myproject.srcs/sources_1/new/myproject.v:245]
WARNING: [Synth 8-3848] Net clk in module/entity cpu does not have driver. [C:/Users/lenovo/Desktop/myproject/myproject/myproject.srcs/sources_1/new/myproject.v:311]
WARNING: [Synth 8-3848] Net lbo in module/entity cpu does not have driver. [C:/Users/lenovo/Desktop/myproject/myproject/myproject.srcs/sources_1/new/myproject.v:628]
WARNING: [Synth 8-3848] Net jepc in module/entity cpu does not have driver. [C:/Users/lenovo/Desktop/myproject/myproject/myproject.srcs/sources_1/new/myproject.v:683]
INFO: [Synth 8-256] done synthesizing module 'cpu' (26#1) [C:/Users/lenovo/Desktop/myproject/myproject/myproject.srcs/sources_1/new/myproject.v:303]
WARNING: [Synth 8-3331] design data_memory has unconnected port a[31]
WARNING: [Synth 8-3331] design data_memory has unconnected port a[30]
WARNING: [Synth 8-3331] design data_memory has unconnected port a[29]
WARNING: [Synth 8-3331] design data_memory has unconnected port a[28]
WARNING: [Synth 8-3331] design data_memory has unconnected port a[27]
WARNING: [Synth 8-3331] design data_memory has unconnected port a[26]
WARNING: [Synth 8-3331] design data_memory has unconnected port a[25]
WARNING: [Synth 8-3331] design data_memory has unconnected port a[24]
WARNING: [Synth 8-3331] design data_memory has unconnected port a[23]
WARNING: [Synth 8-3331] design data_memory has unconnected port a[22]
WARNING: [Synth 8-3331] design data_memory has unconnected port a[21]
WARNING: [Synth 8-3331] design data_memory has unconnected port a[20]
WARNING: [Synth 8-3331] design data_memory has unconnected port a[19]
WARNING: [Synth 8-3331] design data_memory has unconnected port a[18]
WARNING: [Synth 8-3331] design data_memory has unconnected port a[17]
WARNING: [Synth 8-3331] design data_memory has unconnected port a[16]
WARNING: [Synth 8-3331] design data_memory has unconnected port a[15]
WARNING: [Synth 8-3331] design data_memory has unconnected port a[14]
WARNING: [Synth 8-3331] design data_memory has unconnected port a[13]
WARNING: [Synth 8-3331] design data_memory has unconnected port a[12]
WARNING: [Synth 8-3331] design data_memory has unconnected port a[11]
WARNING: [Synth 8-3331] design data_memory has unconnected port a[10]
WARNING: [Synth 8-3331] design data_memory has unconnected port a[9]
WARNING: [Synth 8-3331] design data_memory has unconnected port a[8]
WARNING: [Synth 8-3331] design data_memory has unconnected port a[7]
WARNING: [Synth 8-3331] design data_memory has unconnected port a[6]
WARNING: [Synth 8-3331] design data_memory has unconnected port a[5]
WARNING: [Synth 8-3331] design data_memory has unconnected port a[4]
WARNING: [Synth 8-3331] design data_memory has unconnected port a[3]
WARNING: [Synth 8-3331] design data_memory has unconnected port a[2]
WARNING: [Synth 8-3331] design data_memory has unconnected port a[1]
WARNING: [Synth 8-3331] design data_memory has unconnected port a[0]
WARNING: [Synth 8-3331] design s2 has unconnected port in[31]
WARNING: [Synth 8-3331] design s2 has unconnected port in[30]
WARNING: [Synth 8-3331] design clk4 has unconnected port hosrcf
WARNING: [Synth 8-3331] design clk3 has unconnected port lexe[1]
WARNING: [Synth 8-3331] design clk3 has unconnected port lexe[0]
WARNING: [Synth 8-3331] design clk2 has unconnected port ifexpe
WARNING: [Synth 8-3331] design clk2 has unconnected port ifexp
WARNING: [Synth 8-3331] design clk2 has unconnected port con2_1
WARNING: [Synth 8-3331] design mem_insturction has unconnected port pc[31]
WARNING: [Synth 8-3331] design mem_insturction has unconnected port pc[30]
WARNING: [Synth 8-3331] design mem_insturction has unconnected port pc[29]
WARNING: [Synth 8-3331] design mem_insturction has unconnected port pc[28]
WARNING: [Synth 8-3331] design mem_insturction has unconnected port pc[27]
WARNING: [Synth 8-3331] design mem_insturction has unconnected port pc[26]
WARNING: [Synth 8-3331] design mem_insturction has unconnected port pc[25]
WARNING: [Synth 8-3331] design mem_insturction has unconnected port pc[24]
WARNING: [Synth 8-3331] design mem_insturction has unconnected port pc[23]
WARNING: [Synth 8-3331] design mem_insturction has unconnected port pc[22]
WARNING: [Synth 8-3331] design mem_insturction has unconnected port pc[21]
WARNING: [Synth 8-3331] design mem_insturction has unconnected port pc[20]
WARNING: [Synth 8-3331] design mem_insturction has unconnected port pc[19]
WARNING: [Synth 8-3331] design mem_insturction has unconnected port pc[18]
WARNING: [Synth 8-3331] design mem_insturction has unconnected port pc[17]
WARNING: [Synth 8-3331] design mem_insturction has unconnected port pc[16]
WARNING: [Synth 8-3331] design mem_insturction has unconnected port pc[15]
WARNING: [Synth 8-3331] design mem_insturction has unconnected port pc[14]
WARNING: [Synth 8-3331] design mem_insturction has unconnected port pc[13]
WARNING: [Synth 8-3331] design mem_insturction has unconnected port pc[12]
WARNING: [Synth 8-3331] design mem_insturction has unconnected port pc[11]
WARNING: [Synth 8-3331] design mem_insturction has unconnected port pc[10]
WARNING: [Synth 8-3331] design mem_insturction has unconnected port pc[9]
WARNING: [Synth 8-3331] design mem_insturction has unconnected port pc[8]
WARNING: [Synth 8-3331] design mem_insturction has unconnected port pc[7]
WARNING: [Synth 8-3331] design mem_insturction has unconnected port pc[6]
---------------------------------------------------------------------------------
Finished RTL Elaboration : Time (s): cpu = 00:00:17 ; elapsed = 00:00:16 . Memory (MB): peak = 851.668 ; gain = 69.328
---------------------------------------------------------------------------------

Report Check Netlist: 
+------+------------------+-------+---------+-------+------------------+
|      |Item              |Errors |Warnings |Status |Description       |
+------+------------------+-------+---------+-------+------------------+
|1     |multi_driven_nets |      0|        0|Passed |Multi driven nets |
+------+------------------+-------+---------+-------+------------------+
WARNING: [Synth 8-3295] tying undriven pin p_c:clk to constant 0 [C:/Users/lenovo/Desktop/myproject/myproject/myproject.srcs/sources_1/new/myproject.v:392]
WARNING: [Synth 8-3295] tying undriven pin clk1:clk to constant 0 [C:/Users/lenovo/Desktop/myproject/myproject/myproject.srcs/sources_1/new/myproject.v:402]
WARNING: [Synth 8-3295] tying undriven pin clk2:con3_2[1] to constant 0 [C:/Users/lenovo/Desktop/myproject/myproject/myproject.srcs/sources_1/new/myproject.v:416]
WARNING: [Synth 8-3295] tying undriven pin clk2:con3_2[0] to constant 0 [C:/Users/lenovo/Desktop/myproject/myproject/myproject.srcs/sources_1/new/myproject.v:416]
WARNING: [Synth 8-3295] tying undriven pin clk2:clk to constant 0 [C:/Users/lenovo/Desktop/myproject/myproject/myproject.srcs/sources_1/new/myproject.v:416]
WARNING: [Synth 8-3295] tying undriven pin clk2:lex[1] to constant 0 [C:/Users/lenovo/Desktop/myproject/myproject/myproject.srcs/sources_1/new/myproject.v:416]
WARNING: [Synth 8-3295] tying undriven pin clk2:lex[0] to constant 0 [C:/Users/lenovo/Desktop/myproject/myproject/myproject.srcs/sources_1/new/myproject.v:416]
WARNING: [Synth 8-3295] tying undriven pin clk3:con3_2e[1] to constant 0 [C:/Users/lenovo/Desktop/myproject/myproject/myproject.srcs/sources_1/new/myproject.v:472]
WARNING: [Synth 8-3295] tying undriven pin clk3:con3_2e[0] to constant 0 [C:/Users/lenovo/Desktop/myproject/myproject/myproject.srcs/sources_1/new/myproject.v:472]
WARNING: [Synth 8-3295] tying undriven pin clk3:clk to constant 0 [C:/Users/lenovo/Desktop/myproject/myproject/myproject.srcs/sources_1/new/myproject.v:472]
WARNING: [Synth 8-3295] tying undriven pin clk3:lrexe to constant 0 [C:/Users/lenovo/Desktop/myproject/myproject/myproject.srcs/sources_1/new/myproject.v:472]
WARNING: [Synth 8-3295] tying undriven pin clk4:clk to constant 0 [C:/Users/lenovo/Desktop/myproject/myproject/myproject.srcs/sources_1/new/myproject.v:515]
WARNING: [Synth 8-3295] tying undriven pin clk4:lrexf to constant 0 [C:/Users/lenovo/Desktop/myproject/myproject/myproject.srcs/sources_1/new/myproject.v:515]
WARNING: [Synth 8-3295] tying undriven pin reg_file:clk to constant 0 [C:/Users/lenovo/Desktop/myproject/myproject/myproject.srcs/sources_1/new/myproject.v:568]
WARNING: [Synth 8-3295] tying undriven pin mux4_1:in_01[31] to constant 0 [C:/Users/lenovo/Desktop/myproject/myproject/myproject.srcs/sources_1/new/myproject.v:636]
WARNING: [Synth 8-3295] tying undriven pin mux4_1:in_01[30] to constant 0 [C:/Users/lenovo/Desktop/myproject/myproject/myproject.srcs/sources_1/new/myproject.v:636]
WARNING: [Synth 8-3295] tying undriven pin mux4_1:in_01[29] to constant 0 [C:/Users/lenovo/Desktop/myproject/myproject/myproject.srcs/sources_1/new/myproject.v:636]
WARNING: [Synth 8-3295] tying undriven pin mux4_1:in_01[28] to constant 0 [C:/Users/lenovo/Desktop/myproject/myproject/myproject.srcs/sources_1/new/myproject.v:636]
WARNING: [Synth 8-3295] tying undriven pin mux4_1:in_01[27] to constant 0 [C:/Users/lenovo/Desktop/myproject/myproject/myproject.srcs/sources_1/new/myproject.v:636]
WARNING: [Synth 8-3295] tying undriven pin mux4_1:in_01[26] to constant 0 [C:/Users/lenovo/Desktop/myproject/myproject/myproject.srcs/sources_1/new/myproject.v:636]
WARNING: [Synth 8-3295] tying undriven pin mux4_1:in_01[25] to constant 0 [C:/Users/lenovo/Desktop/myproject/myproject/myproject.srcs/sources_1/new/myproject.v:636]
WARNING: [Synth 8-3295] tying undriven pin mux4_1:in_01[24] to constant 0 [C:/Users/lenovo/Desktop/myproject/myproject/myproject.srcs/sources_1/new/myproject.v:636]
WARNING: [Synth 8-3295] tying undriven pin mux4_1:in_01[23] to constant 0 [C:/Users/lenovo/Desktop/myproject/myproject/myproject.srcs/sources_1/new/myproject.v:636]
WARNING: [Synth 8-3295] tying undriven pin mux4_1:in_01[22] to constant 0 [C:/Users/lenovo/Desktop/myproject/myproject/myproject.srcs/sources_1/new/myproject.v:636]
WARNING: [Synth 8-3295] tying undriven pin mux4_1:in_01[21] to constant 0 [C:/Users/lenovo/Desktop/myproject/myproject/myproject.srcs/sources_1/new/myproject.v:636]
WARNING: [Synth 8-3295] tying undriven pin mux4_1:in_01[20] to constant 0 [C:/Users/lenovo/Desktop/myproject/myproject/myproject.srcs/sources_1/new/myproject.v:636]
WARNING: [Synth 8-3295] tying undriven pin mux4_1:in_01[19] to constant 0 [C:/Users/lenovo/Desktop/myproject/myproject/myproject.srcs/sources_1/new/myproject.v:636]
WARNING: [Synth 8-3295] tying undriven pin mux4_1:in_01[18] to constant 0 [C:/Users/lenovo/Desktop/myproject/myproject/myproject.srcs/sources_1/new/myproject.v:636]
WARNING: [Synth 8-3295] tying undriven pin mux4_1:in_01[17] to constant 0 [C:/Users/lenovo/Desktop/myproject/myproject/myproject.srcs/sources_1/new/myproject.v:636]
WARNING: [Synth 8-3295] tying undriven pin mux4_1:in_01[16] to constant 0 [C:/Users/lenovo/Desktop/myproject/myproject/myproject.srcs/sources_1/new/myproject.v:636]
WARNING: [Synth 8-3295] tying undriven pin mux4_1:in_01[15] to constant 0 [C:/Users/lenovo/Desktop/myproject/myproject/myproject.srcs/sources_1/new/myproject.v:636]
WARNING: [Synth 8-3295] tying undriven pin mux4_1:in_01[14] to constant 0 [C:/Users/lenovo/Desktop/myproject/myproject/myproject.srcs/sources_1/new/myproject.v:636]
WARNING: [Synth 8-3295] tying undriven pin mux4_1:in_01[13] to constant 0 [C:/Users/lenovo/Desktop/myproject/myproject/myproject.srcs/sources_1/new/myproject.v:636]
WARNING: [Synth 8-3295] tying undriven pin mux4_1:in_01[12] to constant 0 [C:/Users/lenovo/Desktop/myproject/myproject/myproject.srcs/sources_1/new/myproject.v:636]
WARNING: [Synth 8-3295] tying undriven pin mux4_1:in_01[11] to constant 0 [C:/Users/lenovo/Desktop/myproject/myproject/myproject.srcs/sources_1/new/myproject.v:636]
WARNING: [Synth 8-3295] tying undriven pin mux4_1:in_01[10] to constant 0 [C:/Users/lenovo/Desktop/myproject/myproject/myproject.srcs/sources_1/new/myproject.v:636]
WARNING: [Synth 8-3295] tying undriven pin mux4_1:in_01[9] to constant 0 [C:/Users/lenovo/Desktop/myproject/myproject/myproject.srcs/sources_1/new/myproject.v:636]
WARNING: [Synth 8-3295] tying undriven pin mux4_1:in_01[8] to constant 0 [C:/Users/lenovo/Desktop/myproject/myproject/myproject.srcs/sources_1/new/myproject.v:636]
WARNING: [Synth 8-3295] tying undriven pin mux4_1:in_01[7] to constant 0 [C:/Users/lenovo/Desktop/myproject/myproject/myproject.srcs/sources_1/new/myproject.v:636]
WARNING: [Synth 8-3295] tying undriven pin mux4_1:in_01[6] to constant 0 [C:/Users/lenovo/Desktop/myproject/myproject/myproject.srcs/sources_1/new/myproject.v:636]
WARNING: [Synth 8-3295] tying undriven pin mux4_1:in_01[5] to constant 0 [C:/Users/lenovo/Desktop/myproject/myproject/myproject.srcs/sources_1/new/myproject.v:636]
WARNING: [Synth 8-3295] tying undriven pin mux4_1:in_01[4] to constant 0 [C:/Users/lenovo/Desktop/myproject/myproject/myproject.srcs/sources_1/new/myproject.v:636]
WARNING: [Synth 8-3295] tying undriven pin mux4_1:in_01[3] to constant 0 [C:/Users/lenovo/Desktop/myproject/myproject/myproject.srcs/sources_1/new/myproject.v:636]
WARNING: [Synth 8-3295] tying undriven pin mux4_1:in_01[2] to constant 0 [C:/Users/lenovo/Desktop/myproject/myproject/myproject.srcs/sources_1/new/myproject.v:636]
WARNING: [Synth 8-3295] tying undriven pin mux4_1:in_01[1] to constant 0 [C:/Users/lenovo/Desktop/myproject/myproject/myproject.srcs/sources_1/new/myproject.v:636]
WARNING: [Synth 8-3295] tying undriven pin mux4_1:in_01[0] to constant 0 [C:/Users/lenovo/Desktop/myproject/myproject/myproject.srcs/sources_1/new/myproject.v:636]
WARNING: [Synth 8-3295] tying undriven pin mux2_3:in_1[31] to constant 0 [C:/Users/lenovo/Desktop/myproject/myproject/myproject.srcs/sources_1/new/myproject.v:690]
WARNING: [Synth 8-3295] tying undriven pin mux2_3:in_1[30] to constant 0 [C:/Users/lenovo/Desktop/myproject/myproject/myproject.srcs/sources_1/new/myproject.v:690]
WARNING: [Synth 8-3295] tying undriven pin mux2_3:in_1[29] to constant 0 [C:/Users/lenovo/Desktop/myproject/myproject/myproject.srcs/sources_1/new/myproject.v:690]
WARNING: [Synth 8-3295] tying undriven pin mux2_3:in_1[28] to constant 0 [C:/Users/lenovo/Desktop/myproject/myproject/myproject.srcs/sources_1/new/myproject.v:690]
WARNING: [Synth 8-3295] tying undriven pin mux2_3:in_1[27] to constant 0 [C:/Users/lenovo/Desktop/myproject/myproject/myproject.srcs/sources_1/new/myproject.v:690]
WARNING: [Synth 8-3295] tying undriven pin mux2_3:in_1[26] to constant 0 [C:/Users/lenovo/Desktop/myproject/myproject/myproject.srcs/sources_1/new/myproject.v:690]
WARNING: [Synth 8-3295] tying undriven pin mux2_3:in_1[25] to constant 0 [C:/Users/lenovo/Desktop/myproject/myproject/myproject.srcs/sources_1/new/myproject.v:690]
WARNING: [Synth 8-3295] tying undriven pin mux2_3:in_1[24] to constant 0 [C:/Users/lenovo/Desktop/myproject/myproject/myproject.srcs/sources_1/new/myproject.v:690]
WARNING: [Synth 8-3295] tying undriven pin mux2_3:in_1[23] to constant 0 [C:/Users/lenovo/Desktop/myproject/myproject/myproject.srcs/sources_1/new/myproject.v:690]
WARNING: [Synth 8-3295] tying undriven pin mux2_3:in_1[22] to constant 0 [C:/Users/lenovo/Desktop/myproject/myproject/myproject.srcs/sources_1/new/myproject.v:690]
WARNING: [Synth 8-3295] tying undriven pin mux2_3:in_1[21] to constant 0 [C:/Users/lenovo/Desktop/myproject/myproject/myproject.srcs/sources_1/new/myproject.v:690]
WARNING: [Synth 8-3295] tying undriven pin mux2_3:in_1[20] to constant 0 [C:/Users/lenovo/Desktop/myproject/myproject/myproject.srcs/sources_1/new/myproject.v:690]
WARNING: [Synth 8-3295] tying undriven pin mux2_3:in_1[19] to constant 0 [C:/Users/lenovo/Desktop/myproject/myproject/myproject.srcs/sources_1/new/myproject.v:690]
WARNING: [Synth 8-3295] tying undriven pin mux2_3:in_1[18] to constant 0 [C:/Users/lenovo/Desktop/myproject/myproject/myproject.srcs/sources_1/new/myproject.v:690]
WARNING: [Synth 8-3295] tying undriven pin mux2_3:in_1[17] to constant 0 [C:/Users/lenovo/Desktop/myproject/myproject/myproject.srcs/sources_1/new/myproject.v:690]
WARNING: [Synth 8-3295] tying undriven pin mux2_3:in_1[16] to constant 0 [C:/Users/lenovo/Desktop/myproject/myproject/myproject.srcs/sources_1/new/myproject.v:690]
WARNING: [Synth 8-3295] tying undriven pin mux2_3:in_1[15] to constant 0 [C:/Users/lenovo/Desktop/myproject/myproject/myproject.srcs/sources_1/new/myproject.v:690]
WARNING: [Synth 8-3295] tying undriven pin mux2_3:in_1[14] to constant 0 [C:/Users/lenovo/Desktop/myproject/myproject/myproject.srcs/sources_1/new/myproject.v:690]
WARNING: [Synth 8-3295] tying undriven pin mux2_3:in_1[13] to constant 0 [C:/Users/lenovo/Desktop/myproject/myproject/myproject.srcs/sources_1/new/myproject.v:690]
WARNING: [Synth 8-3295] tying undriven pin mux2_3:in_1[12] to constant 0 [C:/Users/lenovo/Desktop/myproject/myproject/myproject.srcs/sources_1/new/myproject.v:690]
WARNING: [Synth 8-3295] tying undriven pin mux2_3:in_1[11] to constant 0 [C:/Users/lenovo/Desktop/myproject/myproject/myproject.srcs/sources_1/new/myproject.v:690]
WARNING: [Synth 8-3295] tying undriven pin mux2_3:in_1[10] to constant 0 [C:/Users/lenovo/Desktop/myproject/myproject/myproject.srcs/sources_1/new/myproject.v:690]
WARNING: [Synth 8-3295] tying undriven pin mux2_3:in_1[9] to constant 0 [C:/Users/lenovo/Desktop/myproject/myproject/myproject.srcs/sources_1/new/myproject.v:690]
WARNING: [Synth 8-3295] tying undriven pin mux2_3:in_1[8] to constant 0 [C:/Users/lenovo/Desktop/myproject/myproject/myproject.srcs/sources_1/new/myproject.v:690]
WARNING: [Synth 8-3295] tying undriven pin mux2_3:in_1[7] to constant 0 [C:/Users/lenovo/Desktop/myproject/myproject/myproject.srcs/sources_1/new/myproject.v:690]
WARNING: [Synth 8-3295] tying undriven pin mux2_3:in_1[6] to constant 0 [C:/Users/lenovo/Desktop/myproject/myproject/myproject.srcs/sources_1/new/myproject.v:690]
WARNING: [Synth 8-3295] tying undriven pin mux2_3:in_1[5] to constant 0 [C:/Users/lenovo/Desktop/myproject/myproject/myproject.srcs/sources_1/new/myproject.v:690]
WARNING: [Synth 8-3295] tying undriven pin mux2_3:in_1[4] to constant 0 [C:/Users/lenovo/Desktop/myproject/myproject/myproject.srcs/sources_1/new/myproject.v:690]
WARNING: [Synth 8-3295] tying undriven pin mux2_3:in_1[3] to constant 0 [C:/Users/lenovo/Desktop/myproject/myproject/myproject.srcs/sources_1/new/myproject.v:690]
WARNING: [Synth 8-3295] tying undriven pin mux2_3:in_1[2] to constant 0 [C:/Users/lenovo/Desktop/myproject/myproject/myproject.srcs/sources_1/new/myproject.v:690]
WARNING: [Synth 8-3295] tying undriven pin mux2_3:in_1[1] to constant 0 [C:/Users/lenovo/Desktop/myproject/myproject/myproject.srcs/sources_1/new/myproject.v:690]
WARNING: [Synth 8-3295] tying undriven pin mux2_3:in_1[0] to constant 0 [C:/Users/lenovo/Desktop/myproject/myproject/myproject.srcs/sources_1/new/myproject.v:690]
WARNING: [Synth 8-3295] tying undriven pin memory:clk to constant 0 [C:/Users/lenovo/Desktop/myproject/myproject/myproject.srcs/sources_1/new/myproject.v:701]
---------------------------------------------------------------------------------
Finished RTL Optimization Phase 1 : Time (s): cpu = 00:00:18 ; elapsed = 00:00:17 . Memory (MB): peak = 851.668 ; gain = 69.328
---------------------------------------------------------------------------------
INFO: [Device 21-403] Loading part xc7a200tfbg676-2
INFO: [Project 1-570] Preparing netlist for logic optimization

Processing XDC Constraints
Initializing timing engine
Completed Processing XDC Constraints

INFO: [Opt 31-138] Pushed 0 inverter(s) to 0 load pin(s).
INFO: [Project 1-111] Unisim Transformation Summary:
No Unisim elements were transformed.

RTL Elaboration Complete:  : Time (s): cpu = 00:01:05 ; elapsed = 00:00:56 . Memory (MB): peak = 1197.105 ; gain = 414.766
56 Infos, 246 Warnings, 0 Critical Warnings and 0 Errors encountered.
synth_design completed successfully
synth_design: Time (s): cpu = 00:01:05 ; elapsed = 00:00:56 . Memory (MB): peak = 1197.105 ; gain = 414.766
write_schematic -format pdf -orientation portrait C:/Users/lenovo/Desktop/schematic.pdf
C:/Users/lenovo/Desktop/schematic.pdf
WARNING: [filemgmt 56-199] Attempt to get parsing info during refresh. "On-the-fly" syntax checking information may be incorrect. [C:/Users/lenovo/Desktop/myproject/myproject/myproject.srcs/sources_1/new/myproject.v:]
WARNING: [filemgmt 56-199] Attempt to get parsing info during refresh. "On-the-fly" syntax checking information may be incorrect. [C:/Users/lenovo/Desktop/myproject/myproject/myproject.srcs/sources_1/CPU/CPU.srcs/sources_1/new/REG_FILE.v:]
WARNING: [filemgmt 56-199] Attempt to get parsing info during refresh. "On-the-fly" syntax checking information may be incorrect. [C:/Users/lenovo/Desktop/myproject/myproject/myproject.srcs/sources_1/new/new 2.v:]
WARNING: [filemgmt 56-199] Attempt to get parsing info during refresh. "On-the-fly" syntax checking information may be incorrect. [C:/Users/lenovo/Desktop/myproject/myproject/myproject.srcs/sources_1/CPU/CPU.srcs/sources_1/new/MUX4.v:]
WARNING: [filemgmt 56-199] Attempt to get parsing info during refresh. "On-the-fly" syntax checking information may be incorrect. [C:/Users/lenovo/Desktop/myproject/myproject/myproject.srcs/sources_1/CPU/CPU.srcs/sources_1/new/MEMORY_INSTRUCTION.v:]
WARNING: [filemgmt 56-199] Attempt to get parsing info during refresh. "On-the-fly" syntax checking information may be incorrect. [C:/Users/lenovo/Desktop/myproject/myproject/myproject.srcs/sources_1/new/myproject.v:]
WARNING: [filemgmt 56-199] Attempt to get parsing info during refresh. "On-the-fly" syntax checking information may be incorrect. [C:/Users/lenovo/Desktop/myproject/myproject/myproject.srcs/sources_1/CPU/CPU.srcs/sources_1/new/REG_FILE.v:]
WARNING: [filemgmt 56-199] Attempt to get parsing info during refresh. "On-the-fly" syntax checking information may be incorrect. [C:/Users/lenovo/Desktop/myproject/myproject/myproject.srcs/sources_1/new/new 2.v:]
WARNING: [filemgmt 56-199] Attempt to get parsing info during refresh. "On-the-fly" syntax checking information may be incorrect. [C:/Users/lenovo/Desktop/myproject/myproject/myproject.srcs/sources_1/CPU/CPU.srcs/sources_1/new/MUX4.v:]
WARNING: [filemgmt 56-199] Attempt to get parsing info during refresh. "On-the-fly" syntax checking information may be incorrect. [C:/Users/lenovo/Desktop/myproject/myproject/myproject.srcs/sources_1/CPU/CPU.srcs/sources_1/new/MEMORY_INSTRUCTION.v:]
WARNING: [filemgmt 56-199] Attempt to get parsing info during refresh. "On-the-fly" syntax checking information may be incorrect. [C:/Users/lenovo/Desktop/myproject/myproject/myproject.srcs/sources_1/new/myproject.v:]
WARNING: [filemgmt 56-199] Attempt to get parsing info during refresh. "On-the-fly" syntax checking information may be incorrect. [C:/Users/lenovo/Desktop/myproject/myproject/myproject.srcs/sources_1/CPU/CPU.srcs/sources_1/new/REG_FILE.v:]
WARNING: [filemgmt 56-199] Attempt to get parsing info during refresh. "On-the-fly" syntax checking information may be incorrect. [C:/Users/lenovo/Desktop/myproject/myproject/myproject.srcs/sources_1/new/new 2.v:]
WARNING: [filemgmt 56-199] Attempt to get parsing info during refresh. "On-the-fly" syntax checking information may be incorrect. [C:/Users/lenovo/Desktop/myproject/myproject/myproject.srcs/sources_1/CPU/CPU.srcs/sources_1/new/MUX4.v:]
WARNING: [filemgmt 56-199] Attempt to get parsing info during refresh. "On-the-fly" syntax checking information may be incorrect. [C:/Users/lenovo/Desktop/myproject/myproject/myproject.srcs/sources_1/CPU/CPU.srcs/sources_1/new/MEMORY_INSTRUCTION.v:]
WARNING: [filemgmt 56-199] Attempt to get parsing info during refresh. "On-the-fly" syntax checking information may be incorrect. [C:/Users/lenovo/Desktop/myproject/myproject/myproject.srcs/sources_1/new/myproject.v:]
WARNING: [filemgmt 56-199] Attempt to get parsing info during refresh. "On-the-fly" syntax checking information may be incorrect. [C:/Users/lenovo/Desktop/myproject/myproject/myproject.srcs/sources_1/CPU/CPU.srcs/sources_1/new/REG_FILE.v:]
WARNING: [filemgmt 56-199] Attempt to get parsing info during refresh. "On-the-fly" syntax checking information may be incorrect. [C:/Users/lenovo/Desktop/myproject/myproject/myproject.srcs/sources_1/new/new 2.v:]
WARNING: [filemgmt 56-199] Attempt to get parsing info during refresh. "On-the-fly" syntax checking information may be incorrect. [C:/Users/lenovo/Desktop/myproject/myproject/myproject.srcs/sources_1/CPU/CPU.srcs/sources_1/new/MUX4.v:]
WARNING: [filemgmt 56-199] Attempt to get parsing info during refresh. "On-the-fly" syntax checking information may be incorrect. [C:/Users/lenovo/Desktop/myproject/myproject/myproject.srcs/sources_1/CPU/CPU.srcs/sources_1/new/MEMORY_INSTRUCTION.v:]
ERROR: [Common 17-180] Spawn failed: No error
ERROR: [filemgmt 56-285] srcscanner execution failed with return code -1.
INFO: [xilinx.com:ip:axi_bram_ctrl:4.0-2] axi_bram_ctrl_0: In IP Integrator, please note that memory depth value gets calculated based on the Data Width of the IP and Address range selected in the Address Editor.Incase a validation error occured on the range of this parameter, please check if the selected Data width and the Address Range are valid. For valid Data width and memory depth values, please refer to the AXI BRAM Controller Product Guide.
INFO: [xilinx.com:ip:axi_bram_ctrl:4.0-1] axi_bram_ctrl_0: In IP Integrator, The Maximum address range supported is 2G. Selecting the address range more than 2G in the address editor may resets the value of Memory depth to default value (1024). please refer to the AXI BRAM Controller Product Guide.
WARNING: [IP_Flow 19-4067] Ignoring invalid widget type specified checkbox.Providing a default widget
WARNING: [IP_Flow 19-4067] Ignoring invalid widget type specified checkbox.Providing a default widget
create_ip -name blk_mem_gen -vendor xilinx.com -library ip -version 8.3 -module_name blk_mem_gen_0 -dir c:/Users/lenovo/Desktop/myproject/myproject/myproject.srcs/sources_1/ip
set_property -dict [list CONFIG.Use_Byte_Write_Enable {false} CONFIG.Write_Width_A {32} CONFIG.Write_Depth_A {1024} CONFIG.Read_Width_A {32} CONFIG.Load_Init_File {false} CONFIG.Fill_Remaining_Memory_Locations {false} CONFIG.Write_Width_B {32} CONFIG.Read_Width_B {32} CONFIG.Coe_File {no_coe_file_loaded}] [get_ips blk_mem_gen_0]
generate_target {instantiation_template} [get_files c:/Users/lenovo/Desktop/myproject/myproject/myproject.srcs/sources_1/ip/blk_mem_gen_0/blk_mem_gen_0.xci]
INFO: [IP_Flow 19-1686] Generating 'Instantiation Template' target for IP 'blk_mem_gen_0'...
update_compile_order -fileset sources_1
generate_target all [get_files  c:/Users/lenovo/Desktop/myproject/myproject/myproject.srcs/sources_1/ip/blk_mem_gen_0/blk_mem_gen_0.xci]
INFO: [IP_Flow 19-1686] Generating 'Synthesis' target for IP 'blk_mem_gen_0'...
INFO: [IP_Flow 19-1686] Generating 'Simulation' target for IP 'blk_mem_gen_0'...
INFO: [IP_Flow 19-1686] Generating 'Miscellaneous' target for IP 'blk_mem_gen_0'...
INFO: [IP_Flow 19-1686] Generating 'Change Log' target for IP 'blk_mem_gen_0'...
export_ip_user_files -of_objects [get_files c:/Users/lenovo/Desktop/myproject/myproject/myproject.srcs/sources_1/ip/blk_mem_gen_0/blk_mem_gen_0.xci] -no_script -sync -force -quiet
create_ip_run [get_files -of_objects [get_fileset sources_1] c:/Users/lenovo/Desktop/myproject/myproject/myproject.srcs/sources_1/ip/blk_mem_gen_0/blk_mem_gen_0.xci]
launch_runs -jobs 4 blk_mem_gen_0_synth_1
[Wed Aug 16 18:04:54 2017] Launched blk_mem_gen_0_synth_1...
Run output will be captured here: C:/Users/lenovo/Desktop/myproject/myproject/myproject.runs/blk_mem_gen_0_synth_1/runme.log
export_simulation -of_objects [get_files c:/Users/lenovo/Desktop/myproject/myproject/myproject.srcs/sources_1/ip/blk_mem_gen_0/blk_mem_gen_0.xci] -directory C:/Users/lenovo/Desktop/myproject/myproject/myproject.ip_user_files/sim_scripts -ip_user_files_dir C:/Users/lenovo/Desktop/myproject/myproject/myproject.ip_user_files -ipstatic_source_dir C:/Users/lenovo/Desktop/myproject/myproject/myproject.ip_user_files/ipstatic -lib_map_path [list {modelsim=C:/Users/lenovo/Desktop/myproject/myproject/myproject.cache/compile_simlib/modelsim} {questa=C:/Users/lenovo/Desktop/myproject/myproject/myproject.cache/compile_simlib/questa} {riviera=C:/Users/lenovo/Desktop/myproject/myproject/myproject.cache/compile_simlib/riviera} {activehdl=C:/Users/lenovo/Desktop/myproject/myproject/myproject.cache/compile_simlib/activehdl}] -use_ip_compiled_libs -force -quiet
reset_run synth_1
launch_runs synth_1 -jobs 4
[Wed Aug 16 19:10:57 2017] Launched synth_1...
Run output will be captured here: C:/Users/lenovo/Desktop/myproject/myproject/myproject.runs/synth_1/runme.log
launch_runs: Time (s): cpu = 00:00:02 ; elapsed = 00:00:41 . Memory (MB): peak = 1407.031 ; gain = 0.000
reset_run synth_1
launch_runs synth_1 -jobs 4
[Wed Aug 16 19:15:57 2017] Launched synth_1...
Run output will be captured here: C:/Users/lenovo/Desktop/myproject/myproject/myproject.runs/synth_1/runme.log
launch_runs: Time (s): cpu = 00:00:02 ; elapsed = 00:00:24 . Memory (MB): peak = 1407.031 ; gain = 0.000
reset_run synth_1
launch_runs synth_1 -jobs 4
[Wed Aug 16 19:31:10 2017] Launched synth_1...
Run output will be captured here: C:/Users/lenovo/Desktop/myproject/myproject/myproject.runs/synth_1/runme.log
launch_runs: Time (s): cpu = 00:00:03 ; elapsed = 00:00:33 . Memory (MB): peak = 1407.031 ; gain = 0.000
reset_run synth_1
launch_runs synth_1 -jobs 4
[Wed Aug 16 19:41:23 2017] Launched synth_1...
Run output will be captured here: C:/Users/lenovo/Desktop/myproject/myproject/myproject.runs/synth_1/runme.log
launch_runs: Time (s): cpu = 00:00:01 ; elapsed = 00:00:16 . Memory (MB): peak = 1407.031 ; gain = 0.000
reset_run synth_1
launch_runs synth_1 -jobs 4
[Wed Aug 16 19:47:28 2017] Launched synth_1...
Run output will be captured here: C:/Users/lenovo/Desktop/myproject/myproject/myproject.runs/synth_1/runme.log
launch_runs: Time (s): cpu = 00:00:01 ; elapsed = 00:00:23 . Memory (MB): peak = 1407.031 ; gain = 0.000
reset_run synth_1
launch_runs synth_1 -jobs 4
[Wed Aug 16 19:50:51 2017] Launched synth_1...
Run output will be captured here: C:/Users/lenovo/Desktop/myproject/myproject/myproject.runs/synth_1/runme.log
launch_runs: Time (s): cpu = 00:00:01 ; elapsed = 00:00:24 . Memory (MB): peak = 1407.031 ; gain = 0.000
reset_run synth_1
launch_runs synth_1 -jobs 4
[Wed Aug 16 20:04:00 2017] Launched synth_1...
Run output will be captured here: C:/Users/lenovo/Desktop/myproject/myproject/myproject.runs/synth_1/runme.log
launch_runs: Time (s): cpu = 00:00:01 ; elapsed = 00:00:20 . Memory (MB): peak = 1407.031 ; gain = 0.000
reset_run synth_1
launch_runs synth_1 -jobs 4
[Wed Aug 16 20:06:09 2017] Launched synth_1...
Run output will be captured here: C:/Users/lenovo/Desktop/myproject/myproject/myproject.runs/synth_1/runme.log
launch_runs: Time (s): cpu = 00:00:02 ; elapsed = 00:00:23 . Memory (MB): peak = 1407.031 ; gain = 0.000
reset_run synth_1
launch_runs synth_1 -jobs 4
[Wed Aug 16 20:09:56 2017] Launched synth_1...
Run output will be captured here: C:/Users/lenovo/Desktop/myproject/myproject/myproject.runs/synth_1/runme.log
launch_runs: Time (s): cpu = 00:00:02 ; elapsed = 00:00:23 . Memory (MB): peak = 1407.031 ; gain = 0.000
reset_run synth_1
launch_runs synth_1 -jobs 4
[Wed Aug 16 20:15:51 2017] Launched synth_1...
Run output will be captured here: C:/Users/lenovo/Desktop/myproject/myproject/myproject.runs/synth_1/runme.log
exit
INFO: [Common 17-206] Exiting Vivado at Wed Aug 16 20:24:15 2017...
