Unable to capture context for thread 11276 in process 13104, can not generate back trace
Unable to capture context for thread 21736 in process 13104, can not generate back trace
Exception at PC 0x00007FFD54D6BB93
Printing stacktrace...

Unable to capture context for thread 11276 in process 13104, can not generate back trace
Unable to capture context for thread 21736 in process 13104, can not generate back trace
Exception at PC 0x00007FFDC7E53C58
Unable to capture context for thread 24244 in process 13104, can not generate back trace
Exception at PC 0x00007FFDC7E53C58
Exception at PC 0x00007FFDC7E53C58
Exception at PC 0x00007FFDC7E53C58
Exception at PC 0x00007FFDC7E53C58
Exception at PC 0x00007FFDC7E53C58
Exception at PC 0x00007FFDC7E53C58
Exception at PC 0x00007FFDC7E53C58
Exception at PC 0x00007FFDC7E53C58
Exception at PC 0x00007FFDC7E53C58
Exception at PC 0x00007FFDC7E53C58
Exception at PC 0x00007FFDC7E53C58
Exception at PC 0x00007FFDC7E53C58
Exception at PC 0x00007FFDC7E53C58
Exception at PC 0x00007FFDC7E53C58
Exception at PC 0x00007FFDC7E53C58
Exception at PC 0x00007FFDC7E53C58
Exception at PC 0x00007FFDC7E53C58
[0]  [0x00007FFD54D6BB93]
[1]  [0x00007FFD54D6BB93]
[2]  [0x00007FFD54D6B4A1]
[3]  [0x00007FFD54D6B3EF]
[4]  [0x00007FFD54D519FE]
[5]  [0x00007FFD54D50ED1]
[6]  [0x00007FFD54D50D76]
[7]  [0x00007FFD54CF79F6]
[8]  [0x00007FFD54CE7AFB]
[9]  [0x00007FFD54E0E90A]
[10]  [0x00007FFD54E29F87]
[11]  [0x00007FFD54E2A05F]
[12] (BaseThreadInitThunk+0x14) [0x00007FFDCB878364]
[13] (RtlUserThreadStart+0x21) [0x00007FFDCB987091]
Done
Exception at PC 0x00007FFD54A71A52
Attemped to write at address 0x00007FFD91209BA4
Printing stacktrace...

[0]  [0x00007FFD54A71A52]
[1]  [0x00007FFD54A71A52]
[2]  [0x00007FFD54A71AD4]
[3]  [0x00007FFD54BB3FF7]
[4]  [0x00007FFD54A99128]
[5]  [0x00007FFD54D4DFB9]
[6]  [0x00007FFD54F1EF23]
[7]  [0x00007FFD54E2B06B]
[8]  [0x00007FFD54E208AF]
[9]  [0x00007FFD54E20A32]
[10] (RtlDeactivateActivationContextUnsafeFast+0x1bf) [0x00007FFDCB94A37F]
[11] (LdrShutdownProcess+0x14b) [0x00007FFDCB92806B]
[12] (RtlExitUserProcess+0xb4) [0x00007FFDCB927D94]
[13] (ExitProcess+0xa) [0x00007FFDCB88CE6A]
[14] (exit+0x85) [0x00007FFDC9E6A4A5]
[15] (initterm_e+0x231) [0x00007FFDC9E6AB01]
[16]  [0x00000000004014CD]
[17]  [0x000000000040151B]
[18] (BaseThreadInitThunk+0x14) [0x00007FFDCB878364]
[19] (RtlUserThreadStart+0x21) [0x00007FFDCB987091]
Done
