Vivado Simulator 2017.1
Copyright 1986-1999, 2001-2016 Xilinx, Inc. All Rights Reserved.
Running: E:/Vivado/Vivado/2017.1/bin/unwrapped/win64.o/xelab.exe -wto 38bd5fb3fb844711b968a96758a2094d --debug typical --relax --mt 2 --maxdelay -L xil_defaultlib -L simprims_ver -L secureip --snapshot cpu_tb_time_synth -transport_int_delays -pulse_r 0 -pulse_int_r 0 -pulse_e 0 -pulse_int_e 0 xil_defaultlib.cpu_tb xil_defaultlib.glbl -log elaborate.log 
Using 2 slave threads.
Starting static elaboration
Completed static elaboration
Starting simulation data flow analysis
Completed simulation data flow analysis
INFO: [XSIM 43-3451] SDF backannotation process started with SDF file "cpu_tb_time_synth.sdf", for root module "cpu_tb/cpu".
INFO: [XSIM 43-3452] SDF backannotation was successful for SDF file "cpu_tb_time_synth.sdf", for root module "cpu_tb/cpu".
Time Resolution for simulation is 1ps
Compiling module simprims_ver.GND
Compiling module simprims_ver.VCC
Compiling module simprims_ver.x_lut2_mux4
Compiling module simprims_ver.LUT2
Compiling module simprims_ver.FDRE_default
Compiling module simprims_ver.SRLC32E_default
Compiling module xil_defaultlib.div_gen_0_xbip_pipe_v3_0_3_viv
Compiling module xil_defaultlib.div_gen_0_xbip_pipe_v3_0_3_viv__...
Compiling module simprims_ver.x_lut1_mux2
Compiling module simprims_ver.LUT1
Compiling module simprims_ver.FDRE(INIT=1'b1)
Compiling module xil_defaultlib.div_gen_0_xbip_pipe_v3_0_3_viv__...
Compiling module xil_defaultlib.div_gen_0_xbip_pipe_v3_0_3_viv__...
Compiling module simprims_ver.CARRY4
Compiling module xil_defaultlib.div_gen_0_c_addsub_lut6_222
Compiling module xil_defaultlib.div_gen_0_c_addsub_viv_221
Compiling module xil_defaultlib.div_gen_0_addsubreg_v
Compiling module xil_defaultlib.div_gen_0_xbip_pipe_v3_0_3_viv__...
Compiling module xil_defaultlib.div_gen_0_xbip_pipe_v3_0_3_viv__...
Compiling module xil_defaultlib.div_gen_0_xbip_pipe_v3_0_3_viv__...
Compiling module xil_defaultlib.div_gen_0_xbip_pipe_v3_0_3_viv__...
Compiling module xil_defaultlib.div_gen_0_xbip_pipe_v3_0_3_viv__...
Compiling module simprims_ver.x_lut3_mux8
Compiling module simprims_ver.LUT3
Compiling module xil_defaultlib.div_gen_0_c_addsub_lut6_217
Compiling module xil_defaultlib.div_gen_0_c_addsub_viv_216
Compiling module xil_defaultlib.div_gen_0_addsubreg_v_2
Compiling module xil_defaultlib.div_gen_0_xbip_pipe_v3_0_3_viv__...
Compiling module xil_defaultlib.div_gen_0_xbip_pipe_v3_0_3_viv__...
Compiling module xil_defaultlib.div_gen_0_xbip_pipe_v3_0_3_viv__...
Compiling module xil_defaultlib.div_gen_0_xbip_pipe_v3_0_3_viv__...
Compiling module xil_defaultlib.div_gen_0_xbip_pipe_v3_0_3_viv__...
Compiling module xil_defaultlib.div_gen_0_xbip_pipe_v3_0_3_viv__...
Compiling module xil_defaultlib.div_gen_0_c_addsub_lut6_212
Compiling module xil_defaultlib.div_gen_0_c_addsub_viv_211
Compiling module xil_defaultlib.div_gen_0_addsubreg_v_4
Compiling module xil_defaultlib.div_gen_0_xbip_pipe_v3_0_3_viv__...
Compiling module xil_defaultlib.div_gen_0_xbip_pipe_v3_0_3_viv__...
Compiling module xil_defaultlib.div_gen_0_xbip_pipe_v3_0_3_viv__...
Compiling module xil_defaultlib.div_gen_0_xbip_pipe_v3_0_3_viv__...
Compiling module xil_defaultlib.div_gen_0_xbip_pipe_v3_0_3_viv__...
Compiling module xil_defaultlib.div_gen_0_xbip_pipe_v3_0_3_viv__...
Compiling module xil_defaultlib.div_gen_0_c_addsub_lut6_207
Compiling module xil_defaultlib.div_gen_0_c_addsub_viv_206
Compiling module xil_defaultlib.div_gen_0_addsubreg_v_6
Compiling module xil_defaultlib.div_gen_0_xbip_pipe_v3_0_3_viv__...
Compiling module xil_defaultlib.div_gen_0_xbip_pipe_v3_0_3_viv__...
Compiling module xil_defaultlib.div_gen_0_xbip_pipe_v3_0_3_viv__...
Compiling module xil_defaultlib.div_gen_0_xbip_pipe_v3_0_3_viv__...
Compiling module xil_defaultlib.div_gen_0_xbip_pipe_v3_0_3_viv__...
Compiling module xil_defaultlib.div_gen_0_xbip_pipe_v3_0_3_viv__...
Compiling module xil_defaultlib.div_gen_0_c_addsub_lut6_202
Compiling module xil_defaultlib.div_gen_0_c_addsub_viv_201
Compiling module xil_defaultlib.div_gen_0_addsubreg_v_8
Compiling module xil_defaultlib.div_gen_0_xbip_pipe_v3_0_3_viv__...
Compiling module xil_defaultlib.div_gen_0_xbip_pipe_v3_0_3_viv__...
Compiling module xil_defaultlib.div_gen_0_xbip_pipe_v3_0_3_viv__...
Compiling module xil_defaultlib.div_gen_0_xbip_pipe_v3_0_3_viv__...
Compiling module xil_defaultlib.div_gen_0_xbip_pipe_v3_0_3_viv__...
Compiling module xil_defaultlib.div_gen_0_xbip_pipe_v3_0_3_viv__...
Compiling module xil_defaultlib.div_gen_0_c_addsub_lut6_197
Compiling module xil_defaultlib.div_gen_0_c_addsub_viv_196
Compiling module xil_defaultlib.div_gen_0_addsubreg_v_10
Compiling module xil_defaultlib.div_gen_0_xbip_pipe_v3_0_3_viv__...
Compiling module xil_defaultlib.div_gen_0_xbip_pipe_v3_0_3_viv__...
Compiling module xil_defaultlib.div_gen_0_xbip_pipe_v3_0_3_viv__...
Compiling module xil_defaultlib.div_gen_0_xbip_pipe_v3_0_3_viv__...
Compiling module xil_defaultlib.div_gen_0_xbip_pipe_v3_0_3_viv__...
Compiling module xil_defaultlib.div_gen_0_xbip_pipe_v3_0_3_viv__...
Compiling module xil_defaultlib.div_gen_0_c_addsub_lut6_192
Compiling module xil_defaultlib.div_gen_0_c_addsub_viv_191
Compiling module xil_defaultlib.div_gen_0_addsubreg_v_12
Compiling module xil_defaultlib.div_gen_0_xbip_pipe_v3_0_3_viv__...
Compiling module xil_defaultlib.div_gen_0_xbip_pipe_v3_0_3_viv__...
Compiling module xil_defaultlib.div_gen_0_xbip_pipe_v3_0_3_viv__...
Compiling module xil_defaultlib.div_gen_0_xbip_pipe_v3_0_3_viv__...
Compiling module xil_defaultlib.div_gen_0_xbip_pipe_v3_0_3_viv__...
Compiling module xil_defaultlib.div_gen_0_xbip_pipe_v3_0_3_viv__...
Compiling module xil_defaultlib.div_gen_0_c_addsub_lut6_187
Compiling module xil_defaultlib.div_gen_0_c_addsub_viv_186
Compiling module xil_defaultlib.div_gen_0_addsubreg_v_14
Compiling module xil_defaultlib.div_gen_0_xbip_pipe_v3_0_3_viv__...
Compiling module xil_defaultlib.div_gen_0_xbip_pipe_v3_0_3_viv__...
Compiling module xil_defaultlib.div_gen_0_xbip_pipe_v3_0_3_viv__...
Compiling module xil_defaultlib.div_gen_0_xbip_pipe_v3_0_3_viv__...
Compiling module xil_defaultlib.div_gen_0_xbip_pipe_v3_0_3_viv__...
Compiling module xil_defaultlib.div_gen_0_xbip_pipe_v3_0_3_viv__...
Compiling module xil_defaultlib.div_gen_0_c_addsub_lut6_182
Compiling module xil_defaultlib.div_gen_0_c_addsub_viv_181
Compiling module xil_defaultlib.div_gen_0_addsubreg_v_16
Compiling module xil_defaultlib.div_gen_0_xbip_pipe_v3_0_3_viv__...
Compiling module xil_defaultlib.div_gen_0_xbip_pipe_v3_0_3_viv__...
Compiling module xil_defaultlib.div_gen_0_xbip_pipe_v3_0_3_viv__...
Compiling module xil_defaultlib.div_gen_0_xbip_pipe_v3_0_3_viv__...
Compiling module xil_defaultlib.div_gen_0_xbip_pipe_v3_0_3_viv__...
Compiling module xil_defaultlib.div_gen_0_xbip_pipe_v3_0_3_viv__...
Compiling module xil_defaultlib.div_gen_0_c_addsub_lut6_177
Compiling module xil_defaultlib.div_gen_0_c_addsub_viv_176
Compiling module xil_defaultlib.div_gen_0_addsubreg_v_18
Compiling module xil_defaultlib.div_gen_0_xbip_pipe_v3_0_3_viv__...
Compiling module xil_defaultlib.div_gen_0_xbip_pipe_v3_0_3_viv__...
Compiling module xil_defaultlib.div_gen_0_xbip_pipe_v3_0_3_viv__...
Compiling module xil_defaultlib.div_gen_0_xbip_pipe_v3_0_3_viv__...
Compiling module xil_defaultlib.div_gen_0_xbip_pipe_v3_0_3_viv__...
Compiling module xil_defaultlib.div_gen_0_xbip_pipe_v3_0_3_viv__...
Compiling module xil_defaultlib.div_gen_0_c_addsub_lut6_172
Compiling module xil_defaultlib.div_gen_0_c_addsub_viv_171
Compiling module xil_defaultlib.div_gen_0_addsubreg_v_20
Compiling module xil_defaultlib.div_gen_0_xbip_pipe_v3_0_3_viv__...
Compiling module xil_defaultlib.div_gen_0_xbip_pipe_v3_0_3_viv__...
Compiling module xil_defaultlib.div_gen_0_xbip_pipe_v3_0_3_viv__...
Compiling module xil_defaultlib.div_gen_0_xbip_pipe_v3_0_3_viv__...
Compiling module xil_defaultlib.div_gen_0_xbip_pipe_v3_0_3_viv__...
Compiling module xil_defaultlib.div_gen_0_xbip_pipe_v3_0_3_viv__...
Compiling module xil_defaultlib.div_gen_0_c_addsub_lut6_167
Compiling module xil_defaultlib.div_gen_0_c_addsub_viv_166
Compiling module xil_defaultlib.div_gen_0_addsubreg_v_22
Compiling module xil_defaultlib.div_gen_0_xbip_pipe_v3_0_3_viv__...
Compiling module xil_defaultlib.div_gen_0_xbip_pipe_v3_0_3_viv__...
Compiling module xil_defaultlib.div_gen_0_xbip_pipe_v3_0_3_viv__...
Compiling module xil_defaultlib.div_gen_0_xbip_pipe_v3_0_3_viv__...
Compiling module xil_defaultlib.div_gen_0_xbip_pipe_v3_0_3_viv__...
Compiling module xil_defaultlib.div_gen_0_xbip_pipe_v3_0_3_viv__...
Compiling module xil_defaultlib.div_gen_0_c_addsub_lut6_162
Compiling module xil_defaultlib.div_gen_0_c_addsub_viv_161
Compiling module xil_defaultlib.div_gen_0_addsubreg_v_24
Compiling module xil_defaultlib.div_gen_0_xbip_pipe_v3_0_3_viv__...
Compiling module xil_defaultlib.div_gen_0_xbip_pipe_v3_0_3_viv__...
Compiling module xil_defaultlib.div_gen_0_xbip_pipe_v3_0_3_viv__...
Compiling module xil_defaultlib.div_gen_0_xbip_pipe_v3_0_3_viv__...
Compiling module xil_defaultlib.div_gen_0_xbip_pipe_v3_0_3_viv__...
Compiling module xil_defaultlib.div_gen_0_xbip_pipe_v3_0_3_viv__...
Compiling module xil_defaultlib.div_gen_0_c_addsub_lut6_157
Compiling module xil_defaultlib.div_gen_0_c_addsub_viv_156
Compiling module xil_defaultlib.div_gen_0_addsubreg_v_26
Compiling module xil_defaultlib.div_gen_0_xbip_pipe_v3_0_3_viv__...
Compiling module xil_defaultlib.div_gen_0_xbip_pipe_v3_0_3_viv__...
Compiling module xil_defaultlib.div_gen_0_xbip_pipe_v3_0_3_viv__...
Compiling module xil_defaultlib.div_gen_0_xbip_pipe_v3_0_3_viv__...
Compiling module xil_defaultlib.div_gen_0_xbip_pipe_v3_0_3_viv__...
Compiling module xil_defaultlib.div_gen_0_xbip_pipe_v3_0_3_viv__...
Compiling module xil_defaultlib.div_gen_0_c_addsub_lut6_152
Compiling module xil_defaultlib.div_gen_0_c_addsub_viv_151
Compiling module xil_defaultlib.div_gen_0_addsubreg_v_28
Compiling module xil_defaultlib.div_gen_0_xbip_pipe_v3_0_3_viv__...
Compiling module xil_defaultlib.div_gen_0_xbip_pipe_v3_0_3_viv__...
Compiling module xil_defaultlib.div_gen_0_xbip_pipe_v3_0_3_viv__...
Compiling module xil_defaultlib.div_gen_0_xbip_pipe_v3_0_3_viv__...
Compiling module xil_defaultlib.div_gen_0_xbip_pipe_v3_0_3_viv__...
Compiling module xil_defaultlib.div_gen_0_xbip_pipe_v3_0_3_viv__...
Compiling module xil_defaultlib.div_gen_0_c_addsub_lut6_147
Compiling module xil_defaultlib.div_gen_0_c_addsub_viv_146
Compiling module xil_defaultlib.div_gen_0_addsubreg_v_30
Compiling module xil_defaultlib.div_gen_0_xbip_pipe_v3_0_3_viv__...
Compiling module xil_defaultlib.div_gen_0_xbip_pipe_v3_0_3_viv__...
Compiling module xil_defaultlib.div_gen_0_xbip_pipe_v3_0_3_viv__...
Compiling module xil_defaultlib.div_gen_0_xbip_pipe_v3_0_3_viv__...
Compiling module xil_defaultlib.div_gen_0_xbip_pipe_v3_0_3_viv__...
Compiling module xil_defaultlib.div_gen_0_xbip_pipe_v3_0_3_viv__...
Compiling module xil_defaultlib.div_gen_0_c_addsub_lut6_142
Compiling module xil_defaultlib.div_gen_0_c_addsub_viv_141
Compiling module xil_defaultlib.div_gen_0_addsubreg_v_32
Compiling module xil_defaultlib.div_gen_0_xbip_pipe_v3_0_3_viv__...
Compiling module xil_defaultlib.div_gen_0_xbip_pipe_v3_0_3_viv__...
Compiling module xil_defaultlib.div_gen_0_xbip_pipe_v3_0_3_viv__...
Compiling module xil_defaultlib.div_gen_0_xbip_pipe_v3_0_3_viv__...
Compiling module xil_defaultlib.div_gen_0_xbip_pipe_v3_0_3_viv__...
Compiling module xil_defaultlib.div_gen_0_xbip_pipe_v3_0_3_viv__...
Compiling module xil_defaultlib.div_gen_0_c_addsub_lut6_137
Compiling module xil_defaultlib.div_gen_0_c_addsub_viv_136
Compiling module xil_defaultlib.div_gen_0_addsubreg_v_34
Compiling module xil_defaultlib.div_gen_0_xbip_pipe_v3_0_3_viv__...
Compiling module xil_defaultlib.div_gen_0_xbip_pipe_v3_0_3_viv__...
Compiling module xil_defaultlib.div_gen_0_xbip_pipe_v3_0_3_viv__...
Compiling module xil_defaultlib.div_gen_0_xbip_pipe_v3_0_3_viv__...
Compiling module xil_defaultlib.div_gen_0_xbip_pipe_v3_0_3_viv__...
Compiling module xil_defaultlib.div_gen_0_xbip_pipe_v3_0_3_viv__...
Compiling module xil_defaultlib.div_gen_0_c_addsub_lut6_132
Compiling module xil_defaultlib.div_gen_0_c_addsub_viv_131
Compiling module xil_defaultlib.div_gen_0_addsubreg_v_36
Compiling module xil_defaultlib.div_gen_0_xbip_pipe_v3_0_3_viv__...
Compiling module xil_defaultlib.div_gen_0_xbip_pipe_v3_0_3_viv__...
Compiling module xil_defaultlib.div_gen_0_xbip_pipe_v3_0_3_viv__...
Compiling module xil_defaultlib.div_gen_0_xbip_pipe_v3_0_3_viv__...
Compiling module xil_defaultlib.div_gen_0_xbip_pipe_v3_0_3_viv__...
Compiling module xil_defaultlib.div_gen_0_xbip_pipe_v3_0_3_viv__...
Compiling module xil_defaultlib.div_gen_0_c_addsub_lut6_127
Compiling module xil_defaultlib.div_gen_0_c_addsub_viv_126
Compiling module xil_defaultlib.div_gen_0_addsubreg_v_38
Compiling module xil_defaultlib.div_gen_0_xbip_pipe_v3_0_3_viv__...
Compiling module xil_defaultlib.div_gen_0_xbip_pipe_v3_0_3_viv__...
Compiling module xil_defaultlib.div_gen_0_xbip_pipe_v3_0_3_viv__...
Compiling module xil_defaultlib.div_gen_0_xbip_pipe_v3_0_3_viv__...
Compiling module xil_defaultlib.div_gen_0_xbip_pipe_v3_0_3_viv__...
Compiling module xil_defaultlib.div_gen_0_xbip_pipe_v3_0_3_viv__...
Compiling module xil_defaultlib.div_gen_0_c_addsub_lut6_122
Compiling module xil_defaultlib.div_gen_0_c_addsub_viv_121
Compiling module xil_defaultlib.div_gen_0_addsubreg_v_40
Compiling module xil_defaultlib.div_gen_0_xbip_pipe_v3_0_3_viv__...
Compiling module xil_defaultlib.div_gen_0_xbip_pipe_v3_0_3_viv__...
Compiling module xil_defaultlib.div_gen_0_xbip_pipe_v3_0_3_viv__...
Compiling module xil_defaultlib.div_gen_0_xbip_pipe_v3_0_3_viv__...
Compiling module xil_defaultlib.div_gen_0_xbip_pipe_v3_0_3_viv__...
Compiling module xil_defaultlib.div_gen_0_xbip_pipe_v3_0_3_viv__...
Compiling module xil_defaultlib.div_gen_0_c_addsub_lut6_117
Compiling module xil_defaultlib.div_gen_0_c_addsub_viv_116
Compiling module xil_defaultlib.div_gen_0_addsubreg_v_42
Compiling module xil_defaultlib.div_gen_0_xbip_pipe_v3_0_3_viv__...
Compiling module xil_defaultlib.div_gen_0_xbip_pipe_v3_0_3_viv__...
Compiling module xil_defaultlib.div_gen_0_xbip_pipe_v3_0_3_viv__...
Compiling module xil_defaultlib.div_gen_0_xbip_pipe_v3_0_3_viv__...
Compiling module xil_defaultlib.div_gen_0_xbip_pipe_v3_0_3_viv__...
Compiling module xil_defaultlib.div_gen_0_xbip_pipe_v3_0_3_viv__...
Compiling module xil_defaultlib.div_gen_0_c_addsub_lut6_112
Compiling module xil_defaultlib.div_gen_0_c_addsub_viv_111
Compiling module xil_defaultlib.div_gen_0_addsubreg_v_44
Compiling module xil_defaultlib.div_gen_0_xbip_pipe_v3_0_3_viv__...
Compiling module xil_defaultlib.div_gen_0_xbip_pipe_v3_0_3_viv__...
Compiling module xil_defaultlib.div_gen_0_xbip_pipe_v3_0_3_viv__...
Compiling module xil_defaultlib.div_gen_0_xbip_pipe_v3_0_3_viv__...
Compiling module xil_defaultlib.div_gen_0_xbip_pipe_v3_0_3_viv__...
Compiling module xil_defaultlib.div_gen_0_xbip_pipe_v3_0_3_viv__...
Compiling module xil_defaultlib.div_gen_0_c_addsub_lut6_107
Compiling module xil_defaultlib.div_gen_0_c_addsub_viv_106
Compiling module xil_defaultlib.div_gen_0_addsubreg_v_46
Compiling module xil_defaultlib.div_gen_0_xbip_pipe_v3_0_3_viv__...
Compiling module xil_defaultlib.div_gen_0_xbip_pipe_v3_0_3_viv__...
Compiling module xil_defaultlib.div_gen_0_xbip_pipe_v3_0_3_viv__...
Compiling module xil_defaultlib.div_gen_0_xbip_pipe_v3_0_3_viv__...
Compiling module xil_defaultlib.div_gen_0_xbip_pipe_v3_0_3_viv__...
Compiling module xil_defaultlib.div_gen_0_xbip_pipe_v3_0_3_viv__...
Compiling module xil_defaultlib.div_gen_0_c_addsub_lut6_102
Compiling module xil_defaultlib.div_gen_0_c_addsub_viv_101
Compiling module xil_defaultlib.div_gen_0_addsubreg_v_48
Compiling module xil_defaultlib.div_gen_0_xbip_pipe_v3_0_3_viv__...
Compiling module xil_defaultlib.div_gen_0_xbip_pipe_v3_0_3_viv__...
Compiling module xil_defaultlib.div_gen_0_xbip_pipe_v3_0_3_viv__...
Compiling module xil_defaultlib.div_gen_0_xbip_pipe_v3_0_3_viv__...
Compiling module xil_defaultlib.div_gen_0_xbip_pipe_v3_0_3_viv__...
Compiling module xil_defaultlib.div_gen_0_xbip_pipe_v3_0_3_viv__...
Compiling module xil_defaultlib.div_gen_0_c_addsub_lut6_97
Compiling module xil_defaultlib.div_gen_0_c_addsub_viv_96
Compiling module xil_defaultlib.div_gen_0_addsubreg_v_51
Compiling module xil_defaultlib.div_gen_0_xbip_pipe_v3_0_3_viv__...
Compiling module xil_defaultlib.div_gen_0_xbip_pipe_v3_0_3_viv__...
Compiling module xil_defaultlib.div_gen_0_xbip_pipe_v3_0_3_viv__...
Compiling module xil_defaultlib.div_gen_0_xbip_pipe_v3_0_3_viv__...
Compiling module xil_defaultlib.div_gen_0_xbip_pipe_v3_0_3_viv__...
Compiling module xil_defaultlib.div_gen_0_xbip_pipe_v3_0_3_viv__...
Compiling module xil_defaultlib.div_gen_0_c_addsub_lut6_92
Compiling module xil_defaultlib.div_gen_0_c_addsub_viv_91
Compiling module xil_defaultlib.div_gen_0_addsubreg_v_53
Compiling module xil_defaultlib.div_gen_0_xbip_pipe_v3_0_3_viv__...
Compiling module xil_defaultlib.div_gen_0_xbip_pipe_v3_0_3_viv__...
Compiling module xil_defaultlib.div_gen_0_xbip_pipe_v3_0_3_viv__...
Compiling module xil_defaultlib.div_gen_0_xbip_pipe_v3_0_3_viv__...
Compiling module xil_defaultlib.div_gen_0_xbip_pipe_v3_0_3_viv__...
Compiling module xil_defaultlib.div_gen_0_xbip_pipe_v3_0_3_viv__...
Compiling module xil_defaultlib.div_gen_0_c_addsub_lut6_87
Compiling module xil_defaultlib.div_gen_0_c_addsub_viv_86
Compiling module xil_defaultlib.div_gen_0_addsubreg_v_55
Compiling module xil_defaultlib.div_gen_0_xbip_pipe_v3_0_3_viv__...
Compiling module xil_defaultlib.div_gen_0_xbip_pipe_v3_0_3_viv__...
Compiling module xil_defaultlib.div_gen_0_xbip_pipe_v3_0_3_viv__...
Compiling module xil_defaultlib.div_gen_0_xbip_pipe_v3_0_3_viv__...
Compiling module xil_defaultlib.div_gen_0_xbip_pipe_v3_0_3_viv__...
Compiling module xil_defaultlib.div_gen_0_xbip_pipe_v3_0_3_viv__...
Compiling module xil_defaultlib.div_gen_0_c_addsub_lut6_82
Compiling module xil_defaultlib.div_gen_0_c_addsub_viv_81
Compiling module xil_defaultlib.div_gen_0_addsubreg_v_57
Compiling module xil_defaultlib.div_gen_0_xbip_pipe_v3_0_3_viv__...
Compiling module xil_defaultlib.div_gen_0_xbip_pipe_v3_0_3_viv__...
Compiling module xil_defaultlib.div_gen_0_xbip_pipe_v3_0_3_viv__...
Compiling module xil_defaultlib.div_gen_0_xbip_pipe_v3_0_3_viv__...
Compiling module xil_defaultlib.div_gen_0_xbip_pipe_v3_0_3_viv__...
Compiling module xil_defaultlib.div_gen_0_xbip_pipe_v3_0_3_viv__...
Compiling module xil_defaultlib.div_gen_0_c_addsub_lut6_77
Compiling module xil_defaultlib.div_gen_0_c_addsub_viv_76
Compiling module xil_defaultlib.div_gen_0_addsubreg_v_59
Compiling module xil_defaultlib.div_gen_0_xbip_pipe_v3_0_3_viv__...
Compiling module xil_defaultlib.div_gen_0_xbip_pipe_v3_0_3_viv__...
Compiling module xil_defaultlib.div_gen_0_xbip_pipe_v3_0_3_viv__...
Compiling module xil_defaultlib.div_gen_0_xbip_pipe_v3_0_3_viv__...
Compiling module xil_defaultlib.div_gen_0_xbip_pipe_v3_0_3_viv__...
Compiling module xil_defaultlib.div_gen_0_xbip_pipe_v3_0_3_viv__...
Compiling module xil_defaultlib.div_gen_0_c_addsub_lut6_72
Compiling module xil_defaultlib.div_gen_0_c_addsub_viv_71
Compiling module xil_defaultlib.div_gen_0_addsubreg_v_61
Compiling module xil_defaultlib.div_gen_0_xbip_pipe_v3_0_3_viv__...
Compiling module xil_defaultlib.div_gen_0_xbip_pipe_v3_0_3_viv__...
Compiling module xil_defaultlib.div_gen_0_xbip_pipe_v3_0_3_viv__...
Compiling module xil_defaultlib.div_gen_0_xbip_pipe_v3_0_3_viv__...
Compiling module xil_defaultlib.div_gen_0_xbip_pipe_v3_0_3_viv__...
Compiling module xil_defaultlib.div_gen_0_xbip_pipe_v3_0_3_viv__...
Compiling module xil_defaultlib.div_gen_0_c_addsub_lut6
Compiling module xil_defaultlib.div_gen_0_c_addsub_viv
Compiling module xil_defaultlib.div_gen_0_addsubreg_v_63
Compiling module xil_defaultlib.div_gen_0_xbip_pipe_v3_0_3_viv__...
Compiling module xil_defaultlib.div_gen_0_xbip_pipe_v3_0_3_viv__...
Compiling module xil_defaultlib.div_gen_0_xbip_pipe_v3_0_3_viv__...
Compiling module xil_defaultlib.div_gen_0_xbip_pipe_v3_0_3_viv__...
Compiling module xil_defaultlib.div_gen_0_xbip_pipe_v3_0_3_viv__...
Compiling module xil_defaultlib.div_gen_0_xbip_pipe_v3_0_3_viv__...
Compiling module xil_defaultlib.div_gen_0_xbip_pipe_v3_0_3_viv__...
Compiling module xil_defaultlib.div_gen_0_xbip_pipe_v3_0_3_viv__...
Compiling module xil_defaultlib.div_gen_0_c_addsub_lut6__paramet...
Compiling module xil_defaultlib.div_gen_0_c_addsub_viv__paramete...
Compiling module xil_defaultlib.div_gen_0_addsubreg_v__parameter...
Compiling module xil_defaultlib.div_gen_0_dividervdc_v
Compiling module xil_defaultlib.div_gen_0_c_twos_comp_viv
Compiling module xil_defaultlib.div_gen_0_cmp2s_v
Compiling module xil_defaultlib.div_gen_0_c_twos_comp_viv__param...
Compiling module xil_defaultlib.div_gen_0_cmp2s_v__parameterized...
Compiling module xil_defaultlib.div_gen_0_xbip_pipe_v3_0_3_viv__...
Compiling module xil_defaultlib.div_gen_0_c_twos_comp_viv__param...
Compiling module xil_defaultlib.div_gen_0_cmp2s_v__parameterized...
Compiling module xil_defaultlib.div_gen_0_xbip_pipe_v3_0_3_viv__...
Compiling module xil_defaultlib.div_gen_0_c_twos_comp_viv__param...
Compiling module xil_defaultlib.div_gen_0_cmp2s_v__parameterized...
Compiling module xil_defaultlib.div_gen_0_bip_sdivider_synth
Compiling module xil_defaultlib.div_gen_0_div_gen_synth
Compiling module xil_defaultlib.div_gen_0_div_gen_v5_1_11_viv
Compiling module xil_defaultlib.div_gen_0_div_gen_v5_1_11
Compiling module xil_defaultlib.div_gen_0
Compiling module xil_defaultlib.div_gen_1_xbip_pipe_v3_0_3_viv
Compiling module xil_defaultlib.div_gen_1_xbip_pipe_v3_0_3_viv__...
Compiling module xil_defaultlib.div_gen_1_xbip_pipe_v3_0_3_viv__...
Compiling module xil_defaultlib.div_gen_1_xbip_pipe_v3_0_3_viv__...
Compiling module xil_defaultlib.div_gen_1_c_addsub_lut6_219
Compiling module xil_defaultlib.div_gen_1_c_addsub_viv_218
Compiling module xil_defaultlib.div_gen_1_addsubreg_v
Compiling module xil_defaultlib.div_gen_1_xbip_pipe_v3_0_3_viv__...
Compiling module xil_defaultlib.div_gen_1_xbip_pipe_v3_0_3_viv__...
Compiling module xil_defaultlib.div_gen_1_xbip_pipe_v3_0_3_viv__...
Compiling module xil_defaultlib.div_gen_1_xbip_pipe_v3_0_3_viv__...
Compiling module xil_defaultlib.div_gen_1_xbip_pipe_v3_0_3_viv__...
Compiling module xil_defaultlib.div_gen_1_c_addsub_lut6_214
Compiling module xil_defaultlib.div_gen_1_c_addsub_viv_213
Compiling module xil_defaultlib.div_gen_1_addsubreg_v_0
Compiling module xil_defaultlib.div_gen_1_xbip_pipe_v3_0_3_viv__...
Compiling module xil_defaultlib.div_gen_1_xbip_pipe_v3_0_3_viv__...
Compiling module xil_defaultlib.div_gen_1_xbip_pipe_v3_0_3_viv__...
Compiling module xil_defaultlib.div_gen_1_xbip_pipe_v3_0_3_viv__...
Compiling module xil_defaultlib.div_gen_1_xbip_pipe_v3_0_3_viv__...
Compiling module xil_defaultlib.div_gen_1_xbip_pipe_v3_0_3_viv__...
Compiling module xil_defaultlib.div_gen_1_c_addsub_lut6_209
Compiling module xil_defaultlib.div_gen_1_c_addsub_viv_208
Compiling module xil_defaultlib.div_gen_1_addsubreg_v_2
Compiling module xil_defaultlib.div_gen_1_xbip_pipe_v3_0_3_viv__...
Compiling module xil_defaultlib.div_gen_1_xbip_pipe_v3_0_3_viv__...
Compiling module xil_defaultlib.div_gen_1_xbip_pipe_v3_0_3_viv__...
Compiling module xil_defaultlib.div_gen_1_xbip_pipe_v3_0_3_viv__...
Compiling module xil_defaultlib.div_gen_1_xbip_pipe_v3_0_3_viv__...
Compiling module xil_defaultlib.div_gen_1_xbip_pipe_v3_0_3_viv__...
Compiling module xil_defaultlib.div_gen_1_c_addsub_lut6_204
Compiling module xil_defaultlib.div_gen_1_c_addsub_viv_203
Compiling module xil_defaultlib.div_gen_1_addsubreg_v_4
Compiling module xil_defaultlib.div_gen_1_xbip_pipe_v3_0_3_viv__...
Compiling module xil_defaultlib.div_gen_1_xbip_pipe_v3_0_3_viv__...
Compiling module xil_defaultlib.div_gen_1_xbip_pipe_v3_0_3_viv__...
Compiling module xil_defaultlib.div_gen_1_xbip_pipe_v3_0_3_viv__...
Compiling module xil_defaultlib.div_gen_1_xbip_pipe_v3_0_3_viv__...
Compiling module xil_defaultlib.div_gen_1_xbip_pipe_v3_0_3_viv__...
Compiling module xil_defaultlib.div_gen_1_c_addsub_lut6_199
Compiling module xil_defaultlib.div_gen_1_c_addsub_viv_198
Compiling module xil_defaultlib.div_gen_1_addsubreg_v_6
Compiling module xil_defaultlib.div_gen_1_xbip_pipe_v3_0_3_viv__...
Compiling module xil_defaultlib.div_gen_1_xbip_pipe_v3_0_3_viv__...
Compiling module xil_defaultlib.div_gen_1_xbip_pipe_v3_0_3_viv__...
Compiling module xil_defaultlib.div_gen_1_xbip_pipe_v3_0_3_viv__...
Compiling module xil_defaultlib.div_gen_1_xbip_pipe_v3_0_3_viv__...
Compiling module xil_defaultlib.div_gen_1_xbip_pipe_v3_0_3_viv__...
Compiling module xil_defaultlib.div_gen_1_c_addsub_lut6_194
Compiling module xil_defaultlib.div_gen_1_c_addsub_viv_193
Compiling module xil_defaultlib.div_gen_1_addsubreg_v_8
Compiling module xil_defaultlib.div_gen_1_xbip_pipe_v3_0_3_viv__...
Compiling module xil_defaultlib.div_gen_1_xbip_pipe_v3_0_3_viv__...
Compiling module xil_defaultlib.div_gen_1_xbip_pipe_v3_0_3_viv__...
Compiling module xil_defaultlib.div_gen_1_xbip_pipe_v3_0_3_viv__...
Compiling module xil_defaultlib.div_gen_1_xbip_pipe_v3_0_3_viv__...
Compiling module xil_defaultlib.div_gen_1_xbip_pipe_v3_0_3_viv__...
Compiling module xil_defaultlib.div_gen_1_c_addsub_lut6_189
Compiling module xil_defaultlib.div_gen_1_c_addsub_viv_188
Compiling module xil_defaultlib.div_gen_1_addsubreg_v_10
Compiling module xil_defaultlib.div_gen_1_xbip_pipe_v3_0_3_viv__...
Compiling module xil_defaultlib.div_gen_1_xbip_pipe_v3_0_3_viv__...
Compiling module xil_defaultlib.div_gen_1_xbip_pipe_v3_0_3_viv__...
Compiling module xil_defaultlib.div_gen_1_xbip_pipe_v3_0_3_viv__...
Compiling module xil_defaultlib.div_gen_1_xbip_pipe_v3_0_3_viv__...
Compiling module xil_defaultlib.div_gen_1_xbip_pipe_v3_0_3_viv__...
Compiling module xil_defaultlib.div_gen_1_c_addsub_lut6_184
Compiling module xil_defaultlib.div_gen_1_c_addsub_viv_183
Compiling module xil_defaultlib.div_gen_1_addsubreg_v_12
Compiling module xil_defaultlib.div_gen_1_xbip_pipe_v3_0_3_viv__...
Compiling module xil_defaultlib.div_gen_1_xbip_pipe_v3_0_3_viv__...
Compiling module xil_defaultlib.div_gen_1_xbip_pipe_v3_0_3_viv__...
Compiling module xil_defaultlib.div_gen_1_xbip_pipe_v3_0_3_viv__...
Compiling module xil_defaultlib.div_gen_1_xbip_pipe_v3_0_3_viv__...
Compiling module xil_defaultlib.div_gen_1_xbip_pipe_v3_0_3_viv__...
Compiling module xil_defaultlib.div_gen_1_c_addsub_lut6_179
Compiling module xil_defaultlib.div_gen_1_c_addsub_viv_178
Compiling module xil_defaultlib.div_gen_1_addsubreg_v_14
Compiling module xil_defaultlib.div_gen_1_xbip_pipe_v3_0_3_viv__...
Compiling module xil_defaultlib.div_gen_1_xbip_pipe_v3_0_3_viv__...
Compiling module xil_defaultlib.div_gen_1_xbip_pipe_v3_0_3_viv__...
Compiling module xil_defaultlib.div_gen_1_xbip_pipe_v3_0_3_viv__...
Compiling module xil_defaultlib.div_gen_1_xbip_pipe_v3_0_3_viv__...
Compiling module xil_defaultlib.div_gen_1_xbip_pipe_v3_0_3_viv__...
Compiling module xil_defaultlib.div_gen_1_c_addsub_lut6_174
Compiling module xil_defaultlib.div_gen_1_c_addsub_viv_173
Compiling module xil_defaultlib.div_gen_1_addsubreg_v_16
Compiling module xil_defaultlib.div_gen_1_xbip_pipe_v3_0_3_viv__...
Compiling module xil_defaultlib.div_gen_1_xbip_pipe_v3_0_3_viv__...
Compiling module xil_defaultlib.div_gen_1_xbip_pipe_v3_0_3_viv__...
Compiling module xil_defaultlib.div_gen_1_xbip_pipe_v3_0_3_viv__...
Compiling module xil_defaultlib.div_gen_1_xbip_pipe_v3_0_3_viv__...
Compiling module xil_defaultlib.div_gen_1_xbip_pipe_v3_0_3_viv__...
Compiling module xil_defaultlib.div_gen_1_c_addsub_lut6_169
Compiling module xil_defaultlib.div_gen_1_c_addsub_viv_168
Compiling module xil_defaultlib.div_gen_1_addsubreg_v_18
Compiling module xil_defaultlib.div_gen_1_xbip_pipe_v3_0_3_viv__...
Compiling module xil_defaultlib.div_gen_1_xbip_pipe_v3_0_3_viv__...
Compiling module xil_defaultlib.div_gen_1_xbip_pipe_v3_0_3_viv__...
Compiling module xil_defaultlib.div_gen_1_xbip_pipe_v3_0_3_viv__...
Compiling module xil_defaultlib.div_gen_1_xbip_pipe_v3_0_3_viv__...
Compiling module xil_defaultlib.div_gen_1_xbip_pipe_v3_0_3_viv__...
Compiling module xil_defaultlib.div_gen_1_c_addsub_lut6_164
Compiling module xil_defaultlib.div_gen_1_c_addsub_viv_163
Compiling module xil_defaultlib.div_gen_1_addsubreg_v_20
Compiling module xil_defaultlib.div_gen_1_xbip_pipe_v3_0_3_viv__...
Compiling module xil_defaultlib.div_gen_1_xbip_pipe_v3_0_3_viv__...
Compiling module xil_defaultlib.div_gen_1_xbip_pipe_v3_0_3_viv__...
Compiling module xil_defaultlib.div_gen_1_xbip_pipe_v3_0_3_viv__...
Compiling module xil_defaultlib.div_gen_1_xbip_pipe_v3_0_3_viv__...
Compiling module xil_defaultlib.div_gen_1_xbip_pipe_v3_0_3_viv__...
Compiling module xil_defaultlib.div_gen_1_c_addsub_lut6_159
Compiling module xil_defaultlib.div_gen_1_c_addsub_viv_158
Compiling module xil_defaultlib.div_gen_1_addsubreg_v_22
Compiling module xil_defaultlib.div_gen_1_xbip_pipe_v3_0_3_viv__...
Compiling module xil_defaultlib.div_gen_1_xbip_pipe_v3_0_3_viv__...
Compiling module xil_defaultlib.div_gen_1_xbip_pipe_v3_0_3_viv__...
Compiling module xil_defaultlib.div_gen_1_xbip_pipe_v3_0_3_viv__...
Compiling module xil_defaultlib.div_gen_1_xbip_pipe_v3_0_3_viv__...
Compiling module xil_defaultlib.div_gen_1_xbip_pipe_v3_0_3_viv__...
Compiling module xil_defaultlib.div_gen_1_c_addsub_lut6_154
Compiling module xil_defaultlib.div_gen_1_c_addsub_viv_153
Compiling module xil_defaultlib.div_gen_1_addsubreg_v_24
Compiling module xil_defaultlib.div_gen_1_xbip_pipe_v3_0_3_viv__...
Compiling module xil_defaultlib.div_gen_1_xbip_pipe_v3_0_3_viv__...
Compiling module xil_defaultlib.div_gen_1_xbip_pipe_v3_0_3_viv__...
Compiling module xil_defaultlib.div_gen_1_xbip_pipe_v3_0_3_viv__...
Compiling module xil_defaultlib.div_gen_1_xbip_pipe_v3_0_3_viv__...
Compiling module xil_defaultlib.div_gen_1_xbip_pipe_v3_0_3_viv__...
Compiling module xil_defaultlib.div_gen_1_c_addsub_lut6_149
Compiling module xil_defaultlib.div_gen_1_c_addsub_viv_148
Compiling module xil_defaultlib.div_gen_1_addsubreg_v_26
Compiling module xil_defaultlib.div_gen_1_xbip_pipe_v3_0_3_viv__...
Compiling module xil_defaultlib.div_gen_1_xbip_pipe_v3_0_3_viv__...
Compiling module xil_defaultlib.div_gen_1_xbip_pipe_v3_0_3_viv__...
Compiling module xil_defaultlib.div_gen_1_xbip_pipe_v3_0_3_viv__...
Compiling module xil_defaultlib.div_gen_1_xbip_pipe_v3_0_3_viv__...
Compiling module xil_defaultlib.div_gen_1_xbip_pipe_v3_0_3_viv__...
Compiling module xil_defaultlib.div_gen_1_c_addsub_lut6_144
Compiling module xil_defaultlib.div_gen_1_c_addsub_viv_143
Compiling module xil_defaultlib.div_gen_1_addsubreg_v_28
Compiling module xil_defaultlib.div_gen_1_xbip_pipe_v3_0_3_viv__...
Compiling module xil_defaultlib.div_gen_1_xbip_pipe_v3_0_3_viv__...
Compiling module xil_defaultlib.div_gen_1_xbip_pipe_v3_0_3_viv__...
Compiling module xil_defaultlib.div_gen_1_xbip_pipe_v3_0_3_viv__...
Compiling module xil_defaultlib.div_gen_1_xbip_pipe_v3_0_3_viv__...
Compiling module xil_defaultlib.div_gen_1_xbip_pipe_v3_0_3_viv__...
Compiling module xil_defaultlib.div_gen_1_c_addsub_lut6_139
Compiling module xil_defaultlib.div_gen_1_c_addsub_viv_138
Compiling module xil_defaultlib.div_gen_1_addsubreg_v_30
Compiling module xil_defaultlib.div_gen_1_xbip_pipe_v3_0_3_viv__...
Compiling module xil_defaultlib.div_gen_1_xbip_pipe_v3_0_3_viv__...
Compiling module xil_defaultlib.div_gen_1_xbip_pipe_v3_0_3_viv__...
Compiling module xil_defaultlib.div_gen_1_xbip_pipe_v3_0_3_viv__...
Compiling module xil_defaultlib.div_gen_1_xbip_pipe_v3_0_3_viv__...
Compiling module xil_defaultlib.div_gen_1_xbip_pipe_v3_0_3_viv__...
Compiling module xil_defaultlib.div_gen_1_c_addsub_lut6_134
Compiling module xil_defaultlib.div_gen_1_c_addsub_viv_133
Compiling module xil_defaultlib.div_gen_1_addsubreg_v_32
Compiling module xil_defaultlib.div_gen_1_xbip_pipe_v3_0_3_viv__...
Compiling module xil_defaultlib.div_gen_1_xbip_pipe_v3_0_3_viv__...
Compiling module xil_defaultlib.div_gen_1_xbip_pipe_v3_0_3_viv__...
Compiling module xil_defaultlib.div_gen_1_xbip_pipe_v3_0_3_viv__...
Compiling module xil_defaultlib.div_gen_1_xbip_pipe_v3_0_3_viv__...
Compiling module xil_defaultlib.div_gen_1_xbip_pipe_v3_0_3_viv__...
Compiling module xil_defaultlib.div_gen_1_c_addsub_lut6_129
Compiling module xil_defaultlib.div_gen_1_c_addsub_viv_128
Compiling module xil_defaultlib.div_gen_1_addsubreg_v_34
Compiling module xil_defaultlib.div_gen_1_xbip_pipe_v3_0_3_viv__...
Compiling module xil_defaultlib.div_gen_1_xbip_pipe_v3_0_3_viv__...
Compiling module xil_defaultlib.div_gen_1_xbip_pipe_v3_0_3_viv__...
Compiling module xil_defaultlib.div_gen_1_xbip_pipe_v3_0_3_viv__...
Compiling module xil_defaultlib.div_gen_1_xbip_pipe_v3_0_3_viv__...
Compiling module xil_defaultlib.div_gen_1_xbip_pipe_v3_0_3_viv__...
Compiling module xil_defaultlib.div_gen_1_c_addsub_lut6_124
Compiling module xil_defaultlib.div_gen_1_c_addsub_viv_123
Compiling module xil_defaultlib.div_gen_1_addsubreg_v_36
Compiling module xil_defaultlib.div_gen_1_xbip_pipe_v3_0_3_viv__...
Compiling module xil_defaultlib.div_gen_1_xbip_pipe_v3_0_3_viv__...
Compiling module xil_defaultlib.div_gen_1_xbip_pipe_v3_0_3_viv__...
Compiling module xil_defaultlib.div_gen_1_xbip_pipe_v3_0_3_viv__...
Compiling module xil_defaultlib.div_gen_1_xbip_pipe_v3_0_3_viv__...
Compiling module xil_defaultlib.div_gen_1_xbip_pipe_v3_0_3_viv__...
Compiling module xil_defaultlib.div_gen_1_c_addsub_lut6_119
Compiling module xil_defaultlib.div_gen_1_c_addsub_viv_118
Compiling module xil_defaultlib.div_gen_1_addsubreg_v_38
Compiling module xil_defaultlib.div_gen_1_xbip_pipe_v3_0_3_viv__...
Compiling module xil_defaultlib.div_gen_1_xbip_pipe_v3_0_3_viv__...
Compiling module xil_defaultlib.div_gen_1_xbip_pipe_v3_0_3_viv__...
Compiling module xil_defaultlib.div_gen_1_xbip_pipe_v3_0_3_viv__...
Compiling module xil_defaultlib.div_gen_1_xbip_pipe_v3_0_3_viv__...
Compiling module xil_defaultlib.div_gen_1_xbip_pipe_v3_0_3_viv__...
Compiling module xil_defaultlib.div_gen_1_c_addsub_lut6_114
Compiling module xil_defaultlib.div_gen_1_c_addsub_viv_113
Compiling module xil_defaultlib.div_gen_1_addsubreg_v_40
Compiling module xil_defaultlib.div_gen_1_xbip_pipe_v3_0_3_viv__...
Compiling module xil_defaultlib.div_gen_1_xbip_pipe_v3_0_3_viv__...
Compiling module xil_defaultlib.div_gen_1_xbip_pipe_v3_0_3_viv__...
Compiling module xil_defaultlib.div_gen_1_xbip_pipe_v3_0_3_viv__...
Compiling module xil_defaultlib.div_gen_1_xbip_pipe_v3_0_3_viv__...
Compiling module xil_defaultlib.div_gen_1_xbip_pipe_v3_0_3_viv__...
Compiling module xil_defaultlib.div_gen_1_c_addsub_lut6_109
Compiling module xil_defaultlib.div_gen_1_c_addsub_viv_108
Compiling module xil_defaultlib.div_gen_1_addsubreg_v_42
Compiling module xil_defaultlib.div_gen_1_xbip_pipe_v3_0_3_viv__...
Compiling module xil_defaultlib.div_gen_1_xbip_pipe_v3_0_3_viv__...
Compiling module xil_defaultlib.div_gen_1_xbip_pipe_v3_0_3_viv__...
Compiling module xil_defaultlib.div_gen_1_xbip_pipe_v3_0_3_viv__...
Compiling module xil_defaultlib.div_gen_1_xbip_pipe_v3_0_3_viv__...
Compiling module xil_defaultlib.div_gen_1_xbip_pipe_v3_0_3_viv__...
Compiling module xil_defaultlib.div_gen_1_c_addsub_lut6_104
Compiling module xil_defaultlib.div_gen_1_c_addsub_viv_103
Compiling module xil_defaultlib.div_gen_1_addsubreg_v_44
Compiling module xil_defaultlib.div_gen_1_xbip_pipe_v3_0_3_viv__...
Compiling module xil_defaultlib.div_gen_1_xbip_pipe_v3_0_3_viv__...
Compiling module xil_defaultlib.div_gen_1_xbip_pipe_v3_0_3_viv__...
Compiling module xil_defaultlib.div_gen_1_xbip_pipe_v3_0_3_viv__...
Compiling module xil_defaultlib.div_gen_1_xbip_pipe_v3_0_3_viv__...
Compiling module xil_defaultlib.div_gen_1_xbip_pipe_v3_0_3_viv__...
Compiling module xil_defaultlib.div_gen_1_c_addsub_lut6_99
Compiling module xil_defaultlib.div_gen_1_c_addsub_viv_98
Compiling module xil_defaultlib.div_gen_1_addsubreg_v_46
Compiling module xil_defaultlib.div_gen_1_xbip_pipe_v3_0_3_viv__...
Compiling module xil_defaultlib.div_gen_1_xbip_pipe_v3_0_3_viv__...
Compiling module xil_defaultlib.div_gen_1_xbip_pipe_v3_0_3_viv__...
Compiling module xil_defaultlib.div_gen_1_xbip_pipe_v3_0_3_viv__...
Compiling module xil_defaultlib.div_gen_1_xbip_pipe_v3_0_3_viv__...
Compiling module xil_defaultlib.div_gen_1_xbip_pipe_v3_0_3_viv__...
Compiling module xil_defaultlib.div_gen_1_c_addsub_lut6_94
Compiling module xil_defaultlib.div_gen_1_c_addsub_viv_93
Compiling module xil_defaultlib.div_gen_1_addsubreg_v_48
Compiling module xil_defaultlib.div_gen_1_xbip_pipe_v3_0_3_viv__...
Compiling module xil_defaultlib.div_gen_1_xbip_pipe_v3_0_3_viv__...
Compiling module xil_defaultlib.div_gen_1_xbip_pipe_v3_0_3_viv__...
Compiling module xil_defaultlib.div_gen_1_xbip_pipe_v3_0_3_viv__...
Compiling module xil_defaultlib.div_gen_1_xbip_pipe_v3_0_3_viv__...
Compiling module xil_defaultlib.div_gen_1_xbip_pipe_v3_0_3_viv__...
Compiling module xil_defaultlib.div_gen_1_c_addsub_lut6_89
Compiling module xil_defaultlib.div_gen_1_c_addsub_viv_88
Compiling module xil_defaultlib.div_gen_1_addsubreg_v_50
Compiling module xil_defaultlib.div_gen_1_xbip_pipe_v3_0_3_viv__...
Compiling module xil_defaultlib.div_gen_1_xbip_pipe_v3_0_3_viv__...
Compiling module xil_defaultlib.div_gen_1_xbip_pipe_v3_0_3_viv__...
Compiling module xil_defaultlib.div_gen_1_xbip_pipe_v3_0_3_viv__...
Compiling module xil_defaultlib.div_gen_1_xbip_pipe_v3_0_3_viv__...
Compiling module xil_defaultlib.div_gen_1_xbip_pipe_v3_0_3_viv__...
Compiling module xil_defaultlib.div_gen_1_c_addsub_lut6_84
Compiling module xil_defaultlib.div_gen_1_c_addsub_viv_83
Compiling module xil_defaultlib.div_gen_1_addsubreg_v_52
Compiling module xil_defaultlib.div_gen_1_xbip_pipe_v3_0_3_viv__...
Compiling module xil_defaultlib.div_gen_1_xbip_pipe_v3_0_3_viv__...
Compiling module xil_defaultlib.div_gen_1_xbip_pipe_v3_0_3_viv__...
Compiling module xil_defaultlib.div_gen_1_xbip_pipe_v3_0_3_viv__...
Compiling module xil_defaultlib.div_gen_1_xbip_pipe_v3_0_3_viv__...
Compiling module xil_defaultlib.div_gen_1_xbip_pipe_v3_0_3_viv__...
Compiling module xil_defaultlib.div_gen_1_c_addsub_lut6_79
Compiling module xil_defaultlib.div_gen_1_c_addsub_viv_78
Compiling module xil_defaultlib.div_gen_1_addsubreg_v_54
Compiling module xil_defaultlib.div_gen_1_xbip_pipe_v3_0_3_viv__...
Compiling module xil_defaultlib.div_gen_1_xbip_pipe_v3_0_3_viv__...
Compiling module xil_defaultlib.div_gen_1_xbip_pipe_v3_0_3_viv__...
Compiling module xil_defaultlib.div_gen_1_xbip_pipe_v3_0_3_viv__...
Compiling module xil_defaultlib.div_gen_1_xbip_pipe_v3_0_3_viv__...
Compiling module xil_defaultlib.div_gen_1_xbip_pipe_v3_0_3_viv__...
Compiling module xil_defaultlib.div_gen_1_c_addsub_lut6_74
Compiling module xil_defaultlib.div_gen_1_c_addsub_viv_73
Compiling module xil_defaultlib.div_gen_1_addsubreg_v_56
Compiling module xil_defaultlib.div_gen_1_xbip_pipe_v3_0_3_viv__...
Compiling module xil_defaultlib.div_gen_1_xbip_pipe_v3_0_3_viv__...
Compiling module xil_defaultlib.div_gen_1_xbip_pipe_v3_0_3_viv__...
Compiling module xil_defaultlib.div_gen_1_xbip_pipe_v3_0_3_viv__...
Compiling module xil_defaultlib.div_gen_1_xbip_pipe_v3_0_3_viv__...
Compiling module xil_defaultlib.div_gen_1_xbip_pipe_v3_0_3_viv__...
Compiling module xil_defaultlib.div_gen_1_c_addsub_lut6_69
Compiling module xil_defaultlib.div_gen_1_c_addsub_viv_68
Compiling module xil_defaultlib.div_gen_1_addsubreg_v_58
Compiling module xil_defaultlib.div_gen_1_xbip_pipe_v3_0_3_viv__...
Compiling module xil_defaultlib.div_gen_1_xbip_pipe_v3_0_3_viv__...
Compiling module xil_defaultlib.div_gen_1_xbip_pipe_v3_0_3_viv__...
Compiling module xil_defaultlib.div_gen_1_xbip_pipe_v3_0_3_viv__...
Compiling module xil_defaultlib.div_gen_1_xbip_pipe_v3_0_3_viv__...
Compiling module xil_defaultlib.div_gen_1_xbip_pipe_v3_0_3_viv__...
Compiling module xil_defaultlib.div_gen_1_c_addsub_lut6
Compiling module xil_defaultlib.div_gen_1_c_addsub_viv
Compiling module xil_defaultlib.div_gen_1_addsubreg_v_60
Compiling module xil_defaultlib.div_gen_1_xbip_pipe_v3_0_3_viv__...
Compiling module xil_defaultlib.div_gen_1_xbip_pipe_v3_0_3_viv__...
Compiling module xil_defaultlib.div_gen_1_xbip_pipe_v3_0_3_viv__...
Compiling module xil_defaultlib.div_gen_1_xbip_pipe_v3_0_3_viv__...
Compiling module xil_defaultlib.div_gen_1_xbip_pipe_v3_0_3_viv__...
Compiling module xil_defaultlib.div_gen_1_xbip_pipe_v3_0_3_viv__...
Compiling module xil_defaultlib.div_gen_1_xbip_pipe_v3_0_3_viv__...
Compiling module xil_defaultlib.div_gen_1_xbip_pipe_v3_0_3_viv__...
Compiling module xil_defaultlib.div_gen_1_c_addsub_lut6__paramet...
Compiling module xil_defaultlib.div_gen_1_c_addsub_viv__paramete...
Compiling module xil_defaultlib.div_gen_1_addsubreg_v__parameter...
Compiling module xil_defaultlib.div_gen_1_dividervdc_v
Compiling module xil_defaultlib.div_gen_1_bip_sdivider_synth
Compiling module xil_defaultlib.div_gen_1_div_gen_synth
Compiling module xil_defaultlib.div_gen_1_div_gen_v5_1_11_viv
Compiling module xil_defaultlib.div_gen_1_div_gen_v5_1_11
Compiling module xil_defaultlib.div_gen_1
Compiling module xil_defaultlib.mult_gen_0_delay_line__parameter...
Compiling module simprims_ver.DSP48E1(ACASCREG=0,ALUMODEREG=0,...
Compiling module simprims_ver.DSP48E1(ACASCREG=0,ALUMODEREG=0,...
Compiling module xil_defaultlib.mult_gen_0_delay_line__parameter...
Compiling module simprims_ver.DSP48E1(ACASCREG=0,ALUMODEREG=0,...
Compiling module xil_defaultlib.mult_gen_0_dsp
Compiling module xil_defaultlib.mult_gen_0_mult_gen_v12_0_12_viv
Compiling module xil_defaultlib.mult_gen_0_mult_gen_v12_0_12
Compiling module xil_defaultlib.mult_gen_0
Compiling module xil_defaultlib.mult_gen_1_delay_line__parameter...
Compiling module xil_defaultlib.mult_gen_1_delay_line__parameter...
Compiling module xil_defaultlib.mult_gen_1_dsp
Compiling module xil_defaultlib.mult_gen_1_mult_gen_v12_0_12_viv
Compiling module xil_defaultlib.mult_gen_1_mult_gen_v12_0_12
Compiling module xil_defaultlib.mult_gen_1
Compiling module simprims_ver.latchsre_ldce
Compiling module simprims_ver.LDCE
Compiling module xil_defaultlib.alu
Compiling module simprims_ver.LUT6
Compiling module simprims_ver.LUT4
Compiling module simprims_ver.LUT5
Compiling module simprims_ver.FDCE_default
Compiling module simprims_ver.MUXF7
Compiling module xil_defaultlib.clk1
Compiling module xil_defaultlib.clk2
Compiling module xil_defaultlib.clk3
Compiling module xil_defaultlib.clk4
Compiling module simprims_ver.BUFG
Compiling module simprims_ver.IBUF
Compiling module simprims_ver.LDCE(IS_G_INVERTED=1'b1)
Compiling module xil_defaultlib.hi_lo
Compiling module simprims_ver.MUXF8
Compiling module simprims_ver.RAMS64E(RAM_ADDRESS_SPACE=2'b11)
Compiling module simprims_ver.RAMS64E(RAM_ADDRESS_SPACE=2'b10)
Compiling module simprims_ver.RAMS64E(RAM_ADDRESS_SPACE=2'b01)
Compiling module simprims_ver.RAMS64E
Compiling module xil_defaultlib.RAM256X1S_UNIQ_BASE_
Compiling module xil_defaultlib.RAM256X1S_HD6
Compiling module xil_defaultlib.RAM256X1S_HD7
Compiling module xil_defaultlib.RAM256X1S_HD8
Compiling module xil_defaultlib.RAM256X1S_HD9
Compiling module xil_defaultlib.RAM256X1S_HD10
Compiling module xil_defaultlib.RAM256X1S_HD11
Compiling module xil_defaultlib.RAM256X1S_HD12
Compiling module xil_defaultlib.RAM256X1S_HD13
Compiling module xil_defaultlib.RAM256X1S_HD14
Compiling module xil_defaultlib.RAM256X1S_HD15
Compiling module xil_defaultlib.RAM256X1S_HD16
Compiling module xil_defaultlib.RAM256X1S_HD17
Compiling module xil_defaultlib.RAM256X1S_HD18
Compiling module xil_defaultlib.RAM256X1S_HD19
Compiling module xil_defaultlib.RAM256X1S_HD20
Compiling module xil_defaultlib.RAM256X1S_HD21
Compiling module xil_defaultlib.RAM256X1S_HD22
Compiling module xil_defaultlib.RAM256X1S_HD23
Compiling module xil_defaultlib.RAM256X1S_HD24
Compiling module xil_defaultlib.RAM256X1S_HD25
Compiling module xil_defaultlib.RAM256X1S_HD26
Compiling module xil_defaultlib.RAM256X1S_HD27
Compiling module xil_defaultlib.RAM256X1S_HD28
Compiling module xil_defaultlib.RAM256X1S_HD29
Compiling module xil_defaultlib.RAM256X1S_HD30
Compiling module xil_defaultlib.RAM256X1S_HD31
Compiling module xil_defaultlib.RAM256X1S_HD32
Compiling module xil_defaultlib.RAM256X1S_HD33
Compiling module xil_defaultlib.RAM256X1S_HD34
Compiling module xil_defaultlib.RAM256X1S_HD35
Compiling module xil_defaultlib.RAM256X1S_HD36
Compiling module xil_defaultlib.RAM256X1S_HD37
Compiling module xil_defaultlib.RAM256X1S_HD38
Compiling module xil_defaultlib.RAM256X1S_HD39
Compiling module xil_defaultlib.RAM256X1S_HD40
Compiling module xil_defaultlib.RAM256X1S_HD41
Compiling module xil_defaultlib.RAM256X1S_HD42
Compiling module xil_defaultlib.RAM256X1S_HD43
Compiling module xil_defaultlib.RAM256X1S_HD44
Compiling module xil_defaultlib.RAM256X1S_HD45
Compiling module xil_defaultlib.RAM256X1S_HD46
Compiling module xil_defaultlib.RAM256X1S_HD47
Compiling module xil_defaultlib.RAM256X1S_HD48
Compiling module xil_defaultlib.RAM256X1S_HD49
Compiling module xil_defaultlib.RAM256X1S_HD50
Compiling module xil_defaultlib.RAM256X1S_HD51
Compiling module xil_defaultlib.RAM256X1S_HD52
Compiling module xil_defaultlib.RAM256X1S_HD53
Compiling module xil_defaultlib.RAM256X1S_HD54
Compiling module xil_defaultlib.RAM256X1S_HD55
Compiling module xil_defaultlib.RAM256X1S_HD56
Compiling module xil_defaultlib.RAM256X1S_HD57
Compiling module xil_defaultlib.RAM256X1S_HD58
Compiling module xil_defaultlib.RAM256X1S_HD59
Compiling module xil_defaultlib.RAM256X1S_HD60
Compiling module xil_defaultlib.RAM256X1S_HD61
Compiling module xil_defaultlib.RAM256X1S_HD62
Compiling module xil_defaultlib.RAM256X1S_HD63
Compiling module xil_defaultlib.RAM256X1S_HD64
Compiling module xil_defaultlib.RAM256X1S_HD65
Compiling module xil_defaultlib.RAM256X1S_HD66
Compiling module xil_defaultlib.RAM256X1S_HD67
Compiling module xil_defaultlib.RAM256X1S_HD68
Compiling module xil_defaultlib.RAM256X1S_HD69
Compiling module xil_defaultlib.RAM256X1S_HD70
Compiling module xil_defaultlib.RAM256X1S_HD71
Compiling module xil_defaultlib.RAM256X1S_HD72
Compiling module xil_defaultlib.RAM256X1S_HD73
Compiling module xil_defaultlib.RAM256X1S_HD74
Compiling module xil_defaultlib.RAM256X1S_HD75
Compiling module xil_defaultlib.RAM256X1S_HD76
Compiling module xil_defaultlib.RAM256X1S_HD77
Compiling module xil_defaultlib.RAM256X1S_HD78
Compiling module xil_defaultlib.RAM256X1S_HD79
Compiling module xil_defaultlib.RAM256X1S_HD80
Compiling module xil_defaultlib.RAM256X1S_HD81
Compiling module xil_defaultlib.RAM256X1S_HD82
Compiling module xil_defaultlib.RAM256X1S_HD83
Compiling module xil_defaultlib.RAM256X1S_HD84
Compiling module xil_defaultlib.RAM256X1S_HD85
Compiling module xil_defaultlib.RAM256X1S_HD86
Compiling module xil_defaultlib.RAM256X1S_HD87
Compiling module xil_defaultlib.RAM256X1S_HD88
Compiling module xil_defaultlib.RAM256X1S_HD89
Compiling module xil_defaultlib.RAM256X1S_HD90
Compiling module xil_defaultlib.RAM256X1S_HD91
Compiling module xil_defaultlib.RAM256X1S_HD92
Compiling module xil_defaultlib.RAM256X1S_HD93
Compiling module xil_defaultlib.RAM256X1S_HD94
Compiling module xil_defaultlib.RAM256X1S_HD95
Compiling module xil_defaultlib.RAM256X1S_HD96
Compiling module xil_defaultlib.RAM256X1S_HD97
Compiling module xil_defaultlib.RAM256X1S_HD98
Compiling module xil_defaultlib.RAM256X1S_HD99
Compiling module xil_defaultlib.RAM256X1S_HD100
Compiling module xil_defaultlib.RAM256X1S_HD101
Compiling module xil_defaultlib.RAM256X1S_HD102
Compiling module xil_defaultlib.RAM256X1S_HD103
Compiling module xil_defaultlib.RAM256X1S_HD104
Compiling module xil_defaultlib.RAM256X1S_HD105
Compiling module xil_defaultlib.RAM256X1S_HD106
Compiling module xil_defaultlib.RAM256X1S_HD107
Compiling module xil_defaultlib.RAM256X1S_HD108
Compiling module xil_defaultlib.RAM256X1S_HD109
Compiling module xil_defaultlib.RAM256X1S_HD110
Compiling module xil_defaultlib.RAM256X1S_HD111
Compiling module xil_defaultlib.RAM256X1S_HD112
Compiling module xil_defaultlib.RAM256X1S_HD113
Compiling module xil_defaultlib.RAM256X1S_HD114
Compiling module xil_defaultlib.RAM256X1S_HD115
Compiling module xil_defaultlib.RAM256X1S_HD116
Compiling module xil_defaultlib.RAM256X1S_HD117
Compiling module xil_defaultlib.RAM256X1S_HD118
Compiling module xil_defaultlib.RAM256X1S_HD119
Compiling module xil_defaultlib.RAM256X1S_HD120
Compiling module xil_defaultlib.RAM256X1S_HD121
Compiling module xil_defaultlib.RAM256X1S_HD122
Compiling module xil_defaultlib.RAM256X1S_HD123
Compiling module xil_defaultlib.RAM256X1S_HD124
Compiling module xil_defaultlib.RAM256X1S_HD125
Compiling module xil_defaultlib.RAM256X1S_HD126
Compiling module xil_defaultlib.RAM256X1S_HD127
Compiling module xil_defaultlib.RAM256X1S_HD128
Compiling module xil_defaultlib.RAM256X1S_HD129
Compiling module xil_defaultlib.RAM256X1S_HD130
Compiling module xil_defaultlib.RAM256X1S_HD131
Compiling module xil_defaultlib.RAM256X1S_HD132
Compiling module xil_defaultlib.dist_mem_gen_0__spram
Compiling module xil_defaultlib.dist_mem_gen_0__dist_mem_gen_v8_...
Compiling module xil_defaultlib.dist_mem_gen_0__dist_mem_gen_v8_...
Compiling module xil_defaultlib.dist_mem_gen_0
Compiling module xil_defaultlib.mux2
Compiling module xil_defaultlib.mux2_0
Compiling module xil_defaultlib.mux2_5
Compiling module xil_defaultlib.mux2_1
Compiling module xil_defaultlib.mux2_2
Compiling module xil_defaultlib.mux2_3
Compiling module xil_defaultlib.pc
Compiling module xil_defaultlib.adder_pc
Compiling module simprims_ver.OBUF
Compiling module xil_defaultlib.RAM256X1S_HD133
Compiling module xil_defaultlib.RAM256X1S_HD134
Compiling module xil_defaultlib.RAM256X1S_HD135
Compiling module xil_defaultlib.RAM256X1S_HD136
Compiling module xil_defaultlib.RAM256X1S_HD137
Compiling module xil_defaultlib.RAM256X1S_HD138
Compiling module xil_defaultlib.RAM256X1S_HD139
Compiling module xil_defaultlib.RAM256X1S_HD140
Compiling module xil_defaultlib.RAM256X1S_HD141
Compiling module xil_defaultlib.RAM256X1S_HD142
Compiling module xil_defaultlib.RAM256X1S_HD143
Compiling module xil_defaultlib.RAM256X1S_HD144
Compiling module xil_defaultlib.RAM256X1S_HD145
Compiling module xil_defaultlib.RAM256X1S_HD146
Compiling module xil_defaultlib.RAM256X1S_HD147
Compiling module xil_defaultlib.RAM256X1S_HD148
Compiling module xil_defaultlib.RAM256X1S_HD149
Compiling module xil_defaultlib.RAM256X1S_HD150
Compiling module xil_defaultlib.RAM256X1S_HD151
Compiling module xil_defaultlib.RAM256X1S_HD152
Compiling module xil_defaultlib.RAM256X1S_HD153
Compiling module xil_defaultlib.RAM256X1S_HD154
Compiling module xil_defaultlib.RAM256X1S_HD155
Compiling module xil_defaultlib.RAM256X1S_HD156
Compiling module xil_defaultlib.RAM256X1S_HD157
Compiling module xil_defaultlib.RAM256X1S_HD158
Compiling module xil_defaultlib.RAM256X1S_HD159
Compiling module xil_defaultlib.RAM256X1S_HD160
Compiling module xil_defaultlib.RAM256X1S_HD161
Compiling module xil_defaultlib.RAM256X1S_HD162
Compiling module xil_defaultlib.RAM256X1S_HD163
Compiling module xil_defaultlib.RAM256X1S_HD164
Compiling module xil_defaultlib.RAM256X1S_HD165
Compiling module xil_defaultlib.RAM256X1S_HD166
Compiling module xil_defaultlib.RAM256X1S_HD167
Compiling module xil_defaultlib.RAM256X1S_HD168
Compiling module xil_defaultlib.RAM256X1S_HD169
Compiling module xil_defaultlib.RAM256X1S_HD170
Compiling module xil_defaultlib.RAM256X1S_HD171
Compiling module xil_defaultlib.RAM256X1S_HD172
Compiling module xil_defaultlib.RAM256X1S_HD173
Compiling module xil_defaultlib.RAM256X1S_HD174
Compiling module xil_defaultlib.RAM256X1S_HD175
Compiling module xil_defaultlib.RAM256X1S_HD176
Compiling module xil_defaultlib.RAM256X1S_HD177
Compiling module xil_defaultlib.RAM256X1S_HD178
Compiling module xil_defaultlib.RAM256X1S_HD179
Compiling module xil_defaultlib.RAM256X1S_HD180
Compiling module xil_defaultlib.RAM256X1S_HD181
Compiling module xil_defaultlib.RAM256X1S_HD182
Compiling module xil_defaultlib.RAM256X1S_HD183
Compiling module xil_defaultlib.RAM256X1S_HD184
Compiling module xil_defaultlib.RAM256X1S_HD185
Compiling module xil_defaultlib.RAM256X1S_HD186
Compiling module xil_defaultlib.RAM256X1S_HD187
Compiling module xil_defaultlib.RAM256X1S_HD188
Compiling module xil_defaultlib.RAM256X1S_HD189
Compiling module xil_defaultlib.RAM256X1S_HD190
Compiling module xil_defaultlib.RAM256X1S_HD191
Compiling module xil_defaultlib.RAM256X1S_HD192
Compiling module xil_defaultlib.RAM256X1S_HD193
Compiling module xil_defaultlib.RAM256X1S_HD194
Compiling module xil_defaultlib.RAM256X1S_HD195
Compiling module xil_defaultlib.RAM256X1S_HD196
Compiling module xil_defaultlib.RAM256X1S_HD197
Compiling module xil_defaultlib.RAM256X1S_HD198
Compiling module xil_defaultlib.RAM256X1S_HD199
Compiling module xil_defaultlib.RAM256X1S_HD200
Compiling module xil_defaultlib.RAM256X1S_HD201
Compiling module xil_defaultlib.RAM256X1S_HD202
Compiling module xil_defaultlib.RAM256X1S_HD203
Compiling module xil_defaultlib.RAM256X1S_HD204
Compiling module xil_defaultlib.RAM256X1S_HD205
Compiling module xil_defaultlib.RAM256X1S_HD206
Compiling module xil_defaultlib.RAM256X1S_HD207
Compiling module xil_defaultlib.RAM256X1S_HD208
Compiling module xil_defaultlib.RAM256X1S_HD209
Compiling module xil_defaultlib.RAM256X1S_HD210
Compiling module xil_defaultlib.RAM256X1S_HD211
Compiling module xil_defaultlib.RAM256X1S_HD212
Compiling module xil_defaultlib.RAM256X1S_HD213
Compiling module xil_defaultlib.RAM256X1S_HD214
Compiling module xil_defaultlib.RAM256X1S_HD215
Compiling module xil_defaultlib.RAM256X1S_HD216
Compiling module xil_defaultlib.RAM256X1S_HD217
Compiling module xil_defaultlib.RAM256X1S_HD218
Compiling module xil_defaultlib.RAM256X1S_HD219
Compiling module xil_defaultlib.RAM256X1S_HD220
Compiling module xil_defaultlib.RAM256X1S_HD221
Compiling module xil_defaultlib.RAM256X1S_HD222
Compiling module xil_defaultlib.RAM256X1S_HD223
Compiling module xil_defaultlib.RAM256X1S_HD224
Compiling module xil_defaultlib.RAM256X1S_HD225
Compiling module xil_defaultlib.RAM256X1S_HD226
Compiling module xil_defaultlib.RAM256X1S_HD227
Compiling module xil_defaultlib.RAM256X1S_HD228
Compiling module xil_defaultlib.RAM256X1S_HD229
Compiling module xil_defaultlib.RAM256X1S_HD230
Compiling module xil_defaultlib.RAM256X1S_HD231
Compiling module xil_defaultlib.RAM256X1S_HD232
Compiling module xil_defaultlib.RAM256X1S_HD233
Compiling module xil_defaultlib.RAM256X1S_HD234
Compiling module xil_defaultlib.RAM256X1S_HD235
Compiling module xil_defaultlib.RAM256X1S_HD236
Compiling module xil_defaultlib.RAM256X1S_HD237
Compiling module xil_defaultlib.RAM256X1S_HD238
Compiling module xil_defaultlib.RAM256X1S_HD239
Compiling module xil_defaultlib.RAM256X1S_HD240
Compiling module xil_defaultlib.RAM256X1S_HD241
Compiling module xil_defaultlib.RAM256X1S_HD242
Compiling module xil_defaultlib.RAM256X1S_HD243
Compiling module xil_defaultlib.RAM256X1S_HD244
Compiling module xil_defaultlib.RAM256X1S_HD245
Compiling module xil_defaultlib.RAM256X1S_HD246
Compiling module xil_defaultlib.RAM256X1S_HD247
Compiling module xil_defaultlib.RAM256X1S_HD248
Compiling module xil_defaultlib.RAM256X1S_HD249
Compiling module xil_defaultlib.RAM256X1S_HD250
Compiling module xil_defaultlib.RAM256X1S_HD251
Compiling module xil_defaultlib.RAM256X1S_HD252
Compiling module xil_defaultlib.RAM256X1S_HD253
Compiling module xil_defaultlib.RAM256X1S_HD254
Compiling module xil_defaultlib.RAM256X1S_HD255
Compiling module xil_defaultlib.RAM256X1S_HD256
Compiling module xil_defaultlib.RAM256X1S_HD257
Compiling module xil_defaultlib.RAM256X1S_HD258
Compiling module xil_defaultlib.RAM256X1S_HD259
Compiling module xil_defaultlib.RAM256X1S_HD260
Compiling module xil_defaultlib.dist_mem_gen_0__spram_HD5
Compiling module xil_defaultlib.dist_mem_gen_0__dist_mem_gen_v8_...
Compiling module xil_defaultlib.dist_mem_gen_0__dist_mem_gen_v8_...
Compiling module xil_defaultlib.dist_mem_gen_0_HD2
Compiling module simprims_ver.FDRE(IS_C_INVERTED=1'b1)
Compiling module simprims_ver.RAMD32
Compiling module simprims_ver.RAMS32
Compiling module xil_defaultlib.RAM32M_UNIQ_BASE_
Compiling module xil_defaultlib.RAM32M_HD261
Compiling module xil_defaultlib.RAM32M_HD262
Compiling module xil_defaultlib.RAM32M_HD263
Compiling module xil_defaultlib.RAM32M_HD264
Compiling module xil_defaultlib.RAM32M_HD265
Compiling module xil_defaultlib.RAM32M_HD266
Compiling module xil_defaultlib.RAM32M_HD267
Compiling module xil_defaultlib.RAM32M_HD268
Compiling module xil_defaultlib.RAM32M_HD269
Compiling module xil_defaultlib.RAM32M_HD270
Compiling module xil_defaultlib.RAM32M_HD271
Compiling module xil_defaultlib.reg_file
Compiling module xil_defaultlib.cpu
Compiling module xil_defaultlib.cpu_tb
Compiling module xil_defaultlib.glbl
Built simulation snapshot cpu_tb_time_synth
