INFO: [VRFC 10-2263] Analyzing Verilog file "D:/verilog/myproject/myproject/myproject.sim/sim_1/synth/timing/cpu_tb_time_synth.v" into library xil_defaultlib
INFO: [VRFC 10-311] analyzing module RAM256X1S_UNIQ_BASE_
INFO: [VRFC 10-311] analyzing module RAM256X1S_HD10
INFO: [VRFC 10-311] analyzing module RAM256X1S_HD100
INFO: [VRFC 10-311] analyzing module RAM256X1S_HD101
INFO: [VRFC 10-311] analyzing module RAM256X1S_HD102
INFO: [VRFC 10-311] analyzing module RAM256X1S_HD103
INFO: [VRFC 10-311] analyzing module RAM256X1S_HD104
INFO: [VRFC 10-311] analyzing module RAM256X1S_HD105
INFO: [VRFC 10-311] analyzing module RAM256X1S_HD106
INFO: [VRFC 10-311] analyzing module RAM256X1S_HD107
INFO: [VRFC 10-311] analyzing module RAM256X1S_HD108
INFO: [VRFC 10-311] analyzing module RAM256X1S_HD109
INFO: [VRFC 10-311] analyzing module RAM256X1S_HD11
INFO: [VRFC 10-311] analyzing module RAM256X1S_HD110
INFO: [VRFC 10-311] analyzing module RAM256X1S_HD111
INFO: [VRFC 10-311] analyzing module RAM256X1S_HD112
INFO: [VRFC 10-311] analyzing module RAM256X1S_HD113
INFO: [VRFC 10-311] analyzing module RAM256X1S_HD114
INFO: [VRFC 10-311] analyzing module RAM256X1S_HD115
INFO: [VRFC 10-311] analyzing module RAM256X1S_HD116
INFO: [VRFC 10-311] analyzing module RAM256X1S_HD117
INFO: [VRFC 10-311] analyzing module RAM256X1S_HD118
INFO: [VRFC 10-311] analyzing module RAM256X1S_HD119
INFO: [VRFC 10-311] analyzing module RAM256X1S_HD12
INFO: [VRFC 10-311] analyzing module RAM256X1S_HD120
INFO: [VRFC 10-311] analyzing module RAM256X1S_HD121
INFO: [VRFC 10-311] analyzing module RAM256X1S_HD122
INFO: [VRFC 10-311] analyzing module RAM256X1S_HD123
INFO: [VRFC 10-311] analyzing module RAM256X1S_HD124
INFO: [VRFC 10-311] analyzing module RAM256X1S_HD125
INFO: [VRFC 10-311] analyzing module RAM256X1S_HD126
INFO: [VRFC 10-311] analyzing module RAM256X1S_HD127
INFO: [VRFC 10-311] analyzing module RAM256X1S_HD128
INFO: [VRFC 10-311] analyzing module RAM256X1S_HD129
INFO: [VRFC 10-311] analyzing module RAM256X1S_HD13
INFO: [VRFC 10-311] analyzing module RAM256X1S_HD130
INFO: [VRFC 10-311] analyzing module RAM256X1S_HD131
INFO: [VRFC 10-311] analyzing module RAM256X1S_HD132
INFO: [VRFC 10-311] analyzing module RAM256X1S_HD133
INFO: [VRFC 10-311] analyzing module RAM256X1S_HD134
INFO: [VRFC 10-311] analyzing module RAM256X1S_HD135
INFO: [VRFC 10-311] analyzing module RAM256X1S_HD136
INFO: [VRFC 10-311] analyzing module RAM256X1S_HD137
INFO: [VRFC 10-311] analyzing module RAM256X1S_HD138
INFO: [VRFC 10-311] analyzing module RAM256X1S_HD139
INFO: [VRFC 10-311] analyzing module RAM256X1S_HD14
INFO: [VRFC 10-311] analyzing module RAM256X1S_HD140
INFO: [VRFC 10-311] analyzing module RAM256X1S_HD141
INFO: [VRFC 10-311] analyzing module RAM256X1S_HD142
INFO: [VRFC 10-311] analyzing module RAM256X1S_HD143
INFO: [VRFC 10-311] analyzing module RAM256X1S_HD144
INFO: [VRFC 10-311] analyzing module RAM256X1S_HD145
INFO: [VRFC 10-311] analyzing module RAM256X1S_HD146
INFO: [VRFC 10-311] analyzing module RAM256X1S_HD147
INFO: [VRFC 10-311] analyzing module RAM256X1S_HD148
INFO: [VRFC 10-311] analyzing module RAM256X1S_HD149
INFO: [VRFC 10-311] analyzing module RAM256X1S_HD15
INFO: [VRFC 10-311] analyzing module RAM256X1S_HD150
INFO: [VRFC 10-311] analyzing module RAM256X1S_HD151
INFO: [VRFC 10-311] analyzing module RAM256X1S_HD152
INFO: [VRFC 10-311] analyzing module RAM256X1S_HD153
INFO: [VRFC 10-311] analyzing module RAM256X1S_HD154
INFO: [VRFC 10-311] analyzing module RAM256X1S_HD155
INFO: [VRFC 10-311] analyzing module RAM256X1S_HD156
INFO: [VRFC 10-311] analyzing module RAM256X1S_HD157
INFO: [VRFC 10-311] analyzing module RAM256X1S_HD158
INFO: [VRFC 10-311] analyzing module RAM256X1S_HD159
INFO: [VRFC 10-311] analyzing module RAM256X1S_HD16
INFO: [VRFC 10-311] analyzing module RAM256X1S_HD160
INFO: [VRFC 10-311] analyzing module RAM256X1S_HD161
INFO: [VRFC 10-311] analyzing module RAM256X1S_HD162
INFO: [VRFC 10-311] analyzing module RAM256X1S_HD163
INFO: [VRFC 10-311] analyzing module RAM256X1S_HD164
INFO: [VRFC 10-311] analyzing module RAM256X1S_HD165
INFO: [VRFC 10-311] analyzing module RAM256X1S_HD166
INFO: [VRFC 10-311] analyzing module RAM256X1S_HD167
INFO: [VRFC 10-311] analyzing module RAM256X1S_HD168
INFO: [VRFC 10-311] analyzing module RAM256X1S_HD169
INFO: [VRFC 10-311] analyzing module RAM256X1S_HD17
INFO: [VRFC 10-311] analyzing module RAM256X1S_HD170
INFO: [VRFC 10-311] analyzing module RAM256X1S_HD171
INFO: [VRFC 10-311] analyzing module RAM256X1S_HD172
INFO: [VRFC 10-311] analyzing module RAM256X1S_HD173
INFO: [VRFC 10-311] analyzing module RAM256X1S_HD174
INFO: [VRFC 10-311] analyzing module RAM256X1S_HD175
INFO: [VRFC 10-311] analyzing module RAM256X1S_HD176
INFO: [VRFC 10-311] analyzing module RAM256X1S_HD177
INFO: [VRFC 10-311] analyzing module RAM256X1S_HD178
INFO: [VRFC 10-311] analyzing module RAM256X1S_HD179
INFO: [VRFC 10-311] analyzing module RAM256X1S_HD18
INFO: [VRFC 10-311] analyzing module RAM256X1S_HD180
INFO: [VRFC 10-311] analyzing module RAM256X1S_HD181
INFO: [VRFC 10-311] analyzing module RAM256X1S_HD182
INFO: [VRFC 10-311] analyzing module RAM256X1S_HD183
INFO: [VRFC 10-311] analyzing module RAM256X1S_HD184
INFO: [VRFC 10-311] analyzing module RAM256X1S_HD185
INFO: [VRFC 10-311] analyzing module RAM256X1S_HD186
INFO: [VRFC 10-311] analyzing module RAM256X1S_HD187
INFO: [VRFC 10-311] analyzing module RAM256X1S_HD188
INFO: [VRFC 10-311] analyzing module RAM256X1S_HD189
INFO: [VRFC 10-311] analyzing module RAM256X1S_HD19
INFO: [VRFC 10-311] analyzing module RAM256X1S_HD190
INFO: [VRFC 10-311] analyzing module RAM256X1S_HD191
INFO: [VRFC 10-311] analyzing module RAM256X1S_HD192
INFO: [VRFC 10-311] analyzing module RAM256X1S_HD193
INFO: [VRFC 10-311] analyzing module RAM256X1S_HD194
INFO: [VRFC 10-311] analyzing module RAM256X1S_HD195
INFO: [VRFC 10-311] analyzing module RAM256X1S_HD196
INFO: [VRFC 10-311] analyzing module RAM256X1S_HD197
INFO: [VRFC 10-311] analyzing module RAM256X1S_HD198
INFO: [VRFC 10-311] analyzing module RAM256X1S_HD199
INFO: [VRFC 10-311] analyzing module RAM256X1S_HD20
INFO: [VRFC 10-311] analyzing module RAM256X1S_HD200
INFO: [VRFC 10-311] analyzing module RAM256X1S_HD201
INFO: [VRFC 10-311] analyzing module RAM256X1S_HD202
INFO: [VRFC 10-311] analyzing module RAM256X1S_HD203
INFO: [VRFC 10-311] analyzing module RAM256X1S_HD204
INFO: [VRFC 10-311] analyzing module RAM256X1S_HD205
INFO: [VRFC 10-311] analyzing module RAM256X1S_HD206
INFO: [VRFC 10-311] analyzing module RAM256X1S_HD207
INFO: [VRFC 10-311] analyzing module RAM256X1S_HD208
INFO: [VRFC 10-311] analyzing module RAM256X1S_HD209
INFO: [VRFC 10-311] analyzing module RAM256X1S_HD21
INFO: [VRFC 10-311] analyzing module RAM256X1S_HD210
INFO: [VRFC 10-311] analyzing module RAM256X1S_HD211
INFO: [VRFC 10-311] analyzing module RAM256X1S_HD212
INFO: [VRFC 10-311] analyzing module RAM256X1S_HD213
INFO: [VRFC 10-311] analyzing module RAM256X1S_HD214
INFO: [VRFC 10-311] analyzing module RAM256X1S_HD215
INFO: [VRFC 10-311] analyzing module RAM256X1S_HD216
INFO: [VRFC 10-311] analyzing module RAM256X1S_HD217
INFO: [VRFC 10-311] analyzing module RAM256X1S_HD218
INFO: [VRFC 10-311] analyzing module RAM256X1S_HD219
INFO: [VRFC 10-311] analyzing module RAM256X1S_HD22
INFO: [VRFC 10-311] analyzing module RAM256X1S_HD220
INFO: [VRFC 10-311] analyzing module RAM256X1S_HD221
INFO: [VRFC 10-311] analyzing module RAM256X1S_HD222
INFO: [VRFC 10-311] analyzing module RAM256X1S_HD223
INFO: [VRFC 10-311] analyzing module RAM256X1S_HD224
INFO: [VRFC 10-311] analyzing module RAM256X1S_HD225
INFO: [VRFC 10-311] analyzing module RAM256X1S_HD226
INFO: [VRFC 10-311] analyzing module RAM256X1S_HD227
INFO: [VRFC 10-311] analyzing module RAM256X1S_HD228
INFO: [VRFC 10-311] analyzing module RAM256X1S_HD229
INFO: [VRFC 10-311] analyzing module RAM256X1S_HD23
INFO: [VRFC 10-311] analyzing module RAM256X1S_HD230
INFO: [VRFC 10-311] analyzing module RAM256X1S_HD231
INFO: [VRFC 10-311] analyzing module RAM256X1S_HD232
INFO: [VRFC 10-311] analyzing module RAM256X1S_HD233
INFO: [VRFC 10-311] analyzing module RAM256X1S_HD234
INFO: [VRFC 10-311] analyzing module RAM256X1S_HD235
INFO: [VRFC 10-311] analyzing module RAM256X1S_HD236
INFO: [VRFC 10-311] analyzing module RAM256X1S_HD237
INFO: [VRFC 10-311] analyzing module RAM256X1S_HD238
INFO: [VRFC 10-311] analyzing module RAM256X1S_HD239
INFO: [VRFC 10-311] analyzing module RAM256X1S_HD24
INFO: [VRFC 10-311] analyzing module RAM256X1S_HD240
INFO: [VRFC 10-311] analyzing module RAM256X1S_HD241
INFO: [VRFC 10-311] analyzing module RAM256X1S_HD242
INFO: [VRFC 10-311] analyzing module RAM256X1S_HD243
INFO: [VRFC 10-311] analyzing module RAM256X1S_HD244
INFO: [VRFC 10-311] analyzing module RAM256X1S_HD245
INFO: [VRFC 10-311] analyzing module RAM256X1S_HD246
INFO: [VRFC 10-311] analyzing module RAM256X1S_HD247
INFO: [VRFC 10-311] analyzing module RAM256X1S_HD248
INFO: [VRFC 10-311] analyzing module RAM256X1S_HD249
INFO: [VRFC 10-311] analyzing module RAM256X1S_HD25
INFO: [VRFC 10-311] analyzing module RAM256X1S_HD250
INFO: [VRFC 10-311] analyzing module RAM256X1S_HD251
INFO: [VRFC 10-311] analyzing module RAM256X1S_HD252
INFO: [VRFC 10-311] analyzing module RAM256X1S_HD253
INFO: [VRFC 10-311] analyzing module RAM256X1S_HD254
INFO: [VRFC 10-311] analyzing module RAM256X1S_HD255
INFO: [VRFC 10-311] analyzing module RAM256X1S_HD256
INFO: [VRFC 10-311] analyzing module RAM256X1S_HD257
INFO: [VRFC 10-311] analyzing module RAM256X1S_HD258
INFO: [VRFC 10-311] analyzing module RAM256X1S_HD259
INFO: [VRFC 10-311] analyzing module RAM256X1S_HD26
INFO: [VRFC 10-311] analyzing module RAM256X1S_HD260
INFO: [VRFC 10-311] analyzing module RAM256X1S_HD27
INFO: [VRFC 10-311] analyzing module RAM256X1S_HD28
INFO: [VRFC 10-311] analyzing module RAM256X1S_HD29
INFO: [VRFC 10-311] analyzing module RAM256X1S_HD30
INFO: [VRFC 10-311] analyzing module RAM256X1S_HD31
INFO: [VRFC 10-311] analyzing module RAM256X1S_HD32
INFO: [VRFC 10-311] analyzing module RAM256X1S_HD33
INFO: [VRFC 10-311] analyzing module RAM256X1S_HD34
INFO: [VRFC 10-311] analyzing module RAM256X1S_HD35
INFO: [VRFC 10-311] analyzing module RAM256X1S_HD36
INFO: [VRFC 10-311] analyzing module RAM256X1S_HD37
INFO: [VRFC 10-311] analyzing module RAM256X1S_HD38
INFO: [VRFC 10-311] analyzing module RAM256X1S_HD39
INFO: [VRFC 10-311] analyzing module RAM256X1S_HD40
INFO: [VRFC 10-311] analyzing module RAM256X1S_HD41
INFO: [VRFC 10-311] analyzing module RAM256X1S_HD42
INFO: [VRFC 10-311] analyzing module RAM256X1S_HD43
INFO: [VRFC 10-311] analyzing module RAM256X1S_HD44
INFO: [VRFC 10-311] analyzing module RAM256X1S_HD45
INFO: [VRFC 10-311] analyzing module RAM256X1S_HD46
INFO: [VRFC 10-311] analyzing module RAM256X1S_HD47
INFO: [VRFC 10-311] analyzing module RAM256X1S_HD48
INFO: [VRFC 10-311] analyzing module RAM256X1S_HD49
INFO: [VRFC 10-311] analyzing module RAM256X1S_HD50
INFO: [VRFC 10-311] analyzing module RAM256X1S_HD51
INFO: [VRFC 10-311] analyzing module RAM256X1S_HD52
INFO: [VRFC 10-311] analyzing module RAM256X1S_HD53
INFO: [VRFC 10-311] analyzing module RAM256X1S_HD54
INFO: [VRFC 10-311] analyzing module RAM256X1S_HD55
INFO: [VRFC 10-311] analyzing module RAM256X1S_HD56
INFO: [VRFC 10-311] analyzing module RAM256X1S_HD57
INFO: [VRFC 10-311] analyzing module RAM256X1S_HD58
INFO: [VRFC 10-311] analyzing module RAM256X1S_HD59
INFO: [VRFC 10-311] analyzing module RAM256X1S_HD6
INFO: [VRFC 10-311] analyzing module RAM256X1S_HD60
INFO: [VRFC 10-311] analyzing module RAM256X1S_HD61
INFO: [VRFC 10-311] analyzing module RAM256X1S_HD62
INFO: [VRFC 10-311] analyzing module RAM256X1S_HD63
INFO: [VRFC 10-311] analyzing module RAM256X1S_HD64
INFO: [VRFC 10-311] analyzing module RAM256X1S_HD65
INFO: [VRFC 10-311] analyzing module RAM256X1S_HD66
INFO: [VRFC 10-311] analyzing module RAM256X1S_HD67
INFO: [VRFC 10-311] analyzing module RAM256X1S_HD68
INFO: [VRFC 10-311] analyzing module RAM256X1S_HD69
INFO: [VRFC 10-311] analyzing module RAM256X1S_HD7
INFO: [VRFC 10-311] analyzing module RAM256X1S_HD70
INFO: [VRFC 10-311] analyzing module RAM256X1S_HD71
INFO: [VRFC 10-311] analyzing module RAM256X1S_HD72
INFO: [VRFC 10-311] analyzing module RAM256X1S_HD73
INFO: [VRFC 10-311] analyzing module RAM256X1S_HD74
INFO: [VRFC 10-311] analyzing module RAM256X1S_HD75
INFO: [VRFC 10-311] analyzing module RAM256X1S_HD76
INFO: [VRFC 10-311] analyzing module RAM256X1S_HD77
INFO: [VRFC 10-311] analyzing module RAM256X1S_HD78
INFO: [VRFC 10-311] analyzing module RAM256X1S_HD79
INFO: [VRFC 10-311] analyzing module RAM256X1S_HD8
INFO: [VRFC 10-311] analyzing module RAM256X1S_HD80
INFO: [VRFC 10-311] analyzing module RAM256X1S_HD81
INFO: [VRFC 10-311] analyzing module RAM256X1S_HD82
INFO: [VRFC 10-311] analyzing module RAM256X1S_HD83
INFO: [VRFC 10-311] analyzing module RAM256X1S_HD84
INFO: [VRFC 10-311] analyzing module RAM256X1S_HD85
INFO: [VRFC 10-311] analyzing module RAM256X1S_HD86
INFO: [VRFC 10-311] analyzing module RAM256X1S_HD87
INFO: [VRFC 10-311] analyzing module RAM256X1S_HD88
INFO: [VRFC 10-311] analyzing module RAM256X1S_HD89
INFO: [VRFC 10-311] analyzing module RAM256X1S_HD9
INFO: [VRFC 10-311] analyzing module RAM256X1S_HD90
INFO: [VRFC 10-311] analyzing module RAM256X1S_HD91
INFO: [VRFC 10-311] analyzing module RAM256X1S_HD92
INFO: [VRFC 10-311] analyzing module RAM256X1S_HD93
INFO: [VRFC 10-311] analyzing module RAM256X1S_HD94
INFO: [VRFC 10-311] analyzing module RAM256X1S_HD95
INFO: [VRFC 10-311] analyzing module RAM256X1S_HD96
INFO: [VRFC 10-311] analyzing module RAM256X1S_HD97
INFO: [VRFC 10-311] analyzing module RAM256X1S_HD98
INFO: [VRFC 10-311] analyzing module RAM256X1S_HD99
INFO: [VRFC 10-311] analyzing module RAM32M_UNIQ_BASE_
INFO: [VRFC 10-311] analyzing module RAM32M_HD261
INFO: [VRFC 10-311] analyzing module RAM32M_HD262
INFO: [VRFC 10-311] analyzing module RAM32M_HD263
INFO: [VRFC 10-311] analyzing module RAM32M_HD264
INFO: [VRFC 10-311] analyzing module RAM32M_HD265
INFO: [VRFC 10-311] analyzing module RAM32M_HD266
INFO: [VRFC 10-311] analyzing module RAM32M_HD267
INFO: [VRFC 10-311] analyzing module RAM32M_HD268
INFO: [VRFC 10-311] analyzing module RAM32M_HD269
INFO: [VRFC 10-311] analyzing module RAM32M_HD270
INFO: [VRFC 10-311] analyzing module RAM32M_HD271
INFO: [VRFC 10-311] analyzing module adder_pc
INFO: [VRFC 10-311] analyzing module alu
INFO: [VRFC 10-311] analyzing module clk1
INFO: [VRFC 10-311] analyzing module clk2
INFO: [VRFC 10-311] analyzing module clk3
INFO: [VRFC 10-311] analyzing module clk4
INFO: [VRFC 10-311] analyzing module cpu
INFO: [VRFC 10-311] analyzing module dist_mem_gen_0
INFO: [VRFC 10-311] analyzing module dist_mem_gen_0_HD2
INFO: [VRFC 10-311] analyzing module div_gen_0
INFO: [VRFC 10-311] analyzing module div_gen_1
INFO: [VRFC 10-311] analyzing module hi_lo
INFO: [VRFC 10-311] analyzing module mult_gen_0
INFO: [VRFC 10-311] analyzing module mult_gen_1
INFO: [VRFC 10-311] analyzing module mux2
INFO: [VRFC 10-311] analyzing module mux2_0
INFO: [VRFC 10-311] analyzing module mux2_1
INFO: [VRFC 10-311] analyzing module mux2_2
INFO: [VRFC 10-311] analyzing module mux2_3
INFO: [VRFC 10-311] analyzing module mux2_5
INFO: [VRFC 10-311] analyzing module pc
INFO: [VRFC 10-311] analyzing module reg_file
INFO: [VRFC 10-311] analyzing module dist_mem_gen_0__dist_mem_gen_v8_0_11
INFO: [VRFC 10-311] analyzing module dist_mem_gen_0__dist_mem_gen_v8_0_11_HD3
INFO: [VRFC 10-311] analyzing module dist_mem_gen_0__dist_mem_gen_v8_0_11_synth
INFO: [VRFC 10-311] analyzing module dist_mem_gen_0__dist_mem_gen_v8_0_11_synth_HD4
INFO: [VRFC 10-311] analyzing module dist_mem_gen_0__spram
INFO: [VRFC 10-311] analyzing module dist_mem_gen_0__spram_HD5
INFO: [VRFC 10-311] analyzing module div_gen_0_div_gen_v5_1_11
INFO: [VRFC 10-311] analyzing module div_gen_1_div_gen_v5_1_11
INFO: [VRFC 10-311] analyzing module mult_gen_0_mult_gen_v12_0_12
INFO: [VRFC 10-311] analyzing module mult_gen_1_mult_gen_v12_0_12
INFO: [VRFC 10-311] analyzing module div_gen_0_addsubreg_v
INFO: [VRFC 10-311] analyzing module div_gen_0_addsubreg_v_10
INFO: [VRFC 10-311] analyzing module div_gen_0_addsubreg_v_12
INFO: [VRFC 10-311] analyzing module div_gen_0_addsubreg_v_14
INFO: [VRFC 10-311] analyzing module div_gen_0_addsubreg_v_16
INFO: [VRFC 10-311] analyzing module div_gen_0_addsubreg_v_18
INFO: [VRFC 10-311] analyzing module div_gen_0_addsubreg_v_2
INFO: [VRFC 10-311] analyzing module div_gen_0_addsubreg_v_20
INFO: [VRFC 10-311] analyzing module div_gen_0_addsubreg_v_22
INFO: [VRFC 10-311] analyzing module div_gen_0_addsubreg_v_24
INFO: [VRFC 10-311] analyzing module div_gen_0_addsubreg_v_26
INFO: [VRFC 10-311] analyzing module div_gen_0_addsubreg_v_28
INFO: [VRFC 10-311] analyzing module div_gen_0_addsubreg_v_30
INFO: [VRFC 10-311] analyzing module div_gen_0_addsubreg_v_32
INFO: [VRFC 10-311] analyzing module div_gen_0_addsubreg_v_34
INFO: [VRFC 10-311] analyzing module div_gen_0_addsubreg_v_36
INFO: [VRFC 10-311] analyzing module div_gen_0_addsubreg_v_38
INFO: [VRFC 10-311] analyzing module div_gen_0_addsubreg_v_4
INFO: [VRFC 10-311] analyzing module div_gen_0_addsubreg_v_40
INFO: [VRFC 10-311] analyzing module div_gen_0_addsubreg_v_42
INFO: [VRFC 10-311] analyzing module div_gen_0_addsubreg_v_44
INFO: [VRFC 10-311] analyzing module div_gen_0_addsubreg_v_46
INFO: [VRFC 10-311] analyzing module div_gen_0_addsubreg_v_48
INFO: [VRFC 10-311] analyzing module div_gen_0_addsubreg_v_51
INFO: [VRFC 10-311] analyzing module div_gen_0_addsubreg_v_53
INFO: [VRFC 10-311] analyzing module div_gen_0_addsubreg_v_55
INFO: [VRFC 10-311] analyzing module div_gen_0_addsubreg_v_57
INFO: [VRFC 10-311] analyzing module div_gen_0_addsubreg_v_59
INFO: [VRFC 10-311] analyzing module div_gen_0_addsubreg_v_6
INFO: [VRFC 10-311] analyzing module div_gen_0_addsubreg_v_61
INFO: [VRFC 10-311] analyzing module div_gen_0_addsubreg_v_63
INFO: [VRFC 10-311] analyzing module div_gen_0_addsubreg_v_8
INFO: [VRFC 10-311] analyzing module div_gen_0_addsubreg_v__parameterized0
INFO: [VRFC 10-311] analyzing module div_gen_0_bip_sdivider_synth
INFO: [VRFC 10-311] analyzing module div_gen_0_c_addsub_lut6
INFO: [VRFC 10-311] analyzing module div_gen_0_c_addsub_lut6_102
INFO: [VRFC 10-311] analyzing module div_gen_0_c_addsub_lut6_107
INFO: [VRFC 10-311] analyzing module div_gen_0_c_addsub_lut6_112
INFO: [VRFC 10-311] analyzing module div_gen_0_c_addsub_lut6_117
INFO: [VRFC 10-311] analyzing module div_gen_0_c_addsub_lut6_122
INFO: [VRFC 10-311] analyzing module div_gen_0_c_addsub_lut6_127
INFO: [VRFC 10-311] analyzing module div_gen_0_c_addsub_lut6_132
INFO: [VRFC 10-311] analyzing module div_gen_0_c_addsub_lut6_137
INFO: [VRFC 10-311] analyzing module div_gen_0_c_addsub_lut6_142
INFO: [VRFC 10-311] analyzing module div_gen_0_c_addsub_lut6_147
INFO: [VRFC 10-311] analyzing module div_gen_0_c_addsub_lut6_152
INFO: [VRFC 10-311] analyzing module div_gen_0_c_addsub_lut6_157
INFO: [VRFC 10-311] analyzing module div_gen_0_c_addsub_lut6_162
INFO: [VRFC 10-311] analyzing module div_gen_0_c_addsub_lut6_167
INFO: [VRFC 10-311] analyzing module div_gen_0_c_addsub_lut6_172
INFO: [VRFC 10-311] analyzing module div_gen_0_c_addsub_lut6_177
INFO: [VRFC 10-311] analyzing module div_gen_0_c_addsub_lut6_182
INFO: [VRFC 10-311] analyzing module div_gen_0_c_addsub_lut6_187
INFO: [VRFC 10-311] analyzing module div_gen_0_c_addsub_lut6_192
INFO: [VRFC 10-311] analyzing module div_gen_0_c_addsub_lut6_197
INFO: [VRFC 10-311] analyzing module div_gen_0_c_addsub_lut6_202
INFO: [VRFC 10-311] analyzing module div_gen_0_c_addsub_lut6_207
INFO: [VRFC 10-311] analyzing module div_gen_0_c_addsub_lut6_212
INFO: [VRFC 10-311] analyzing module div_gen_0_c_addsub_lut6_217
INFO: [VRFC 10-311] analyzing module div_gen_0_c_addsub_lut6_222
INFO: [VRFC 10-311] analyzing module div_gen_0_c_addsub_lut6_72
INFO: [VRFC 10-311] analyzing module div_gen_0_c_addsub_lut6_77
INFO: [VRFC 10-311] analyzing module div_gen_0_c_addsub_lut6_82
INFO: [VRFC 10-311] analyzing module div_gen_0_c_addsub_lut6_87
INFO: [VRFC 10-311] analyzing module div_gen_0_c_addsub_lut6_92
INFO: [VRFC 10-311] analyzing module div_gen_0_c_addsub_lut6_97
INFO: [VRFC 10-311] analyzing module div_gen_0_c_addsub_lut6__parameterized1
INFO: [VRFC 10-311] analyzing module div_gen_0_c_addsub_viv
INFO: [VRFC 10-311] analyzing module div_gen_0_c_addsub_viv_101
INFO: [VRFC 10-311] analyzing module div_gen_0_c_addsub_viv_106
INFO: [VRFC 10-311] analyzing module div_gen_0_c_addsub_viv_111
INFO: [VRFC 10-311] analyzing module div_gen_0_c_addsub_viv_116
INFO: [VRFC 10-311] analyzing module div_gen_0_c_addsub_viv_121
INFO: [VRFC 10-311] analyzing module div_gen_0_c_addsub_viv_126
INFO: [VRFC 10-311] analyzing module div_gen_0_c_addsub_viv_131
INFO: [VRFC 10-311] analyzing module div_gen_0_c_addsub_viv_136
INFO: [VRFC 10-311] analyzing module div_gen_0_c_addsub_viv_141
INFO: [VRFC 10-311] analyzing module div_gen_0_c_addsub_viv_146
INFO: [VRFC 10-311] analyzing module div_gen_0_c_addsub_viv_151
INFO: [VRFC 10-311] analyzing module div_gen_0_c_addsub_viv_156
INFO: [VRFC 10-311] analyzing module div_gen_0_c_addsub_viv_161
INFO: [VRFC 10-311] analyzing module div_gen_0_c_addsub_viv_166
INFO: [VRFC 10-311] analyzing module div_gen_0_c_addsub_viv_171
INFO: [VRFC 10-311] analyzing module div_gen_0_c_addsub_viv_176
INFO: [VRFC 10-311] analyzing module div_gen_0_c_addsub_viv_181
INFO: [VRFC 10-311] analyzing module div_gen_0_c_addsub_viv_186
INFO: [VRFC 10-311] analyzing module div_gen_0_c_addsub_viv_191
INFO: [VRFC 10-311] analyzing module div_gen_0_c_addsub_viv_196
INFO: [VRFC 10-311] analyzing module div_gen_0_c_addsub_viv_201
INFO: [VRFC 10-311] analyzing module div_gen_0_c_addsub_viv_206
INFO: [VRFC 10-311] analyzing module div_gen_0_c_addsub_viv_211
INFO: [VRFC 10-311] analyzing module div_gen_0_c_addsub_viv_216
INFO: [VRFC 10-311] analyzing module div_gen_0_c_addsub_viv_221
INFO: [VRFC 10-311] analyzing module div_gen_0_c_addsub_viv_71
INFO: [VRFC 10-311] analyzing module div_gen_0_c_addsub_viv_76
INFO: [VRFC 10-311] analyzing module div_gen_0_c_addsub_viv_81
INFO: [VRFC 10-311] analyzing module div_gen_0_c_addsub_viv_86
INFO: [VRFC 10-311] analyzing module div_gen_0_c_addsub_viv_91
INFO: [VRFC 10-311] analyzing module div_gen_0_c_addsub_viv_96
INFO: [VRFC 10-311] analyzing module div_gen_0_c_addsub_viv__parameterized0
INFO: [VRFC 10-311] analyzing module div_gen_0_c_twos_comp_viv
INFO: [VRFC 10-311] analyzing module div_gen_0_c_twos_comp_viv__parameterized0
INFO: [VRFC 10-311] analyzing module div_gen_0_c_twos_comp_viv__parameterized1
INFO: [VRFC 10-311] analyzing module div_gen_0_c_twos_comp_viv__parameterized1_1
INFO: [VRFC 10-311] analyzing module div_gen_0_cmp2s_v
INFO: [VRFC 10-311] analyzing module div_gen_0_cmp2s_v__parameterized0
INFO: [VRFC 10-311] analyzing module div_gen_0_cmp2s_v__parameterized1
INFO: [VRFC 10-311] analyzing module div_gen_0_cmp2s_v__parameterized1_0
INFO: [VRFC 10-311] analyzing module div_gen_0_div_gen_synth
INFO: [VRFC 10-311] analyzing module div_gen_0_div_gen_v5_1_11_viv
INFO: [VRFC 10-311] analyzing module div_gen_0_dividervdc_v
INFO: [VRFC 10-311] analyzing module div_gen_0_xbip_pipe_v3_0_3_viv
INFO: [VRFC 10-311] analyzing module div_gen_0_xbip_pipe_v3_0_3_viv__parameterized1
INFO: [VRFC 10-311] analyzing module div_gen_0_xbip_pipe_v3_0_3_viv__parameterized101
INFO: [VRFC 10-311] analyzing module div_gen_0_xbip_pipe_v3_0_3_viv__parameterized103
INFO: [VRFC 10-311] analyzing module div_gen_0_xbip_pipe_v3_0_3_viv__parameterized105
INFO: [VRFC 10-311] analyzing module div_gen_0_xbip_pipe_v3_0_3_viv__parameterized107
INFO: [VRFC 10-311] analyzing module div_gen_0_xbip_pipe_v3_0_3_viv__parameterized109
INFO: [VRFC 10-311] analyzing module div_gen_0_xbip_pipe_v3_0_3_viv__parameterized11
INFO: [VRFC 10-311] analyzing module div_gen_0_xbip_pipe_v3_0_3_viv__parameterized111
INFO: [VRFC 10-311] analyzing module div_gen_0_xbip_pipe_v3_0_3_viv__parameterized113
INFO: [VRFC 10-311] analyzing module div_gen_0_xbip_pipe_v3_0_3_viv__parameterized115
INFO: [VRFC 10-311] analyzing module div_gen_0_xbip_pipe_v3_0_3_viv__parameterized117
INFO: [VRFC 10-311] analyzing module div_gen_0_xbip_pipe_v3_0_3_viv__parameterized119
INFO: [VRFC 10-311] analyzing module div_gen_0_xbip_pipe_v3_0_3_viv__parameterized121
INFO: [VRFC 10-311] analyzing module div_gen_0_xbip_pipe_v3_0_3_viv__parameterized123
INFO: [VRFC 10-311] analyzing module div_gen_0_xbip_pipe_v3_0_3_viv__parameterized125
INFO: [VRFC 10-311] analyzing module div_gen_0_xbip_pipe_v3_0_3_viv__parameterized127
INFO: [VRFC 10-311] analyzing module div_gen_0_xbip_pipe_v3_0_3_viv__parameterized129
INFO: [VRFC 10-311] analyzing module div_gen_0_xbip_pipe_v3_0_3_viv__parameterized13
INFO: [VRFC 10-311] analyzing module div_gen_0_xbip_pipe_v3_0_3_viv__parameterized132
INFO: [VRFC 10-311] analyzing module div_gen_0_xbip_pipe_v3_0_3_viv__parameterized134
INFO: [VRFC 10-311] analyzing module div_gen_0_xbip_pipe_v3_0_3_viv__parameterized15
INFO: [VRFC 10-311] analyzing module div_gen_0_xbip_pipe_v3_0_3_viv__parameterized17
INFO: [VRFC 10-311] analyzing module div_gen_0_xbip_pipe_v3_0_3_viv__parameterized19
INFO: [VRFC 10-311] analyzing module div_gen_0_xbip_pipe_v3_0_3_viv__parameterized21
INFO: [VRFC 10-311] analyzing module div_gen_0_xbip_pipe_v3_0_3_viv__parameterized23
INFO: [VRFC 10-311] analyzing module div_gen_0_xbip_pipe_v3_0_3_viv__parameterized25
INFO: [VRFC 10-311] analyzing module div_gen_0_xbip_pipe_v3_0_3_viv__parameterized27
INFO: [VRFC 10-311] analyzing module div_gen_0_xbip_pipe_v3_0_3_viv__parameterized29
INFO: [VRFC 10-311] analyzing module div_gen_0_xbip_pipe_v3_0_3_viv__parameterized3
INFO: [VRFC 10-311] analyzing module div_gen_0_xbip_pipe_v3_0_3_viv__parameterized31
INFO: [VRFC 10-311] analyzing module div_gen_0_xbip_pipe_v3_0_3_viv__parameterized33
INFO: [VRFC 10-311] analyzing module div_gen_0_xbip_pipe_v3_0_3_viv__parameterized35
INFO: [VRFC 10-311] analyzing module div_gen_0_xbip_pipe_v3_0_3_viv__parameterized37
INFO: [VRFC 10-311] analyzing module div_gen_0_xbip_pipe_v3_0_3_viv__parameterized39
INFO: [VRFC 10-311] analyzing module div_gen_0_xbip_pipe_v3_0_3_viv__parameterized3_66
INFO: [VRFC 10-311] analyzing module div_gen_0_xbip_pipe_v3_0_3_viv__parameterized41
INFO: [VRFC 10-311] analyzing module div_gen_0_xbip_pipe_v3_0_3_viv__parameterized43
INFO: [VRFC 10-311] analyzing module div_gen_0_xbip_pipe_v3_0_3_viv__parameterized45
INFO: [VRFC 10-311] analyzing module div_gen_0_xbip_pipe_v3_0_3_viv__parameterized47
INFO: [VRFC 10-311] analyzing module div_gen_0_xbip_pipe_v3_0_3_viv__parameterized49
INFO: [VRFC 10-311] analyzing module div_gen_0_xbip_pipe_v3_0_3_viv__parameterized5
INFO: [VRFC 10-311] analyzing module div_gen_0_xbip_pipe_v3_0_3_viv__parameterized51
INFO: [VRFC 10-311] analyzing module div_gen_0_xbip_pipe_v3_0_3_viv__parameterized53
INFO: [VRFC 10-311] analyzing module div_gen_0_xbip_pipe_v3_0_3_viv__parameterized55
INFO: [VRFC 10-311] analyzing module div_gen_0_xbip_pipe_v3_0_3_viv__parameterized57
INFO: [VRFC 10-311] analyzing module div_gen_0_xbip_pipe_v3_0_3_viv__parameterized59
INFO: [VRFC 10-311] analyzing module div_gen_0_xbip_pipe_v3_0_3_viv__parameterized5_11
INFO: [VRFC 10-311] analyzing module div_gen_0_xbip_pipe_v3_0_3_viv__parameterized5_13
INFO: [VRFC 10-311] analyzing module div_gen_0_xbip_pipe_v3_0_3_viv__parameterized5_15
INFO: [VRFC 10-311] analyzing module div_gen_0_xbip_pipe_v3_0_3_viv__parameterized5_17
INFO: [VRFC 10-311] analyzing module div_gen_0_xbip_pipe_v3_0_3_viv__parameterized5_19
INFO: [VRFC 10-311] analyzing module div_gen_0_xbip_pipe_v3_0_3_viv__parameterized5_21
INFO: [VRFC 10-311] analyzing module div_gen_0_xbip_pipe_v3_0_3_viv__parameterized5_23
INFO: [VRFC 10-311] analyzing module div_gen_0_xbip_pipe_v3_0_3_viv__parameterized5_25
INFO: [VRFC 10-311] analyzing module div_gen_0_xbip_pipe_v3_0_3_viv__parameterized5_27
INFO: [VRFC 10-311] analyzing module div_gen_0_xbip_pipe_v3_0_3_viv__parameterized5_29
INFO: [VRFC 10-311] analyzing module div_gen_0_xbip_pipe_v3_0_3_viv__parameterized5_3
INFO: [VRFC 10-311] analyzing module div_gen_0_xbip_pipe_v3_0_3_viv__parameterized5_31
INFO: [VRFC 10-311] analyzing module div_gen_0_xbip_pipe_v3_0_3_viv__parameterized5_33
INFO: [VRFC 10-311] analyzing module div_gen_0_xbip_pipe_v3_0_3_viv__parameterized5_35
INFO: [VRFC 10-311] analyzing module div_gen_0_xbip_pipe_v3_0_3_viv__parameterized5_37
INFO: [VRFC 10-311] analyzing module div_gen_0_xbip_pipe_v3_0_3_viv__parameterized5_39
INFO: [VRFC 10-311] analyzing module div_gen_0_xbip_pipe_v3_0_3_viv__parameterized5_41
INFO: [VRFC 10-311] analyzing module div_gen_0_xbip_pipe_v3_0_3_viv__parameterized5_43
INFO: [VRFC 10-311] analyzing module div_gen_0_xbip_pipe_v3_0_3_viv__parameterized5_45
INFO: [VRFC 10-311] analyzing module div_gen_0_xbip_pipe_v3_0_3_viv__parameterized5_47
INFO: [VRFC 10-311] analyzing module div_gen_0_xbip_pipe_v3_0_3_viv__parameterized5_49
INFO: [VRFC 10-311] analyzing module div_gen_0_xbip_pipe_v3_0_3_viv__parameterized5_5
INFO: [VRFC 10-311] analyzing module div_gen_0_xbip_pipe_v3_0_3_viv__parameterized5_52
INFO: [VRFC 10-311] analyzing module div_gen_0_xbip_pipe_v3_0_3_viv__parameterized5_54
INFO: [VRFC 10-311] analyzing module div_gen_0_xbip_pipe_v3_0_3_viv__parameterized5_56
INFO: [VRFC 10-311] analyzing module div_gen_0_xbip_pipe_v3_0_3_viv__parameterized5_58
INFO: [VRFC 10-311] analyzing module div_gen_0_xbip_pipe_v3_0_3_viv__parameterized5_60
INFO: [VRFC 10-311] analyzing module div_gen_0_xbip_pipe_v3_0_3_viv__parameterized5_62
INFO: [VRFC 10-311] analyzing module div_gen_0_xbip_pipe_v3_0_3_viv__parameterized5_64
INFO: [VRFC 10-311] analyzing module div_gen_0_xbip_pipe_v3_0_3_viv__parameterized5_65
INFO: [VRFC 10-311] analyzing module div_gen_0_xbip_pipe_v3_0_3_viv__parameterized5_7
INFO: [VRFC 10-311] analyzing module div_gen_0_xbip_pipe_v3_0_3_viv__parameterized5_9
INFO: [VRFC 10-311] analyzing module div_gen_0_xbip_pipe_v3_0_3_viv__parameterized61
INFO: [VRFC 10-311] analyzing module div_gen_0_xbip_pipe_v3_0_3_viv__parameterized63
INFO: [VRFC 10-311] analyzing module div_gen_0_xbip_pipe_v3_0_3_viv__parameterized65
INFO: [VRFC 10-311] analyzing module div_gen_0_xbip_pipe_v3_0_3_viv__parameterized67
INFO: [VRFC 10-311] analyzing module div_gen_0_xbip_pipe_v3_0_3_viv__parameterized69
INFO: [VRFC 10-311] analyzing module div_gen_0_xbip_pipe_v3_0_3_viv__parameterized7
INFO: [VRFC 10-311] analyzing module div_gen_0_xbip_pipe_v3_0_3_viv__parameterized71
INFO: [VRFC 10-311] analyzing module div_gen_0_xbip_pipe_v3_0_3_viv__parameterized73
INFO: [VRFC 10-311] analyzing module div_gen_0_xbip_pipe_v3_0_3_viv__parameterized75
INFO: [VRFC 10-311] analyzing module div_gen_0_xbip_pipe_v3_0_3_viv__parameterized77
INFO: [VRFC 10-311] analyzing module div_gen_0_xbip_pipe_v3_0_3_viv__parameterized79
INFO: [VRFC 10-311] analyzing module div_gen_0_xbip_pipe_v3_0_3_viv__parameterized7_100
INFO: [VRFC 10-311] analyzing module div_gen_0_xbip_pipe_v3_0_3_viv__parameterized7_103
INFO: [VRFC 10-311] analyzing module div_gen_0_xbip_pipe_v3_0_3_viv__parameterized7_105
INFO: [VRFC 10-311] analyzing module div_gen_0_xbip_pipe_v3_0_3_viv__parameterized7_108
INFO: [VRFC 10-311] analyzing module div_gen_0_xbip_pipe_v3_0_3_viv__parameterized7_110
INFO: [VRFC 10-311] analyzing module div_gen_0_xbip_pipe_v3_0_3_viv__parameterized7_113
INFO: [VRFC 10-311] analyzing module div_gen_0_xbip_pipe_v3_0_3_viv__parameterized7_115
INFO: [VRFC 10-311] analyzing module div_gen_0_xbip_pipe_v3_0_3_viv__parameterized7_118
INFO: [VRFC 10-311] analyzing module div_gen_0_xbip_pipe_v3_0_3_viv__parameterized7_120
INFO: [VRFC 10-311] analyzing module div_gen_0_xbip_pipe_v3_0_3_viv__parameterized7_123
INFO: [VRFC 10-311] analyzing module div_gen_0_xbip_pipe_v3_0_3_viv__parameterized7_125
INFO: [VRFC 10-311] analyzing module div_gen_0_xbip_pipe_v3_0_3_viv__parameterized7_128
INFO: [VRFC 10-311] analyzing module div_gen_0_xbip_pipe_v3_0_3_viv__parameterized7_130
INFO: [VRFC 10-311] analyzing module div_gen_0_xbip_pipe_v3_0_3_viv__parameterized7_133
INFO: [VRFC 10-311] analyzing module div_gen_0_xbip_pipe_v3_0_3_viv__parameterized7_135
INFO: [VRFC 10-311] analyzing module div_gen_0_xbip_pipe_v3_0_3_viv__parameterized7_138
INFO: [VRFC 10-311] analyzing module div_gen_0_xbip_pipe_v3_0_3_viv__parameterized7_140
INFO: [VRFC 10-311] analyzing module div_gen_0_xbip_pipe_v3_0_3_viv__parameterized7_143
INFO: [VRFC 10-311] analyzing module div_gen_0_xbip_pipe_v3_0_3_viv__parameterized7_145
INFO: [VRFC 10-311] analyzing module div_gen_0_xbip_pipe_v3_0_3_viv__parameterized7_148
INFO: [VRFC 10-311] analyzing module div_gen_0_xbip_pipe_v3_0_3_viv__parameterized7_150
INFO: [VRFC 10-311] analyzing module div_gen_0_xbip_pipe_v3_0_3_viv__parameterized7_153
INFO: [VRFC 10-311] analyzing module div_gen_0_xbip_pipe_v3_0_3_viv__parameterized7_155
INFO: [VRFC 10-311] analyzing module div_gen_0_xbip_pipe_v3_0_3_viv__parameterized7_158
INFO: [VRFC 10-311] analyzing module div_gen_0_xbip_pipe_v3_0_3_viv__parameterized7_160
INFO: [VRFC 10-311] analyzing module div_gen_0_xbip_pipe_v3_0_3_viv__parameterized7_163
INFO: [VRFC 10-311] analyzing module div_gen_0_xbip_pipe_v3_0_3_viv__parameterized7_165
INFO: [VRFC 10-311] analyzing module div_gen_0_xbip_pipe_v3_0_3_viv__parameterized7_168
INFO: [VRFC 10-311] analyzing module div_gen_0_xbip_pipe_v3_0_3_viv__parameterized7_170
INFO: [VRFC 10-311] analyzing module div_gen_0_xbip_pipe_v3_0_3_viv__parameterized7_173
INFO: [VRFC 10-311] analyzing module div_gen_0_xbip_pipe_v3_0_3_viv__parameterized7_175
INFO: [VRFC 10-311] analyzing module div_gen_0_xbip_pipe_v3_0_3_viv__parameterized7_178
INFO: [VRFC 10-311] analyzing module div_gen_0_xbip_pipe_v3_0_3_viv__parameterized7_180
INFO: [VRFC 10-311] analyzing module div_gen_0_xbip_pipe_v3_0_3_viv__parameterized7_183
INFO: [VRFC 10-311] analyzing module div_gen_0_xbip_pipe_v3_0_3_viv__parameterized7_185
INFO: [VRFC 10-311] analyzing module div_gen_0_xbip_pipe_v3_0_3_viv__parameterized7_188
INFO: [VRFC 10-311] analyzing module div_gen_0_xbip_pipe_v3_0_3_viv__parameterized7_190
INFO: [VRFC 10-311] analyzing module div_gen_0_xbip_pipe_v3_0_3_viv__parameterized7_193
INFO: [VRFC 10-311] analyzing module div_gen_0_xbip_pipe_v3_0_3_viv__parameterized7_195
INFO: [VRFC 10-311] analyzing module div_gen_0_xbip_pipe_v3_0_3_viv__parameterized7_198
INFO: [VRFC 10-311] analyzing module div_gen_0_xbip_pipe_v3_0_3_viv__parameterized7_200
INFO: [VRFC 10-311] analyzing module div_gen_0_xbip_pipe_v3_0_3_viv__parameterized7_203
INFO: [VRFC 10-311] analyzing module div_gen_0_xbip_pipe_v3_0_3_viv__parameterized7_205
INFO: [VRFC 10-311] analyzing module div_gen_0_xbip_pipe_v3_0_3_viv__parameterized7_208
INFO: [VRFC 10-311] analyzing module div_gen_0_xbip_pipe_v3_0_3_viv__parameterized7_210
INFO: [VRFC 10-311] analyzing module div_gen_0_xbip_pipe_v3_0_3_viv__parameterized7_213
INFO: [VRFC 10-311] analyzing module div_gen_0_xbip_pipe_v3_0_3_viv__parameterized7_215
INFO: [VRFC 10-311] analyzing module div_gen_0_xbip_pipe_v3_0_3_viv__parameterized7_218
INFO: [VRFC 10-311] analyzing module div_gen_0_xbip_pipe_v3_0_3_viv__parameterized7_220
INFO: [VRFC 10-311] analyzing module div_gen_0_xbip_pipe_v3_0_3_viv__parameterized7_223
INFO: [VRFC 10-311] analyzing module div_gen_0_xbip_pipe_v3_0_3_viv__parameterized7_225
INFO: [VRFC 10-311] analyzing module div_gen_0_xbip_pipe_v3_0_3_viv__parameterized7_50
INFO: [VRFC 10-311] analyzing module div_gen_0_xbip_pipe_v3_0_3_viv__parameterized7_67
INFO: [VRFC 10-311] analyzing module div_gen_0_xbip_pipe_v3_0_3_viv__parameterized7_68
INFO: [VRFC 10-311] analyzing module div_gen_0_xbip_pipe_v3_0_3_viv__parameterized7_69
INFO: [VRFC 10-311] analyzing module div_gen_0_xbip_pipe_v3_0_3_viv__parameterized7_70
INFO: [VRFC 10-311] analyzing module div_gen_0_xbip_pipe_v3_0_3_viv__parameterized7_73
INFO: [VRFC 10-311] analyzing module div_gen_0_xbip_pipe_v3_0_3_viv__parameterized7_75
INFO: [VRFC 10-311] analyzing module div_gen_0_xbip_pipe_v3_0_3_viv__parameterized7_78
INFO: [VRFC 10-311] analyzing module div_gen_0_xbip_pipe_v3_0_3_viv__parameterized7_80
INFO: [VRFC 10-311] analyzing module div_gen_0_xbip_pipe_v3_0_3_viv__parameterized7_83
INFO: [VRFC 10-311] analyzing module div_gen_0_xbip_pipe_v3_0_3_viv__parameterized7_85
INFO: [VRFC 10-311] analyzing module div_gen_0_xbip_pipe_v3_0_3_viv__parameterized7_88
INFO: [VRFC 10-311] analyzing module div_gen_0_xbip_pipe_v3_0_3_viv__parameterized7_90
INFO: [VRFC 10-311] analyzing module div_gen_0_xbip_pipe_v3_0_3_viv__parameterized7_93
INFO: [VRFC 10-311] analyzing module div_gen_0_xbip_pipe_v3_0_3_viv__parameterized7_95
INFO: [VRFC 10-311] analyzing module div_gen_0_xbip_pipe_v3_0_3_viv__parameterized7_98
INFO: [VRFC 10-311] analyzing module div_gen_0_xbip_pipe_v3_0_3_viv__parameterized81
INFO: [VRFC 10-311] analyzing module div_gen_0_xbip_pipe_v3_0_3_viv__parameterized83
INFO: [VRFC 10-311] analyzing module div_gen_0_xbip_pipe_v3_0_3_viv__parameterized85
INFO: [VRFC 10-311] analyzing module div_gen_0_xbip_pipe_v3_0_3_viv__parameterized87
INFO: [VRFC 10-311] analyzing module div_gen_0_xbip_pipe_v3_0_3_viv__parameterized89
INFO: [VRFC 10-311] analyzing module div_gen_0_xbip_pipe_v3_0_3_viv__parameterized9
INFO: [VRFC 10-311] analyzing module div_gen_0_xbip_pipe_v3_0_3_viv__parameterized91
INFO: [VRFC 10-311] analyzing module div_gen_0_xbip_pipe_v3_0_3_viv__parameterized93
INFO: [VRFC 10-311] analyzing module div_gen_0_xbip_pipe_v3_0_3_viv__parameterized95
INFO: [VRFC 10-311] analyzing module div_gen_0_xbip_pipe_v3_0_3_viv__parameterized97
INFO: [VRFC 10-311] analyzing module div_gen_0_xbip_pipe_v3_0_3_viv__parameterized99
INFO: [VRFC 10-311] analyzing module div_gen_0_xbip_pipe_v3_0_3_viv__parameterized9_104
INFO: [VRFC 10-311] analyzing module div_gen_0_xbip_pipe_v3_0_3_viv__parameterized9_109
INFO: [VRFC 10-311] analyzing module div_gen_0_xbip_pipe_v3_0_3_viv__parameterized9_114
INFO: [VRFC 10-311] analyzing module div_gen_0_xbip_pipe_v3_0_3_viv__parameterized9_119
INFO: [VRFC 10-311] analyzing module div_gen_0_xbip_pipe_v3_0_3_viv__parameterized9_124
INFO: [VRFC 10-311] analyzing module div_gen_0_xbip_pipe_v3_0_3_viv__parameterized9_129
INFO: [VRFC 10-311] analyzing module div_gen_0_xbip_pipe_v3_0_3_viv__parameterized9_134
INFO: [VRFC 10-311] analyzing module div_gen_0_xbip_pipe_v3_0_3_viv__parameterized9_139
INFO: [VRFC 10-311] analyzing module div_gen_0_xbip_pipe_v3_0_3_viv__parameterized9_144
INFO: [VRFC 10-311] analyzing module div_gen_0_xbip_pipe_v3_0_3_viv__parameterized9_149
INFO: [VRFC 10-311] analyzing module div_gen_0_xbip_pipe_v3_0_3_viv__parameterized9_154
INFO: [VRFC 10-311] analyzing module div_gen_0_xbip_pipe_v3_0_3_viv__parameterized9_159
INFO: [VRFC 10-311] analyzing module div_gen_0_xbip_pipe_v3_0_3_viv__parameterized9_164
INFO: [VRFC 10-311] analyzing module div_gen_0_xbip_pipe_v3_0_3_viv__parameterized9_169
INFO: [VRFC 10-311] analyzing module div_gen_0_xbip_pipe_v3_0_3_viv__parameterized9_174
INFO: [VRFC 10-311] analyzing module div_gen_0_xbip_pipe_v3_0_3_viv__parameterized9_179
INFO: [VRFC 10-311] analyzing module div_gen_0_xbip_pipe_v3_0_3_viv__parameterized9_184
INFO: [VRFC 10-311] analyzing module div_gen_0_xbip_pipe_v3_0_3_viv__parameterized9_189
INFO: [VRFC 10-311] analyzing module div_gen_0_xbip_pipe_v3_0_3_viv__parameterized9_194
INFO: [VRFC 10-311] analyzing module div_gen_0_xbip_pipe_v3_0_3_viv__parameterized9_199
INFO: [VRFC 10-311] analyzing module div_gen_0_xbip_pipe_v3_0_3_viv__parameterized9_204
INFO: [VRFC 10-311] analyzing module div_gen_0_xbip_pipe_v3_0_3_viv__parameterized9_209
INFO: [VRFC 10-311] analyzing module div_gen_0_xbip_pipe_v3_0_3_viv__parameterized9_214
INFO: [VRFC 10-311] analyzing module div_gen_0_xbip_pipe_v3_0_3_viv__parameterized9_219
INFO: [VRFC 10-311] analyzing module div_gen_0_xbip_pipe_v3_0_3_viv__parameterized9_224
INFO: [VRFC 10-311] analyzing module div_gen_0_xbip_pipe_v3_0_3_viv__parameterized9_74
INFO: [VRFC 10-311] analyzing module div_gen_0_xbip_pipe_v3_0_3_viv__parameterized9_79
INFO: [VRFC 10-311] analyzing module div_gen_0_xbip_pipe_v3_0_3_viv__parameterized9_84
INFO: [VRFC 10-311] analyzing module div_gen_0_xbip_pipe_v3_0_3_viv__parameterized9_89
INFO: [VRFC 10-311] analyzing module div_gen_0_xbip_pipe_v3_0_3_viv__parameterized9_94
INFO: [VRFC 10-311] analyzing module div_gen_0_xbip_pipe_v3_0_3_viv__parameterized9_99
INFO: [VRFC 10-311] analyzing module div_gen_1_addsubreg_v
INFO: [VRFC 10-311] analyzing module div_gen_1_addsubreg_v_0
INFO: [VRFC 10-311] analyzing module div_gen_1_addsubreg_v_10
INFO: [VRFC 10-311] analyzing module div_gen_1_addsubreg_v_12
INFO: [VRFC 10-311] analyzing module div_gen_1_addsubreg_v_14
INFO: [VRFC 10-311] analyzing module div_gen_1_addsubreg_v_16
INFO: [VRFC 10-311] analyzing module div_gen_1_addsubreg_v_18
INFO: [VRFC 10-311] analyzing module div_gen_1_addsubreg_v_2
INFO: [VRFC 10-311] analyzing module div_gen_1_addsubreg_v_20
INFO: [VRFC 10-311] analyzing module div_gen_1_addsubreg_v_22
INFO: [VRFC 10-311] analyzing module div_gen_1_addsubreg_v_24
INFO: [VRFC 10-311] analyzing module div_gen_1_addsubreg_v_26
INFO: [VRFC 10-311] analyzing module div_gen_1_addsubreg_v_28
INFO: [VRFC 10-311] analyzing module div_gen_1_addsubreg_v_30
INFO: [VRFC 10-311] analyzing module div_gen_1_addsubreg_v_32
INFO: [VRFC 10-311] analyzing module div_gen_1_addsubreg_v_34
INFO: [VRFC 10-311] analyzing module div_gen_1_addsubreg_v_36
INFO: [VRFC 10-311] analyzing module div_gen_1_addsubreg_v_38
INFO: [VRFC 10-311] analyzing module div_gen_1_addsubreg_v_4
INFO: [VRFC 10-311] analyzing module div_gen_1_addsubreg_v_40
INFO: [VRFC 10-311] analyzing module div_gen_1_addsubreg_v_42
INFO: [VRFC 10-311] analyzing module div_gen_1_addsubreg_v_44
INFO: [VRFC 10-311] analyzing module div_gen_1_addsubreg_v_46
INFO: [VRFC 10-311] analyzing module div_gen_1_addsubreg_v_48
INFO: [VRFC 10-311] analyzing module div_gen_1_addsubreg_v_50
INFO: [VRFC 10-311] analyzing module div_gen_1_addsubreg_v_52
INFO: [VRFC 10-311] analyzing module div_gen_1_addsubreg_v_54
INFO: [VRFC 10-311] analyzing module div_gen_1_addsubreg_v_56
INFO: [VRFC 10-311] analyzing module div_gen_1_addsubreg_v_58
INFO: [VRFC 10-311] analyzing module div_gen_1_addsubreg_v_6
INFO: [VRFC 10-311] analyzing module div_gen_1_addsubreg_v_60
INFO: [VRFC 10-311] analyzing module div_gen_1_addsubreg_v_8
INFO: [VRFC 10-311] analyzing module div_gen_1_addsubreg_v__parameterized0
INFO: [VRFC 10-311] analyzing module div_gen_1_bip_sdivider_synth
INFO: [VRFC 10-311] analyzing module div_gen_1_c_addsub_lut6
INFO: [VRFC 10-311] analyzing module div_gen_1_c_addsub_lut6_104
INFO: [VRFC 10-311] analyzing module div_gen_1_c_addsub_lut6_109
INFO: [VRFC 10-311] analyzing module div_gen_1_c_addsub_lut6_114
INFO: [VRFC 10-311] analyzing module div_gen_1_c_addsub_lut6_119
INFO: [VRFC 10-311] analyzing module div_gen_1_c_addsub_lut6_124
INFO: [VRFC 10-311] analyzing module div_gen_1_c_addsub_lut6_129
INFO: [VRFC 10-311] analyzing module div_gen_1_c_addsub_lut6_134
INFO: [VRFC 10-311] analyzing module div_gen_1_c_addsub_lut6_139
INFO: [VRFC 10-311] analyzing module div_gen_1_c_addsub_lut6_144
INFO: [VRFC 10-311] analyzing module div_gen_1_c_addsub_lut6_149
INFO: [VRFC 10-311] analyzing module div_gen_1_c_addsub_lut6_154
INFO: [VRFC 10-311] analyzing module div_gen_1_c_addsub_lut6_159
INFO: [VRFC 10-311] analyzing module div_gen_1_c_addsub_lut6_164
INFO: [VRFC 10-311] analyzing module div_gen_1_c_addsub_lut6_169
INFO: [VRFC 10-311] analyzing module div_gen_1_c_addsub_lut6_174
INFO: [VRFC 10-311] analyzing module div_gen_1_c_addsub_lut6_179
INFO: [VRFC 10-311] analyzing module div_gen_1_c_addsub_lut6_184
INFO: [VRFC 10-311] analyzing module div_gen_1_c_addsub_lut6_189
INFO: [VRFC 10-311] analyzing module div_gen_1_c_addsub_lut6_194
INFO: [VRFC 10-311] analyzing module div_gen_1_c_addsub_lut6_199
INFO: [VRFC 10-311] analyzing module div_gen_1_c_addsub_lut6_204
INFO: [VRFC 10-311] analyzing module div_gen_1_c_addsub_lut6_209
INFO: [VRFC 10-311] analyzing module div_gen_1_c_addsub_lut6_214
INFO: [VRFC 10-311] analyzing module div_gen_1_c_addsub_lut6_219
INFO: [VRFC 10-311] analyzing module div_gen_1_c_addsub_lut6_69
INFO: [VRFC 10-311] analyzing module div_gen_1_c_addsub_lut6_74
INFO: [VRFC 10-311] analyzing module div_gen_1_c_addsub_lut6_79
INFO: [VRFC 10-311] analyzing module div_gen_1_c_addsub_lut6_84
INFO: [VRFC 10-311] analyzing module div_gen_1_c_addsub_lut6_89
INFO: [VRFC 10-311] analyzing module div_gen_1_c_addsub_lut6_94
INFO: [VRFC 10-311] analyzing module div_gen_1_c_addsub_lut6_99
INFO: [VRFC 10-311] analyzing module div_gen_1_c_addsub_lut6__parameterized1
INFO: [VRFC 10-311] analyzing module div_gen_1_c_addsub_viv
INFO: [VRFC 10-311] analyzing module div_gen_1_c_addsub_viv_103
INFO: [VRFC 10-311] analyzing module div_gen_1_c_addsub_viv_108
INFO: [VRFC 10-311] analyzing module div_gen_1_c_addsub_viv_113
INFO: [VRFC 10-311] analyzing module div_gen_1_c_addsub_viv_118
INFO: [VRFC 10-311] analyzing module div_gen_1_c_addsub_viv_123
INFO: [VRFC 10-311] analyzing module div_gen_1_c_addsub_viv_128
INFO: [VRFC 10-311] analyzing module div_gen_1_c_addsub_viv_133
INFO: [VRFC 10-311] analyzing module div_gen_1_c_addsub_viv_138
INFO: [VRFC 10-311] analyzing module div_gen_1_c_addsub_viv_143
INFO: [VRFC 10-311] analyzing module div_gen_1_c_addsub_viv_148
INFO: [VRFC 10-311] analyzing module div_gen_1_c_addsub_viv_153
INFO: [VRFC 10-311] analyzing module div_gen_1_c_addsub_viv_158
INFO: [VRFC 10-311] analyzing module div_gen_1_c_addsub_viv_163
INFO: [VRFC 10-311] analyzing module div_gen_1_c_addsub_viv_168
INFO: [VRFC 10-311] analyzing module div_gen_1_c_addsub_viv_173
INFO: [VRFC 10-311] analyzing module div_gen_1_c_addsub_viv_178
INFO: [VRFC 10-311] analyzing module div_gen_1_c_addsub_viv_183
INFO: [VRFC 10-311] analyzing module div_gen_1_c_addsub_viv_188
INFO: [VRFC 10-311] analyzing module div_gen_1_c_addsub_viv_193
INFO: [VRFC 10-311] analyzing module div_gen_1_c_addsub_viv_198
INFO: [VRFC 10-311] analyzing module div_gen_1_c_addsub_viv_203
INFO: [VRFC 10-311] analyzing module div_gen_1_c_addsub_viv_208
INFO: [VRFC 10-311] analyzing module div_gen_1_c_addsub_viv_213
INFO: [VRFC 10-311] analyzing module div_gen_1_c_addsub_viv_218
INFO: [VRFC 10-311] analyzing module div_gen_1_c_addsub_viv_68
INFO: [VRFC 10-311] analyzing module div_gen_1_c_addsub_viv_73
INFO: [VRFC 10-311] analyzing module div_gen_1_c_addsub_viv_78
INFO: [VRFC 10-311] analyzing module div_gen_1_c_addsub_viv_83
INFO: [VRFC 10-311] analyzing module div_gen_1_c_addsub_viv_88
INFO: [VRFC 10-311] analyzing module div_gen_1_c_addsub_viv_93
INFO: [VRFC 10-311] analyzing module div_gen_1_c_addsub_viv_98
INFO: [VRFC 10-311] analyzing module div_gen_1_c_addsub_viv__parameterized0
INFO: [VRFC 10-311] analyzing module div_gen_1_div_gen_synth
INFO: [VRFC 10-311] analyzing module div_gen_1_div_gen_v5_1_11_viv
INFO: [VRFC 10-311] analyzing module div_gen_1_dividervdc_v
INFO: [VRFC 10-311] analyzing module div_gen_1_xbip_pipe_v3_0_3_viv
INFO: [VRFC 10-311] analyzing module div_gen_1_xbip_pipe_v3_0_3_viv__parameterized1
INFO: [VRFC 10-311] analyzing module div_gen_1_xbip_pipe_v3_0_3_viv__parameterized101
INFO: [VRFC 10-311] analyzing module div_gen_1_xbip_pipe_v3_0_3_viv__parameterized103
INFO: [VRFC 10-311] analyzing module div_gen_1_xbip_pipe_v3_0_3_viv__parameterized105
INFO: [VRFC 10-311] analyzing module div_gen_1_xbip_pipe_v3_0_3_viv__parameterized107
INFO: [VRFC 10-311] analyzing module div_gen_1_xbip_pipe_v3_0_3_viv__parameterized109
INFO: [VRFC 10-311] analyzing module div_gen_1_xbip_pipe_v3_0_3_viv__parameterized11
INFO: [VRFC 10-311] analyzing module div_gen_1_xbip_pipe_v3_0_3_viv__parameterized111
INFO: [VRFC 10-311] analyzing module div_gen_1_xbip_pipe_v3_0_3_viv__parameterized113
INFO: [VRFC 10-311] analyzing module div_gen_1_xbip_pipe_v3_0_3_viv__parameterized115
INFO: [VRFC 10-311] analyzing module div_gen_1_xbip_pipe_v3_0_3_viv__parameterized117
INFO: [VRFC 10-311] analyzing module div_gen_1_xbip_pipe_v3_0_3_viv__parameterized119
INFO: [VRFC 10-311] analyzing module div_gen_1_xbip_pipe_v3_0_3_viv__parameterized121
INFO: [VRFC 10-311] analyzing module div_gen_1_xbip_pipe_v3_0_3_viv__parameterized123
INFO: [VRFC 10-311] analyzing module div_gen_1_xbip_pipe_v3_0_3_viv__parameterized125
INFO: [VRFC 10-311] analyzing module div_gen_1_xbip_pipe_v3_0_3_viv__parameterized127
INFO: [VRFC 10-311] analyzing module div_gen_1_xbip_pipe_v3_0_3_viv__parameterized13
INFO: [VRFC 10-311] analyzing module div_gen_1_xbip_pipe_v3_0_3_viv__parameterized130
INFO: [VRFC 10-311] analyzing module div_gen_1_xbip_pipe_v3_0_3_viv__parameterized132
INFO: [VRFC 10-311] analyzing module div_gen_1_xbip_pipe_v3_0_3_viv__parameterized15
INFO: [VRFC 10-311] analyzing module div_gen_1_xbip_pipe_v3_0_3_viv__parameterized17
INFO: [VRFC 10-311] analyzing module div_gen_1_xbip_pipe_v3_0_3_viv__parameterized19
INFO: [VRFC 10-311] analyzing module div_gen_1_xbip_pipe_v3_0_3_viv__parameterized1_63
INFO: [VRFC 10-311] analyzing module div_gen_1_xbip_pipe_v3_0_3_viv__parameterized21
INFO: [VRFC 10-311] analyzing module div_gen_1_xbip_pipe_v3_0_3_viv__parameterized23
INFO: [VRFC 10-311] analyzing module div_gen_1_xbip_pipe_v3_0_3_viv__parameterized25
INFO: [VRFC 10-311] analyzing module div_gen_1_xbip_pipe_v3_0_3_viv__parameterized27
INFO: [VRFC 10-311] analyzing module div_gen_1_xbip_pipe_v3_0_3_viv__parameterized29
INFO: [VRFC 10-311] analyzing module div_gen_1_xbip_pipe_v3_0_3_viv__parameterized3
INFO: [VRFC 10-311] analyzing module div_gen_1_xbip_pipe_v3_0_3_viv__parameterized31
INFO: [VRFC 10-311] analyzing module div_gen_1_xbip_pipe_v3_0_3_viv__parameterized33
INFO: [VRFC 10-311] analyzing module div_gen_1_xbip_pipe_v3_0_3_viv__parameterized35
INFO: [VRFC 10-311] analyzing module div_gen_1_xbip_pipe_v3_0_3_viv__parameterized37
INFO: [VRFC 10-311] analyzing module div_gen_1_xbip_pipe_v3_0_3_viv__parameterized39
INFO: [VRFC 10-311] analyzing module div_gen_1_xbip_pipe_v3_0_3_viv__parameterized3_1
INFO: [VRFC 10-311] analyzing module div_gen_1_xbip_pipe_v3_0_3_viv__parameterized3_11
INFO: [VRFC 10-311] analyzing module div_gen_1_xbip_pipe_v3_0_3_viv__parameterized3_13
INFO: [VRFC 10-311] analyzing module div_gen_1_xbip_pipe_v3_0_3_viv__parameterized3_15
INFO: [VRFC 10-311] analyzing module div_gen_1_xbip_pipe_v3_0_3_viv__parameterized3_17
INFO: [VRFC 10-311] analyzing module div_gen_1_xbip_pipe_v3_0_3_viv__parameterized3_19
INFO: [VRFC 10-311] analyzing module div_gen_1_xbip_pipe_v3_0_3_viv__parameterized3_21
INFO: [VRFC 10-311] analyzing module div_gen_1_xbip_pipe_v3_0_3_viv__parameterized3_23
INFO: [VRFC 10-311] analyzing module div_gen_1_xbip_pipe_v3_0_3_viv__parameterized3_25
INFO: [VRFC 10-311] analyzing module div_gen_1_xbip_pipe_v3_0_3_viv__parameterized3_27
INFO: [VRFC 10-311] analyzing module div_gen_1_xbip_pipe_v3_0_3_viv__parameterized3_29
INFO: [VRFC 10-311] analyzing module div_gen_1_xbip_pipe_v3_0_3_viv__parameterized3_3
INFO: [VRFC 10-311] analyzing module div_gen_1_xbip_pipe_v3_0_3_viv__parameterized3_31
INFO: [VRFC 10-311] analyzing module div_gen_1_xbip_pipe_v3_0_3_viv__parameterized3_33
INFO: [VRFC 10-311] analyzing module div_gen_1_xbip_pipe_v3_0_3_viv__parameterized3_35
INFO: [VRFC 10-311] analyzing module div_gen_1_xbip_pipe_v3_0_3_viv__parameterized3_37
INFO: [VRFC 10-311] analyzing module div_gen_1_xbip_pipe_v3_0_3_viv__parameterized3_39
INFO: [VRFC 10-311] analyzing module div_gen_1_xbip_pipe_v3_0_3_viv__parameterized3_41
INFO: [VRFC 10-311] analyzing module div_gen_1_xbip_pipe_v3_0_3_viv__parameterized3_43
INFO: [VRFC 10-311] analyzing module div_gen_1_xbip_pipe_v3_0_3_viv__parameterized3_45
INFO: [VRFC 10-311] analyzing module div_gen_1_xbip_pipe_v3_0_3_viv__parameterized3_47
INFO: [VRFC 10-311] analyzing module div_gen_1_xbip_pipe_v3_0_3_viv__parameterized3_49
INFO: [VRFC 10-311] analyzing module div_gen_1_xbip_pipe_v3_0_3_viv__parameterized3_5
INFO: [VRFC 10-311] analyzing module div_gen_1_xbip_pipe_v3_0_3_viv__parameterized3_51
INFO: [VRFC 10-311] analyzing module div_gen_1_xbip_pipe_v3_0_3_viv__parameterized3_53
INFO: [VRFC 10-311] analyzing module div_gen_1_xbip_pipe_v3_0_3_viv__parameterized3_55
INFO: [VRFC 10-311] analyzing module div_gen_1_xbip_pipe_v3_0_3_viv__parameterized3_57
INFO: [VRFC 10-311] analyzing module div_gen_1_xbip_pipe_v3_0_3_viv__parameterized3_59
INFO: [VRFC 10-311] analyzing module div_gen_1_xbip_pipe_v3_0_3_viv__parameterized3_61
INFO: [VRFC 10-311] analyzing module div_gen_1_xbip_pipe_v3_0_3_viv__parameterized3_62
INFO: [VRFC 10-311] analyzing module div_gen_1_xbip_pipe_v3_0_3_viv__parameterized3_7
INFO: [VRFC 10-311] analyzing module div_gen_1_xbip_pipe_v3_0_3_viv__parameterized3_9
INFO: [VRFC 10-311] analyzing module div_gen_1_xbip_pipe_v3_0_3_viv__parameterized41
INFO: [VRFC 10-311] analyzing module div_gen_1_xbip_pipe_v3_0_3_viv__parameterized43
INFO: [VRFC 10-311] analyzing module div_gen_1_xbip_pipe_v3_0_3_viv__parameterized45
INFO: [VRFC 10-311] analyzing module div_gen_1_xbip_pipe_v3_0_3_viv__parameterized47
INFO: [VRFC 10-311] analyzing module div_gen_1_xbip_pipe_v3_0_3_viv__parameterized49
INFO: [VRFC 10-311] analyzing module div_gen_1_xbip_pipe_v3_0_3_viv__parameterized5
INFO: [VRFC 10-311] analyzing module div_gen_1_xbip_pipe_v3_0_3_viv__parameterized51
INFO: [VRFC 10-311] analyzing module div_gen_1_xbip_pipe_v3_0_3_viv__parameterized53
INFO: [VRFC 10-311] analyzing module div_gen_1_xbip_pipe_v3_0_3_viv__parameterized55
INFO: [VRFC 10-311] analyzing module div_gen_1_xbip_pipe_v3_0_3_viv__parameterized57
INFO: [VRFC 10-311] analyzing module div_gen_1_xbip_pipe_v3_0_3_viv__parameterized59
INFO: [VRFC 10-311] analyzing module div_gen_1_xbip_pipe_v3_0_3_viv__parameterized5_100
INFO: [VRFC 10-311] analyzing module div_gen_1_xbip_pipe_v3_0_3_viv__parameterized5_102
INFO: [VRFC 10-311] analyzing module div_gen_1_xbip_pipe_v3_0_3_viv__parameterized5_105
INFO: [VRFC 10-311] analyzing module div_gen_1_xbip_pipe_v3_0_3_viv__parameterized5_107
INFO: [VRFC 10-311] analyzing module div_gen_1_xbip_pipe_v3_0_3_viv__parameterized5_110
INFO: [VRFC 10-311] analyzing module div_gen_1_xbip_pipe_v3_0_3_viv__parameterized5_112
INFO: [VRFC 10-311] analyzing module div_gen_1_xbip_pipe_v3_0_3_viv__parameterized5_115
INFO: [VRFC 10-311] analyzing module div_gen_1_xbip_pipe_v3_0_3_viv__parameterized5_117
INFO: [VRFC 10-311] analyzing module div_gen_1_xbip_pipe_v3_0_3_viv__parameterized5_120
INFO: [VRFC 10-311] analyzing module div_gen_1_xbip_pipe_v3_0_3_viv__parameterized5_122
INFO: [VRFC 10-311] analyzing module div_gen_1_xbip_pipe_v3_0_3_viv__parameterized5_125
INFO: [VRFC 10-311] analyzing module div_gen_1_xbip_pipe_v3_0_3_viv__parameterized5_127
INFO: [VRFC 10-311] analyzing module div_gen_1_xbip_pipe_v3_0_3_viv__parameterized5_130
INFO: [VRFC 10-311] analyzing module div_gen_1_xbip_pipe_v3_0_3_viv__parameterized5_132
INFO: [VRFC 10-311] analyzing module div_gen_1_xbip_pipe_v3_0_3_viv__parameterized5_135
INFO: [VRFC 10-311] analyzing module div_gen_1_xbip_pipe_v3_0_3_viv__parameterized5_137
INFO: [VRFC 10-311] analyzing module div_gen_1_xbip_pipe_v3_0_3_viv__parameterized5_140
INFO: [VRFC 10-311] analyzing module div_gen_1_xbip_pipe_v3_0_3_viv__parameterized5_142
INFO: [VRFC 10-311] analyzing module div_gen_1_xbip_pipe_v3_0_3_viv__parameterized5_145
INFO: [VRFC 10-311] analyzing module div_gen_1_xbip_pipe_v3_0_3_viv__parameterized5_147
INFO: [VRFC 10-311] analyzing module div_gen_1_xbip_pipe_v3_0_3_viv__parameterized5_150
INFO: [VRFC 10-311] analyzing module div_gen_1_xbip_pipe_v3_0_3_viv__parameterized5_152
INFO: [VRFC 10-311] analyzing module div_gen_1_xbip_pipe_v3_0_3_viv__parameterized5_155
INFO: [VRFC 10-311] analyzing module div_gen_1_xbip_pipe_v3_0_3_viv__parameterized5_157
INFO: [VRFC 10-311] analyzing module div_gen_1_xbip_pipe_v3_0_3_viv__parameterized5_160
INFO: [VRFC 10-311] analyzing module div_gen_1_xbip_pipe_v3_0_3_viv__parameterized5_162
INFO: [VRFC 10-311] analyzing module div_gen_1_xbip_pipe_v3_0_3_viv__parameterized5_165
INFO: [VRFC 10-311] analyzing module div_gen_1_xbip_pipe_v3_0_3_viv__parameterized5_167
INFO: [VRFC 10-311] analyzing module div_gen_1_xbip_pipe_v3_0_3_viv__parameterized5_170
INFO: [VRFC 10-311] analyzing module div_gen_1_xbip_pipe_v3_0_3_viv__parameterized5_172
INFO: [VRFC 10-311] analyzing module div_gen_1_xbip_pipe_v3_0_3_viv__parameterized5_175
INFO: [VRFC 10-311] analyzing module div_gen_1_xbip_pipe_v3_0_3_viv__parameterized5_177
INFO: [VRFC 10-311] analyzing module div_gen_1_xbip_pipe_v3_0_3_viv__parameterized5_180
INFO: [VRFC 10-311] analyzing module div_gen_1_xbip_pipe_v3_0_3_viv__parameterized5_182
INFO: [VRFC 10-311] analyzing module div_gen_1_xbip_pipe_v3_0_3_viv__parameterized5_185
INFO: [VRFC 10-311] analyzing module div_gen_1_xbip_pipe_v3_0_3_viv__parameterized5_187
INFO: [VRFC 10-311] analyzing module div_gen_1_xbip_pipe_v3_0_3_viv__parameterized5_190
INFO: [VRFC 10-311] analyzing module div_gen_1_xbip_pipe_v3_0_3_viv__parameterized5_192
INFO: [VRFC 10-311] analyzing module div_gen_1_xbip_pipe_v3_0_3_viv__parameterized5_195
INFO: [VRFC 10-311] analyzing module div_gen_1_xbip_pipe_v3_0_3_viv__parameterized5_197
INFO: [VRFC 10-311] analyzing module div_gen_1_xbip_pipe_v3_0_3_viv__parameterized5_200
INFO: [VRFC 10-311] analyzing module div_gen_1_xbip_pipe_v3_0_3_viv__parameterized5_202
INFO: [VRFC 10-311] analyzing module div_gen_1_xbip_pipe_v3_0_3_viv__parameterized5_205
INFO: [VRFC 10-311] analyzing module div_gen_1_xbip_pipe_v3_0_3_viv__parameterized5_207
INFO: [VRFC 10-311] analyzing module div_gen_1_xbip_pipe_v3_0_3_viv__parameterized5_210
INFO: [VRFC 10-311] analyzing module div_gen_1_xbip_pipe_v3_0_3_viv__parameterized5_212
INFO: [VRFC 10-311] analyzing module div_gen_1_xbip_pipe_v3_0_3_viv__parameterized5_215
INFO: [VRFC 10-311] analyzing module div_gen_1_xbip_pipe_v3_0_3_viv__parameterized5_217
INFO: [VRFC 10-311] analyzing module div_gen_1_xbip_pipe_v3_0_3_viv__parameterized5_220
INFO: [VRFC 10-311] analyzing module div_gen_1_xbip_pipe_v3_0_3_viv__parameterized5_222
INFO: [VRFC 10-311] analyzing module div_gen_1_xbip_pipe_v3_0_3_viv__parameterized5_64
INFO: [VRFC 10-311] analyzing module div_gen_1_xbip_pipe_v3_0_3_viv__parameterized5_65
INFO: [VRFC 10-311] analyzing module div_gen_1_xbip_pipe_v3_0_3_viv__parameterized5_66
INFO: [VRFC 10-311] analyzing module div_gen_1_xbip_pipe_v3_0_3_viv__parameterized5_67
INFO: [VRFC 10-311] analyzing module div_gen_1_xbip_pipe_v3_0_3_viv__parameterized5_70
INFO: [VRFC 10-311] analyzing module div_gen_1_xbip_pipe_v3_0_3_viv__parameterized5_72
INFO: [VRFC 10-311] analyzing module div_gen_1_xbip_pipe_v3_0_3_viv__parameterized5_75
INFO: [VRFC 10-311] analyzing module div_gen_1_xbip_pipe_v3_0_3_viv__parameterized5_77
INFO: [VRFC 10-311] analyzing module div_gen_1_xbip_pipe_v3_0_3_viv__parameterized5_80
INFO: [VRFC 10-311] analyzing module div_gen_1_xbip_pipe_v3_0_3_viv__parameterized5_82
INFO: [VRFC 10-311] analyzing module div_gen_1_xbip_pipe_v3_0_3_viv__parameterized5_85
INFO: [VRFC 10-311] analyzing module div_gen_1_xbip_pipe_v3_0_3_viv__parameterized5_87
INFO: [VRFC 10-311] analyzing module div_gen_1_xbip_pipe_v3_0_3_viv__parameterized5_90
INFO: [VRFC 10-311] analyzing module div_gen_1_xbip_pipe_v3_0_3_viv__parameterized5_92
INFO: [VRFC 10-311] analyzing module div_gen_1_xbip_pipe_v3_0_3_viv__parameterized5_95
INFO: [VRFC 10-311] analyzing module div_gen_1_xbip_pipe_v3_0_3_viv__parameterized5_97
INFO: [VRFC 10-311] analyzing module div_gen_1_xbip_pipe_v3_0_3_viv__parameterized61
INFO: [VRFC 10-311] analyzing module div_gen_1_xbip_pipe_v3_0_3_viv__parameterized63
INFO: [VRFC 10-311] analyzing module div_gen_1_xbip_pipe_v3_0_3_viv__parameterized65
INFO: [VRFC 10-311] analyzing module div_gen_1_xbip_pipe_v3_0_3_viv__parameterized67
INFO: [VRFC 10-311] analyzing module div_gen_1_xbip_pipe_v3_0_3_viv__parameterized69
INFO: [VRFC 10-311] analyzing module div_gen_1_xbip_pipe_v3_0_3_viv__parameterized7
INFO: [VRFC 10-311] analyzing module div_gen_1_xbip_pipe_v3_0_3_viv__parameterized71
INFO: [VRFC 10-311] analyzing module div_gen_1_xbip_pipe_v3_0_3_viv__parameterized73
INFO: [VRFC 10-311] analyzing module div_gen_1_xbip_pipe_v3_0_3_viv__parameterized75
INFO: [VRFC 10-311] analyzing module div_gen_1_xbip_pipe_v3_0_3_viv__parameterized77
INFO: [VRFC 10-311] analyzing module div_gen_1_xbip_pipe_v3_0_3_viv__parameterized79
INFO: [VRFC 10-311] analyzing module div_gen_1_xbip_pipe_v3_0_3_viv__parameterized7_101
INFO: [VRFC 10-311] analyzing module div_gen_1_xbip_pipe_v3_0_3_viv__parameterized7_106
INFO: [VRFC 10-311] analyzing module div_gen_1_xbip_pipe_v3_0_3_viv__parameterized7_111
INFO: [VRFC 10-311] analyzing module div_gen_1_xbip_pipe_v3_0_3_viv__parameterized7_116
INFO: [VRFC 10-311] analyzing module div_gen_1_xbip_pipe_v3_0_3_viv__parameterized7_121
INFO: [VRFC 10-311] analyzing module div_gen_1_xbip_pipe_v3_0_3_viv__parameterized7_126
INFO: [VRFC 10-311] analyzing module div_gen_1_xbip_pipe_v3_0_3_viv__parameterized7_131
INFO: [VRFC 10-311] analyzing module div_gen_1_xbip_pipe_v3_0_3_viv__parameterized7_136
INFO: [VRFC 10-311] analyzing module div_gen_1_xbip_pipe_v3_0_3_viv__parameterized7_141
INFO: [VRFC 10-311] analyzing module div_gen_1_xbip_pipe_v3_0_3_viv__parameterized7_146
INFO: [VRFC 10-311] analyzing module div_gen_1_xbip_pipe_v3_0_3_viv__parameterized7_151
INFO: [VRFC 10-311] analyzing module div_gen_1_xbip_pipe_v3_0_3_viv__parameterized7_156
INFO: [VRFC 10-311] analyzing module div_gen_1_xbip_pipe_v3_0_3_viv__parameterized7_161
INFO: [VRFC 10-311] analyzing module div_gen_1_xbip_pipe_v3_0_3_viv__parameterized7_166
INFO: [VRFC 10-311] analyzing module div_gen_1_xbip_pipe_v3_0_3_viv__parameterized7_171
INFO: [VRFC 10-311] analyzing module div_gen_1_xbip_pipe_v3_0_3_viv__parameterized7_176
INFO: [VRFC 10-311] analyzing module div_gen_1_xbip_pipe_v3_0_3_viv__parameterized7_181
INFO: [VRFC 10-311] analyzing module div_gen_1_xbip_pipe_v3_0_3_viv__parameterized7_186
INFO: [VRFC 10-311] analyzing module div_gen_1_xbip_pipe_v3_0_3_viv__parameterized7_191
INFO: [VRFC 10-311] analyzing module div_gen_1_xbip_pipe_v3_0_3_viv__parameterized7_196
INFO: [VRFC 10-311] analyzing module div_gen_1_xbip_pipe_v3_0_3_viv__parameterized7_201
INFO: [VRFC 10-311] analyzing module div_gen_1_xbip_pipe_v3_0_3_viv__parameterized7_206
INFO: [VRFC 10-311] analyzing module div_gen_1_xbip_pipe_v3_0_3_viv__parameterized7_211
INFO: [VRFC 10-311] analyzing module div_gen_1_xbip_pipe_v3_0_3_viv__parameterized7_216
INFO: [VRFC 10-311] analyzing module div_gen_1_xbip_pipe_v3_0_3_viv__parameterized7_221
INFO: [VRFC 10-311] analyzing module div_gen_1_xbip_pipe_v3_0_3_viv__parameterized7_71
INFO: [VRFC 10-311] analyzing module div_gen_1_xbip_pipe_v3_0_3_viv__parameterized7_76
INFO: [VRFC 10-311] analyzing module div_gen_1_xbip_pipe_v3_0_3_viv__parameterized7_81
INFO: [VRFC 10-311] analyzing module div_gen_1_xbip_pipe_v3_0_3_viv__parameterized7_86
INFO: [VRFC 10-311] analyzing module div_gen_1_xbip_pipe_v3_0_3_viv__parameterized7_91
INFO: [VRFC 10-311] analyzing module div_gen_1_xbip_pipe_v3_0_3_viv__parameterized7_96
INFO: [VRFC 10-311] analyzing module div_gen_1_xbip_pipe_v3_0_3_viv__parameterized81
INFO: [VRFC 10-311] analyzing module div_gen_1_xbip_pipe_v3_0_3_viv__parameterized83
INFO: [VRFC 10-311] analyzing module div_gen_1_xbip_pipe_v3_0_3_viv__parameterized85
INFO: [VRFC 10-311] analyzing module div_gen_1_xbip_pipe_v3_0_3_viv__parameterized87
INFO: [VRFC 10-311] analyzing module div_gen_1_xbip_pipe_v3_0_3_viv__parameterized89
INFO: [VRFC 10-311] analyzing module div_gen_1_xbip_pipe_v3_0_3_viv__parameterized9
INFO: [VRFC 10-311] analyzing module div_gen_1_xbip_pipe_v3_0_3_viv__parameterized91
INFO: [VRFC 10-311] analyzing module div_gen_1_xbip_pipe_v3_0_3_viv__parameterized93
INFO: [VRFC 10-311] analyzing module div_gen_1_xbip_pipe_v3_0_3_viv__parameterized95
INFO: [VRFC 10-311] analyzing module div_gen_1_xbip_pipe_v3_0_3_viv__parameterized97
INFO: [VRFC 10-311] analyzing module div_gen_1_xbip_pipe_v3_0_3_viv__parameterized99
INFO: [VRFC 10-311] analyzing module mult_gen_0_delay_line__parameterized2
INFO: [VRFC 10-311] analyzing module mult_gen_0_delay_line__parameterized2_0
INFO: [VRFC 10-311] analyzing module mult_gen_0_dsp
INFO: [VRFC 10-311] analyzing module mult_gen_0_mult_gen_v12_0_12_viv
INFO: [VRFC 10-311] analyzing module mult_gen_1_delay_line__parameterized2
INFO: [VRFC 10-311] analyzing module mult_gen_1_delay_line__parameterized2_0
INFO: [VRFC 10-311] analyzing module mult_gen_1_dsp
INFO: [VRFC 10-311] analyzing module mult_gen_1_mult_gen_v12_0_12_viv
INFO: [VRFC 10-311] analyzing module glbl
INFO: [VRFC 10-2263] Analyzing Verilog file "D:/verilog/myproject/myproject/myproject.srcs/sim_1/new/cpu_tb.v" into library xil_defaultlib
INFO: [VRFC 10-311] analyzing module cpu_tb
