Unable to capture context for thread 14204 in process 15800, can not generate back trace
Unable to capture context for thread 15840 in process 15800, can not generate back trace
Unable to capture context for thread 17564 in process 15800, can not generate back trace
Unable to capture context for thread 14204 in process 15800, can not generate back trace
Unable to capture context for thread 15840 in process 15800, can not generate back trace
Unable to capture context for thread 17564 in process 15800, can not generate back trace
Exception at PC 0x00007FFDC7E53C58
Exception at PC 0x00007FFD67B7BB93
Printing stacktrace...

Unable to capture context for thread 16284 in process 15800, can not generate back trace
Exception at PC 0x00007FFDC7E53C58
Exception at PC 0x00007FFDC7E53C58
Exception at PC 0x00007FFDC7E53C58
Exception at PC 0x00007FFDC7E53C58
Exception at PC 0x00007FFDC7E53C58
Exception at PC 0x00007FFDC7E53C58
Exception at PC 0x00007FFDC7E53C58
Exception at PC 0x00007FFDC7E53C58
Exception at PC 0x00007FFDC7E53C58
Exception at PC 0x00007FFDC7E53C58
Exception at PC 0x00007FFDC7E53C58
Exception at PC 0x00007FFDC7E53C58
Exception at PC 0x00007FFDC7E53C58
Exception at PC 0x00007FFDC7E53C58
Exception at PC 0x00007FFDC7E53C58
Exception at PC 0x00007FFDC7E53C58
Exception at PC 0x00007FFDC7E53C58
[0]  [0x00007FFD67B7BB93]
[1]  [0x00007FFD67B7BB93]
[2]  [0x00007FFD67B7B4A1]
[3]  [0x00007FFD67B7B3EF]
[4]  [0x00007FFD67B619FE]
[5]  [0x00007FFD67B60ED1]
[6]  [0x00007FFD67B60D76]
[7]  [0x00007FFD67B079F6]
[8]  [0x00007FFD67AF7AFB]
[9]  [0x00007FFD67C1E90A]
[10]  [0x00007FFD67C39F87]
[11]  [0x00007FFD67C3A05F]
[12] (BaseThreadInitThunk+0x14) [0x00007FFDCB878364]
[13] (RtlUserThreadStart+0x21) [0x00007FFDCB987091]
Done
Exception at PC 0x00007FFD67881A52
Attemped to write at address 0x00007FFD91209BA4
Printing stacktrace...

[0]  [0x00007FFD67881A52]
[1]  [0x00007FFD67881A52]
[2]  [0x00007FFD67881AD4]
[3]  [0x00007FFD679C3FF7]
[4]  [0x00007FFD678A9128]
[5]  [0x00007FFD67B5DFB9]
[6]  [0x00007FFD67D2EF23]
[7]  [0x00007FFD67C3B06B]
[8]  [0x00007FFD67C308AF]
[9]  [0x00007FFD67C30A32]
[10] (RtlDeactivateActivationContextUnsafeFast+0x1bf) [0x00007FFDCB94A37F]
[11] (LdrShutdownProcess+0x14b) [0x00007FFDCB92806B]
[12] (RtlExitUserProcess+0xb4) [0x00007FFDCB927D94]
[13] (ExitProcess+0xa) [0x00007FFDCB88CE6A]
[14] (exit+0x85) [0x00007FFDC9E6A4A5]
[15] (initterm_e+0x231) [0x00007FFDC9E6AB01]
[16]  [0x00000000004014CD]
[17]  [0x000000000040151B]
[18] (BaseThreadInitThunk+0x14) [0x00007FFDCB878364]
[19] (RtlUserThreadStart+0x21) [0x00007FFDCB987091]
Done
